WARNING: TEST_DATABASE_URL not set, using in-memory SQLite
WARNING: SYNC_TEST_DATABASE_URL not set, using in-memory SQLite
[OK] TESTING environment configured at module level
[1m============================= test session starts =============================[0m
[1mcollecting ... [0mWarning: You are sending unauthenticated requests to the HF Hub. Please set a HF_TOKEN to enable higher rate limits and faster downloads.
Loading weights:   0%|          | 0/199 [00:00<?, ?it/s]Loading weights:   1%|          | 1/199 [00:00<00:00, 8405.42it/s, Materializing param=embeddings.LayerNorm.bias]Loading weights:   1%|          | 1/199 [00:00<00:00, 2050.00it/s, Materializing param=embeddings.LayerNorm.bias]Loading weights:   1%|          | 2/199 [00:00<00:00, 1847.71it/s, Materializing param=embeddings.LayerNorm.weight]Loading weights:   1%|          | 2/199 [00:00<00:00, 1387.46it/s, Materializing param=embeddings.LayerNorm.weight]Loading weights:   2%|▏         | 3/199 [00:00<00:00, 1035.55it/s, Materializing param=embeddings.position_embeddings.weight]Loading weights:   2%|▏         | 3/199 [00:00<00:00, 934.28it/s, Materializing param=embeddings.position_embeddings.weight] Loading weights:   2%|▏         | 4/199 [00:00<00:00, 1056.30it/s, Materializing param=embeddings.token_type_embeddings.weight]Loading weights:   2%|▏         | 4/199 [00:00<00:00, 842.53it/s, Materializing param=embeddings.token_type_embeddings.weight] Loading weights:   3%|▎         | 5/199 [00:00<00:00, 981.67it/s, Materializing param=embeddings.word_embeddings.weight]      Loading weights:   3%|▎         | 5/199 [00:00<00:00, 858.43it/s, Materializing param=embeddings.word_embeddings.weight]Loading weights:   3%|▎         | 6/199 [00:00<00:00, 935.32it/s, Materializing param=encoder.layer.0.attention.output.LayerNorm.bias]Loading weights:   3%|▎         | 6/199 [00:00<00:00, 865.79it/s, Materializing param=encoder.layer.0.attention.output.LayerNorm.bias]Loading weights:   4%|▎         | 7/199 [00:00<00:00, 967.10it/s, Materializing param=encoder.layer.0.attention.output.LayerNorm.weight]Loading weights:   4%|▎         | 7/199 [00:00<00:00, 935.24it/s, Materializing param=encoder.layer.0.attention.output.LayerNorm.weight]Loading weights:   4%|▍         | 8/199 [00:00<00:00, 1005.44it/s, Materializing param=encoder.layer.0.attention.output.dense.bias]     Loading weights:   4%|▍         | 8/199 [00:00<00:00, 978.29it/s, Materializing param=encoder.layer.0.attention.output.dense.bias] Loading weights:   5%|▍         | 9/199 [00:00<00:00, 1041.23it/s, Materializing param=encoder.layer.0.attention.output.dense.weight]Loading weights:   5%|▍         | 9/199 [00:00<00:00, 1023.92it/s, Materializing param=encoder.layer.0.attention.output.dense.weight]Loading weights:   5%|▌         | 10/199 [00:00<00:00, 1108.14it/s, Materializing param=encoder.layer.0.attention.self.key.bias]     Loading weights:   5%|▌         | 10/199 [00:00<00:00, 1075.60it/s, Materializing param=encoder.layer.0.attention.self.key.bias]Loading weights:   6%|▌         | 11/199 [00:00<00:00, 1151.13it/s, Materializing param=encoder.layer.0.attention.self.key.weight]Loading weights:   6%|▌         | 11/199 [00:00<00:00, 1124.59it/s, Materializing param=encoder.layer.0.attention.self.key.weight]Loading weights:   6%|▌         | 12/199 [00:00<00:00, 1174.93it/s, Materializing param=encoder.layer.0.attention.self.query.bias]Loading weights:   6%|▌         | 12/199 [00:00<00:00, 1146.74it/s, Materializing param=encoder.layer.0.attention.self.query.bias]Loading weights:   7%|▋         | 13/199 [00:00<00:00, 1169.31it/s, Materializing param=encoder.layer.0.attention.self.query.weight]Loading weights:   7%|▋         | 13/199 [00:00<00:00, 1154.77it/s, Materializing param=encoder.layer.0.attention.self.query.weight]Loading weights:   7%|▋         | 14/199 [00:00<00:00, 1197.27it/s, Materializing param=encoder.layer.0.attention.self.value.bias]  Loading weights:   7%|▋         | 14/199 [00:00<00:00, 1182.35it/s, Materializing param=encoder.layer.0.attention.self.value.bias]Loading weights:   8%|▊         | 15/199 [00:00<00:00, 1155.92it/s, Materializing param=encoder.layer.0.attention.self.value.weight]Loading weights:   8%|▊         | 15/199 [00:00<00:00, 1142.30it/s, Materializing param=encoder.layer.0.attention.self.value.weight]Loading weights:   8%|▊         | 16/199 [00:00<00:00, 1142.22it/s, Materializing param=encoder.layer.0.intermediate.dense.bias]    Loading weights:   8%|▊         | 16/199 [00:00<00:00, 1117.88it/s, Materializing param=encoder.layer.0.intermediate.dense.bias]Loading weights:   9%|▊         | 17/199 [00:00<00:00, 1152.00it/s, Materializing param=encoder.layer.0.intermediate.dense.weight]Loading weights:   9%|▊         | 17/199 [00:00<00:00, 1137.94it/s, Materializing param=encoder.layer.0.intermediate.dense.weight]Loading weights:   9%|▉         | 18/199 [00:00<00:00, 1163.83it/s, Materializing param=encoder.layer.0.output.LayerNorm.bias]    Loading weights:   9%|▉         | 18/199 [00:00<00:00, 1155.21it/s, Materializing param=encoder.layer.0.output.LayerNorm.bias]Loading weights:  10%|▉         | 19/199 [00:00<00:00, 1191.46it/s, Materializing param=encoder.layer.0.output.LayerNorm.weight]Loading weights:  10%|▉         | 19/199 [00:00<00:00, 1184.00it/s, Materializing param=encoder.layer.0.output.LayerNorm.weight]Loading weights:  10%|█         | 20/199 [00:00<00:00, 1208.02it/s, Materializing param=encoder.layer.0.output.dense.bias]      Loading weights:  10%|█         | 20/199 [00:00<00:00, 1199.40it/s, Materializing param=encoder.layer.0.output.dense.bias]Loading weights:  11%|█         | 21/199 [00:00<00:00, 1229.54it/s, Materializing param=encoder.layer.0.output.dense.weight]Loading weights:  11%|█         | 21/199 [00:00<00:00, 1221.18it/s, Materializing param=encoder.layer.0.output.dense.weight]Loading weights:  11%|█         | 22/199 [00:00<00:00, 1249.64it/s, Materializing param=encoder.layer.1.attention.output.LayerNorm.bias]Loading weights:  11%|█         | 22/199 [00:00<00:00, 1226.86it/s, Materializing param=encoder.layer.1.attention.output.LayerNorm.bias]Loading weights:  12%|█▏        | 23/199 [00:00<00:00, 1257.96it/s, Materializing param=encoder.layer.1.attention.output.LayerNorm.weight]Loading weights:  12%|█▏        | 23/199 [00:00<00:00, 1234.82it/s, Materializing param=encoder.layer.1.attention.output.LayerNorm.weight]Loading weights:  12%|█▏        | 24/199 [00:00<00:00, 1240.84it/s, Materializing param=encoder.layer.1.attention.output.dense.bias]      Loading weights:  12%|█▏        | 24/199 [00:00<00:00, 1228.97it/s, Materializing param=encoder.layer.1.attention.output.dense.bias]Loading weights:  13%|█▎        | 25/199 [00:00<00:00, 1262.52it/s, Materializing param=encoder.layer.1.attention.output.dense.weight]Loading weights:  13%|█▎        | 25/199 [00:00<00:00, 1244.07it/s, Materializing param=encoder.layer.1.attention.output.dense.weight]Loading weights:  13%|█▎        | 26/199 [00:00<00:00, 1238.68it/s, Materializing param=encoder.layer.1.attention.self.key.bias]      Loading weights:  13%|█▎        | 26/199 [00:00<00:00, 1229.95it/s, Materializing param=encoder.layer.1.attention.self.key.bias]Loading weights:  14%|█▎        | 27/199 [00:00<00:00, 1261.39it/s, Materializing param=encoder.layer.1.attention.self.key.weight]Loading weights:  14%|█▎        | 27/199 [00:00<00:00, 1255.54it/s, Materializing param=encoder.layer.1.attention.self.key.weight]Loading weights:  14%|█▍        | 28/199 [00:00<00:00, 1256.24it/s, Materializing param=encoder.layer.1.attention.self.query.bias]Loading weights:  14%|█▍        | 28/199 [00:00<00:00, 1241.81it/s, Materializing param=encoder.layer.1.attention.self.query.bias]Loading weights:  15%|█▍        | 29/199 [00:00<00:00, 1254.92it/s, Materializing param=encoder.layer.1.attention.self.query.weight]Loading weights:  15%|█▍        | 29/199 [00:00<00:00, 1236.24it/s, Materializing param=encoder.layer.1.attention.self.query.weight]Loading weights:  15%|█▌        | 30/199 [00:00<00:00, 1234.66it/s, Materializing param=encoder.layer.1.attention.self.value.bias]  Loading weights:  15%|█▌        | 30/199 [00:00<00:00, 1212.68it/s, Materializing param=encoder.layer.1.attention.self.value.bias]Loading weights:  16%|█▌        | 31/199 [00:00<00:00, 1195.58it/s, Materializing param=encoder.layer.1.attention.self.value.weight]Loading weights:  16%|█▌        | 31/199 [00:00<00:00, 1188.27it/s, Materializing param=encoder.layer.1.attention.self.value.weight]Loading weights:  16%|█▌        | 32/199 [00:00<00:00, 1214.54it/s, Materializing param=encoder.layer.1.intermediate.dense.bias]    Loading weights:  16%|█▌        | 32/199 [00:00<00:00, 1199.16it/s, Materializing param=encoder.layer.1.intermediate.dense.bias]Loading weights:  17%|█▋        | 33/199 [00:00<00:00, 1184.91it/s, Materializing param=encoder.layer.1.intermediate.dense.weight]Loading weights:  17%|█▋        | 33/199 [00:00<00:00, 1172.71it/s, Materializing param=encoder.layer.1.intermediate.dense.weight]Loading weights:  17%|█▋        | 34/199 [00:00<00:00, 1194.78it/s, Materializing param=encoder.layer.1.output.LayerNorm.bias]    Loading weights:  17%|█▋        | 34/199 [00:00<00:00, 1181.80it/s, Materializing param=encoder.layer.1.output.LayerNorm.bias]Loading weights:  18%|█▊        | 35/199 [00:00<00:00, 1176.19it/s, Materializing param=encoder.layer.1.output.LayerNorm.weight]Loading weights:  18%|█▊        | 35/199 [00:00<00:00, 1171.25it/s, Materializing param=encoder.layer.1.output.LayerNorm.weight]Loading weights:  18%|█▊        | 36/199 [00:00<00:00, 1186.91it/s, Materializing param=encoder.layer.1.output.dense.bias]      Loading weights:  18%|█▊        | 36/199 [00:00<00:00, 1168.54it/s, Materializing param=encoder.layer.1.output.dense.bias]Loading weights:  19%|█▊        | 37/199 [00:00<00:00, 1185.49it/s, Materializing param=encoder.layer.1.output.dense.weight]Loading weights:  19%|█▊        | 37/199 [00:00<00:00, 1174.39it/s, Materializing param=encoder.layer.1.output.dense.weight]Loading weights:  19%|█▉        | 38/199 [00:00<00:00, 1153.49it/s, Materializing param=encoder.layer.2.attention.output.LayerNorm.bias]Loading weights:  19%|█▉        | 38/199 [00:00<00:00, 1149.59it/s, Materializing param=encoder.layer.2.attention.output.LayerNorm.bias]Loading weights:  20%|█▉        | 39/199 [00:00<00:00, 1144.74it/s, Materializing param=encoder.layer.2.attention.output.LayerNorm.weight]Loading weights:  20%|█▉        | 39/199 [00:00<00:00, 1132.65it/s, Materializing param=encoder.layer.2.attention.output.LayerNorm.weight]Loading weights:  20%|██        | 40/199 [00:00<00:00, 1112.67it/s, Materializing param=encoder.layer.2.attention.output.dense.bias]      Loading weights:  20%|██        | 40/199 [00:00<00:00, 1105.58it/s, Materializing param=encoder.layer.2.attention.output.dense.bias]Loading weights:  21%|██        | 41/199 [00:00<00:00, 1125.30it/s, Materializing param=encoder.layer.2.attention.output.dense.weight]Loading weights:  21%|██        | 41/199 [00:00<00:00, 1119.70it/s, Materializing param=encoder.layer.2.attention.output.dense.weight]Loading weights:  21%|██        | 42/199 [00:00<00:00, 1132.38it/s, Materializing param=encoder.layer.2.attention.self.key.bias]      Loading weights:  21%|██        | 42/199 [00:00<00:00, 1129.01it/s, Materializing param=encoder.layer.2.attention.self.key.bias]Loading weights:  22%|██▏       | 43/199 [00:00<00:00, 1148.28it/s, Materializing param=encoder.layer.2.attention.self.key.weight]Loading weights:  22%|██▏       | 43/199 [00:00<00:00, 1145.58it/s, Materializing param=encoder.layer.2.attention.self.key.weight]Loading weights:  22%|██▏       | 44/199 [00:00<00:00, 1165.96it/s, Materializing param=encoder.layer.2.attention.self.query.bias]Loading weights:  22%|██▏       | 44/199 [00:00<00:00, 1162.96it/s, Materializing param=encoder.layer.2.attention.self.query.bias]Loading weights:  23%|██▎       | 45/199 [00:00<00:00, 1172.44it/s, Materializing param=encoder.layer.2.attention.self.query.weight]Loading weights:  23%|██▎       | 45/199 [00:00<00:00, 1162.77it/s, Materializing param=encoder.layer.2.attention.self.query.weight]Loading weights:  23%|██▎       | 46/199 [00:00<00:00, 1174.80it/s, Materializing param=encoder.layer.2.attention.self.value.bias]  Loading weights:  23%|██▎       | 46/199 [00:00<00:00, 1162.38it/s, Materializing param=encoder.layer.2.attention.self.value.bias]Loading weights:  24%|██▎       | 47/199 [00:00<00:00, 1180.12it/s, Materializing param=encoder.layer.2.attention.self.value.weight]Loading weights:  24%|██▎       | 47/199 [00:00<00:00, 1172.74it/s, Materializing param=encoder.layer.2.attention.self.value.weight]Loading weights:  24%|██▍       | 48/199 [00:00<00:00, 1189.73it/s, Materializing param=encoder.layer.2.intermediate.dense.bias]    Loading weights:  24%|██▍       | 48/199 [00:00<00:00, 1175.33it/s, Materializing param=encoder.layer.2.intermediate.dense.bias]Loading weights:  25%|██▍       | 49/199 [00:00<00:00, 1188.24it/s, Materializing param=encoder.layer.2.intermediate.dense.weight]Loading weights:  25%|██▍       | 49/199 [00:00<00:00, 1179.53it/s, Materializing param=encoder.layer.2.intermediate.dense.weight]Loading weights:  25%|██▌       | 50/199 [00:00<00:00, 1193.90it/s, Materializing param=encoder.layer.2.output.LayerNorm.bias]    Loading weights:  25%|██▌       | 50/199 [00:00<00:00, 1191.38it/s, Materializing param=encoder.layer.2.output.LayerNorm.bias]Loading weights:  26%|██▌       | 51/199 [00:00<00:00, 1198.02it/s, Materializing param=encoder.layer.2.output.LayerNorm.weight]Loading weights:  26%|██▌       | 51/199 [00:00<00:00, 1193.66it/s, Materializing param=encoder.layer.2.output.LayerNorm.weight]Loading weights:  26%|██▌       | 52/199 [00:00<00:00, 1208.45it/s, Materializing param=encoder.layer.2.output.dense.bias]      Loading weights:  26%|██▌       | 52/199 [00:00<00:00, 1201.03it/s, Materializing param=encoder.layer.2.output.dense.bias]Loading weights:  27%|██▋       | 53/199 [00:00<00:00, 1213.49it/s, Materializing param=encoder.layer.2.output.dense.weight]Loading weights:  27%|██▋       | 53/199 [00:00<00:00, 1209.02it/s, Materializing param=encoder.layer.2.output.dense.weight]Loading weights:  27%|██▋       | 54/199 [00:00<00:00, 1215.86it/s, Materializing param=encoder.layer.3.attention.output.LayerNorm.bias]Loading weights:  27%|██▋       | 54/199 [00:00<00:00, 1209.64it/s, Materializing param=encoder.layer.3.attention.output.LayerNorm.bias]Loading weights:  28%|██▊       | 55/199 [00:00<00:00, 1198.08it/s, Materializing param=encoder.layer.3.attention.output.LayerNorm.weight]Loading weights:  28%|██▊       | 55/199 [00:00<00:00, 1194.31it/s, Materializing param=encoder.layer.3.attention.output.LayerNorm.weight]Loading weights:  28%|██▊       | 56/199 [00:00<00:00, 1200.57it/s, Materializing param=encoder.layer.3.attention.output.dense.bias]      Loading weights:  28%|██▊       | 56/199 [00:00<00:00, 1193.20it/s, Materializing param=encoder.layer.3.attention.output.dense.bias]Loading weights:  29%|██▊       | 57/199 [00:00<00:00, 1197.58it/s, Materializing param=encoder.layer.3.attention.output.dense.weight]Loading weights:  29%|██▊       | 57/199 [00:00<00:00, 1194.02it/s, Materializing param=encoder.layer.3.attention.output.dense.weight]Loading weights:  29%|██▉       | 58/199 [00:00<00:00, 1206.90it/s, Materializing param=encoder.layer.3.attention.self.key.bias]      Loading weights:  29%|██▉       | 58/199 [00:00<00:00, 1198.66it/s, Materializing param=encoder.layer.3.attention.self.key.bias]Loading weights:  30%|██▉       | 59/199 [00:00<00:00, 1202.33it/s, Materializing param=encoder.layer.3.attention.self.key.weight]Loading weights:  30%|██▉       | 59/199 [00:00<00:00, 1196.10it/s, Materializing param=encoder.layer.3.attention.self.key.weight]Loading weights:  30%|███       | 60/199 [00:00<00:00, 1198.64it/s, Materializing param=encoder.layer.3.attention.self.query.bias]Loading weights:  30%|███       | 60/199 [00:00<00:00, 1193.05it/s, Materializing param=encoder.layer.3.attention.self.query.bias]Loading weights:  31%|███       | 61/199 [00:00<00:00, 1205.49it/s, Materializing param=encoder.layer.3.attention.self.query.weight]Loading weights:  31%|███       | 61/199 [00:00<00:00, 1202.15it/s, Materializing param=encoder.layer.3.attention.self.query.weight]Loading weights:  31%|███       | 62/199 [00:00<00:00, 1205.28it/s, Materializing param=encoder.layer.3.attention.self.value.bias]  Loading weights:  31%|███       | 62/199 [00:00<00:00, 1202.82it/s, Materializing param=encoder.layer.3.attention.self.value.bias]Loading weights:  32%|███▏      | 63/199 [00:00<00:00, 1208.73it/s, Materializing param=encoder.layer.3.attention.self.value.weight]Loading weights:  32%|███▏      | 63/199 [00:00<00:00, 1205.02it/s, Materializing param=encoder.layer.3.attention.self.value.weight]Loading weights:  32%|███▏      | 64/199 [00:00<00:00, 1206.04it/s, Materializing param=encoder.layer.3.intermediate.dense.bias]    Loading weights:  32%|███▏      | 64/199 [00:00<00:00, 1198.83it/s, Materializing param=encoder.layer.3.intermediate.dense.bias]Loading weights:  33%|███▎      | 65/199 [00:00<00:00, 1206.05it/s, Materializing param=encoder.layer.3.intermediate.dense.weight]Loading weights:  33%|███▎      | 65/199 [00:00<00:00, 1200.58it/s, Materializing param=encoder.layer.3.intermediate.dense.weight]Loading weights:  33%|███▎      | 66/199 [00:00<00:00, 1203.64it/s, Materializing param=encoder.layer.3.output.LayerNorm.bias]    Loading weights:  33%|███▎      | 66/199 [00:00<00:00, 1198.13it/s, Materializing param=encoder.layer.3.output.LayerNorm.bias]Loading weights:  34%|███▎      | 67/199 [00:00<00:00, 1207.27it/s, Materializing param=encoder.layer.3.output.LayerNorm.weight]Loading weights:  34%|███▎      | 67/199 [00:00<00:00, 1201.85it/s, Materializing param=encoder.layer.3.output.LayerNorm.weight]Loading weights:  34%|███▍      | 68/199 [00:00<00:00, 1210.52it/s, Materializing param=encoder.layer.3.output.dense.bias]      Loading weights:  34%|███▍      | 68/199 [00:00<00:00, 1205.43it/s, Materializing param=encoder.layer.3.output.dense.bias]Loading weights:  35%|███▍      | 69/199 [00:00<00:00, 1208.98it/s, Materializing param=encoder.layer.3.output.dense.weight]Loading weights:  35%|███▍      | 69/199 [00:00<00:00, 1205.83it/s, Materializing param=encoder.layer.3.output.dense.weight]Loading weights:  35%|███▌      | 70/199 [00:00<00:00, 1214.69it/s, Materializing param=encoder.layer.4.attention.output.LayerNorm.bias]Loading weights:  35%|███▌      | 70/199 [00:00<00:00, 1210.48it/s, Materializing param=encoder.layer.4.attention.output.LayerNorm.bias]Loading weights:  36%|███▌      | 71/199 [00:00<00:00, 1218.54it/s, Materializing param=encoder.layer.4.attention.output.LayerNorm.weight]Loading weights:  36%|███▌      | 71/199 [00:00<00:00, 1213.81it/s, Materializing param=encoder.layer.4.attention.output.LayerNorm.weight]Loading weights:  36%|███▌      | 72/199 [00:00<00:00, 1223.19it/s, Materializing param=encoder.layer.4.attention.output.dense.bias]      Loading weights:  36%|███▌      | 72/199 [00:00<00:00, 1220.40it/s, Materializing param=encoder.layer.4.attention.output.dense.bias]Loading weights:  37%|███▋      | 73/199 [00:00<00:00, 1232.94it/s, Materializing param=encoder.layer.4.attention.output.dense.weight]Loading weights:  37%|███▋      | 73/199 [00:00<00:00, 1230.71it/s, Materializing param=encoder.layer.4.attention.output.dense.weight]Loading weights:  37%|███▋      | 74/199 [00:00<00:00, 1243.31it/s, Materializing param=encoder.layer.4.attention.self.key.bias]      Loading weights:  37%|███▋      | 74/199 [00:00<00:00, 1241.23it/s, Materializing param=encoder.layer.4.attention.self.key.bias]Loading weights:  38%|███▊      | 75/199 [00:00<00:00, 1253.89it/s, Materializing param=encoder.layer.4.attention.self.key.weight]Loading weights:  38%|███▊      | 75/199 [00:00<00:00, 1251.69it/s, Materializing param=encoder.layer.4.attention.self.key.weight]Loading weights:  38%|███▊      | 76/199 [00:00<00:00, 1264.17it/s, Materializing param=encoder.layer.4.attention.self.query.bias]Loading weights:  38%|███▊      | 76/199 [00:00<00:00, 1262.28it/s, Materializing param=encoder.layer.4.attention.self.query.bias]Loading weights:  39%|███▊      | 77/199 [00:00<00:00, 1274.91it/s, Materializing param=encoder.layer.4.attention.self.query.weight]Loading weights:  39%|███▊      | 77/199 [00:00<00:00, 1272.26it/s, Materializing param=encoder.layer.4.attention.self.query.weight]Loading weights:  39%|███▉      | 78/199 [00:00<00:00, 1284.63it/s, Materializing param=encoder.layer.4.attention.self.value.bias]  Loading weights:  39%|███▉      | 78/199 [00:00<00:00, 1282.83it/s, Materializing param=encoder.layer.4.attention.self.value.bias]Loading weights:  40%|███▉      | 79/199 [00:00<00:00, 1294.99it/s, Materializing param=encoder.layer.4.attention.self.value.weight]Loading weights:  40%|███▉      | 79/199 [00:00<00:00, 1293.01it/s, Materializing param=encoder.layer.4.attention.self.value.weight]Loading weights:  40%|████      | 80/199 [00:00<00:00, 1305.42it/s, Materializing param=encoder.layer.4.intermediate.dense.bias]    Loading weights:  40%|████      | 80/199 [00:00<00:00, 1303.33it/s, Materializing param=encoder.layer.4.intermediate.dense.bias]Loading weights:  41%|████      | 81/199 [00:00<00:00, 1316.07it/s, Materializing param=encoder.layer.4.intermediate.dense.weight]Loading weights:  41%|████      | 81/199 [00:00<00:00, 1314.45it/s, Materializing param=encoder.layer.4.intermediate.dense.weight]Loading weights:  41%|████      | 82/199 [00:00<00:00, 1327.41it/s, Materializing param=encoder.layer.4.output.LayerNorm.bias]    Loading weights:  41%|████      | 82/199 [00:00<00:00, 1325.70it/s, Materializing param=encoder.layer.4.output.LayerNorm.bias]Loading weights:  42%|████▏     | 83/199 [00:00<00:00, 1338.45it/s, Materializing param=encoder.layer.4.output.LayerNorm.weight]Loading weights:  42%|████▏     | 83/199 [00:00<00:00, 1336.43it/s, Materializing param=encoder.layer.4.output.LayerNorm.weight]Loading weights:  42%|████▏     | 84/199 [00:00<00:00, 1349.36it/s, Materializing param=encoder.layer.4.output.dense.bias]      Loading weights:  42%|████▏     | 84/199 [00:00<00:00, 1347.36it/s, Materializing param=encoder.layer.4.output.dense.bias]Loading weights:  43%|████▎     | 85/199 [00:00<00:00, 1359.93it/s, Materializing param=encoder.layer.4.output.dense.weight]Loading weights:  43%|████▎     | 85/199 [00:00<00:00, 1357.76it/s, Materializing param=encoder.layer.4.output.dense.weight]Loading weights:  43%|████▎     | 86/199 [00:00<00:00, 1370.12it/s, Materializing param=encoder.layer.5.attention.output.LayerNorm.bias]Loading weights:  43%|████▎     | 86/199 [00:00<00:00, 1368.65it/s, Materializing param=encoder.layer.5.attention.output.LayerNorm.bias]Loading weights:  44%|████▎     | 87/199 [00:00<00:00, 1382.05it/s, Materializing param=encoder.layer.5.attention.output.LayerNorm.weight]Loading weights:  44%|████▎     | 87/199 [00:00<00:00, 1380.77it/s, Materializing param=encoder.layer.5.attention.output.LayerNorm.weight]Loading weights:  44%|████▍     | 88/199 [00:00<00:00, 1394.22it/s, Materializing param=encoder.layer.5.attention.output.dense.bias]      Loading weights:  44%|████▍     | 88/199 [00:00<00:00, 1392.95it/s, Materializing param=encoder.layer.5.attention.output.dense.bias]Loading weights:  45%|████▍     | 89/199 [00:00<00:00, 1406.54it/s, Materializing param=encoder.layer.5.attention.output.dense.weight]Loading weights:  45%|████▍     | 89/199 [00:00<00:00, 1405.15it/s, Materializing param=encoder.layer.5.attention.output.dense.weight]Loading weights:  45%|████▌     | 90/199 [00:00<00:00, 1418.61it/s, Materializing param=encoder.layer.5.attention.self.key.bias]      Loading weights:  45%|████▌     | 90/199 [00:00<00:00, 1417.33it/s, Materializing param=encoder.layer.5.attention.self.key.bias]Loading weights:  46%|████▌     | 91/199 [00:00<00:00, 1430.65it/s, Materializing param=encoder.layer.5.attention.self.key.weight]Loading weights:  46%|████▌     | 91/199 [00:00<00:00, 1429.36it/s, Materializing param=encoder.layer.5.attention.self.key.weight]Loading weights:  46%|████▌     | 92/199 [00:00<00:00, 1442.48it/s, Materializing param=encoder.layer.5.attention.self.query.bias]Loading weights:  46%|████▌     | 92/199 [00:00<00:00, 1441.22it/s, Materializing param=encoder.layer.5.attention.self.query.bias]Loading weights:  47%|████▋     | 93/199 [00:00<00:00, 1454.67it/s, Materializing param=encoder.layer.5.attention.self.query.weight]Loading weights:  47%|████▋     | 93/199 [00:00<00:00, 1453.31it/s, Materializing param=encoder.layer.5.attention.self.query.weight]Loading weights:  47%|████▋     | 94/199 [00:00<00:00, 1466.69it/s, Materializing param=encoder.layer.5.attention.self.value.bias]  Loading weights:  47%|████▋     | 94/199 [00:00<00:00, 1465.14it/s, Materializing param=encoder.layer.5.attention.self.value.bias]Loading weights:  48%|████▊     | 95/199 [00:00<00:00, 1478.47it/s, Materializing param=encoder.layer.5.attention.self.value.weight]Loading weights:  48%|████▊     | 95/199 [00:00<00:00, 1477.16it/s, Materializing param=encoder.layer.5.attention.self.value.weight]Loading weights:  48%|████▊     | 96/199 [00:00<00:00, 1490.42it/s, Materializing param=encoder.layer.5.intermediate.dense.bias]    Loading weights:  48%|████▊     | 96/199 [00:00<00:00, 1487.48it/s, Materializing param=encoder.layer.5.intermediate.dense.bias]Loading weights:  49%|████▊     | 97/199 [00:00<00:00, 1496.23it/s, Materializing param=encoder.layer.5.intermediate.dense.weight]Loading weights:  49%|████▊     | 97/199 [00:00<00:00, 1494.27it/s, Materializing param=encoder.layer.5.intermediate.dense.weight]Loading weights:  49%|████▉     | 98/199 [00:00<00:00, 1506.82it/s, Materializing param=encoder.layer.5.output.LayerNorm.bias]    Loading weights:  49%|████▉     | 98/199 [00:00<00:00, 1504.67it/s, Materializing param=encoder.layer.5.output.LayerNorm.bias]Loading weights:  50%|████▉     | 99/199 [00:00<00:00, 1517.20it/s, Materializing param=encoder.layer.5.output.LayerNorm.weight]Loading weights:  50%|████▉     | 99/199 [00:00<00:00, 1515.83it/s, Materializing param=encoder.layer.5.output.LayerNorm.weight]Loading weights:  50%|█████     | 100/199 [00:00<00:00, 1528.76it/s, Materializing param=encoder.layer.5.output.dense.bias]     Loading weights:  50%|█████     | 100/199 [00:00<00:00, 1527.43it/s, Materializing param=encoder.layer.5.output.dense.bias]Loading weights:  51%|█████     | 101/199 [00:00<00:00, 1540.45it/s, Materializing param=encoder.layer.5.output.dense.weight]Loading weights:  51%|█████     | 101/199 [00:00<00:00, 1539.14it/s, Materializing param=encoder.layer.5.output.dense.weight]Loading weights:  51%|█████▏    | 102/199 [00:00<00:00, 1552.14it/s, Materializing param=encoder.layer.6.attention.output.LayerNorm.bias]Loading weights:  51%|█████▏    | 102/199 [00:00<00:00, 1550.75it/s, Materializing param=encoder.layer.6.attention.output.LayerNorm.bias]Loading weights:  52%|█████▏    | 103/199 [00:00<00:00, 1563.45it/s, Materializing param=encoder.layer.6.attention.output.LayerNorm.weight]Loading weights:  52%|█████▏    | 103/199 [00:00<00:00, 1562.08it/s, Materializing param=encoder.layer.6.attention.output.LayerNorm.weight]Loading weights:  52%|█████▏    | 104/199 [00:00<00:00, 1574.70it/s, Materializing param=encoder.layer.6.attention.output.dense.bias]      Loading weights:  52%|█████▏    | 104/199 [00:00<00:00, 1571.79it/s, Materializing param=encoder.layer.6.attention.output.dense.bias]Loading weights:  53%|█████▎    | 105/199 [00:00<00:00, 1583.95it/s, Materializing param=encoder.layer.6.attention.output.dense.weight]Loading weights:  53%|█████▎    | 105/199 [00:00<00:00, 1581.81it/s, Materializing param=encoder.layer.6.attention.output.dense.weight]Loading weights:  53%|█████▎    | 106/199 [00:00<00:00, 1593.81it/s, Materializing param=encoder.layer.6.attention.self.key.bias]      Loading weights:  53%|█████▎    | 106/199 [00:00<00:00, 1590.97it/s, Materializing param=encoder.layer.6.attention.self.key.bias]Loading weights:  54%|█████▍    | 107/199 [00:00<00:00, 1601.95it/s, Materializing param=encoder.layer.6.attention.self.key.weight]Loading weights:  54%|█████▍    | 107/199 [00:00<00:00, 1598.35it/s, Materializing param=encoder.layer.6.attention.self.key.weight]Loading weights:  54%|█████▍    | 108/199 [00:00<00:00, 1608.78it/s, Materializing param=encoder.layer.6.attention.self.query.bias]Loading weights:  54%|█████▍    | 108/199 [00:00<00:00, 1606.32it/s, Materializing param=encoder.layer.6.attention.self.query.bias]Loading weights:  55%|█████▍    | 109/199 [00:00<00:00, 1616.44it/s, Materializing param=encoder.layer.6.attention.self.query.weight]Loading weights:  55%|█████▍    | 109/199 [00:00<00:00, 1614.03it/s, Materializing param=encoder.layer.6.attention.self.query.weight]Loading weights:  55%|█████▌    | 110/199 [00:00<00:00, 1624.34it/s, Materializing param=encoder.layer.6.attention.self.value.bias]  Loading weights:  55%|█████▌    | 110/199 [00:00<00:00, 1621.92it/s, Materializing param=encoder.layer.6.attention.self.value.bias]Loading weights:  56%|█████▌    | 111/199 [00:00<00:00, 1631.73it/s, Materializing param=encoder.layer.6.attention.self.value.weight]Loading weights:  56%|█████▌    | 111/199 [00:00<00:00, 1629.43it/s, Materializing param=encoder.layer.6.attention.self.value.weight]Loading weights:  56%|█████▋    | 112/199 [00:00<00:00, 1639.40it/s, Materializing param=encoder.layer.6.intermediate.dense.bias]    Loading weights:  56%|█████▋    | 112/199 [00:00<00:00, 1636.88it/s, Materializing param=encoder.layer.6.intermediate.dense.bias]Loading weights:  57%|█████▋    | 113/199 [00:00<00:00, 1647.22it/s, Materializing param=encoder.layer.6.intermediate.dense.weight]Loading weights:  57%|█████▋    | 113/199 [00:00<00:00, 1645.29it/s, Materializing param=encoder.layer.6.intermediate.dense.weight]Loading weights:  57%|█████▋    | 114/199 [00:00<00:00, 1656.30it/s, Materializing param=encoder.layer.6.output.LayerNorm.bias]    Loading weights:  57%|█████▋    | 114/199 [00:00<00:00, 1654.14it/s, Materializing param=encoder.layer.6.output.LayerNorm.bias]Loading weights:  58%|█████▊    | 115/199 [00:00<00:00, 1663.99it/s, Materializing param=encoder.layer.6.output.LayerNorm.weight]Loading weights:  58%|█████▊    | 115/199 [00:00<00:00, 1661.62it/s, Materializing param=encoder.layer.6.output.LayerNorm.weight]Loading weights:  58%|█████▊    | 116/199 [00:00<00:00, 1672.94it/s, Materializing param=encoder.layer.6.output.dense.bias]      Loading weights:  58%|█████▊    | 116/199 [00:00<00:00, 1671.16it/s, Materializing param=encoder.layer.6.output.dense.bias]Loading weights:  59%|█████▉    | 117/199 [00:00<00:00, 1680.88it/s, Materializing param=encoder.layer.6.output.dense.weight]Loading weights:  59%|█████▉    | 117/199 [00:00<00:00, 1678.12it/s, Materializing param=encoder.layer.6.output.dense.weight]Loading weights:  59%|█████▉    | 118/199 [00:00<00:00, 1684.91it/s, Materializing param=encoder.layer.7.attention.output.LayerNorm.bias]Loading weights:  59%|█████▉    | 118/199 [00:00<00:00, 1681.37it/s, Materializing param=encoder.layer.7.attention.output.LayerNorm.bias]Loading weights:  60%|█████▉    | 119/199 [00:00<00:00, 1690.36it/s, Materializing param=encoder.layer.7.attention.output.LayerNorm.weight]Loading weights:  60%|█████▉    | 119/199 [00:00<00:00, 1687.57it/s, Materializing param=encoder.layer.7.attention.output.LayerNorm.weight]Loading weights:  60%|██████    | 120/199 [00:00<00:00, 1696.43it/s, Materializing param=encoder.layer.7.attention.output.dense.bias]      Loading weights:  60%|██████    | 120/199 [00:00<00:00, 1693.68it/s, Materializing param=encoder.layer.7.attention.output.dense.bias]Loading weights:  61%|██████    | 121/199 [00:00<00:00, 1702.49it/s, Materializing param=encoder.layer.7.attention.output.dense.weight]Loading weights:  61%|██████    | 121/199 [00:00<00:00, 1699.87it/s, Materializing param=encoder.layer.7.attention.output.dense.weight]Loading weights:  61%|██████▏   | 122/199 [00:00<00:00, 1709.15it/s, Materializing param=encoder.layer.7.attention.self.key.bias]      Loading weights:  61%|██████▏   | 122/199 [00:00<00:00, 1706.49it/s, Materializing param=encoder.layer.7.attention.self.key.bias]Loading weights:  62%|██████▏   | 123/199 [00:00<00:00, 1715.99it/s, Materializing param=encoder.layer.7.attention.self.key.weight]Loading weights:  62%|██████▏   | 123/199 [00:00<00:00, 1713.18it/s, Materializing param=encoder.layer.7.attention.self.key.weight]Loading weights:  62%|██████▏   | 124/199 [00:00<00:00, 1722.52it/s, Materializing param=encoder.layer.7.attention.self.query.bias]Loading weights:  62%|██████▏   | 124/199 [00:00<00:00, 1719.53it/s, Materializing param=encoder.layer.7.attention.self.query.bias]Loading weights:  63%|██████▎   | 125/199 [00:00<00:00, 1728.32it/s, Materializing param=encoder.layer.7.attention.self.query.weight]Loading weights:  63%|██████▎   | 125/199 [00:00<00:00, 1725.78it/s, Materializing param=encoder.layer.7.attention.self.query.weight]Loading weights:  63%|██████▎   | 126/199 [00:00<00:00, 1735.07it/s, Materializing param=encoder.layer.7.attention.self.value.bias]  Loading weights:  63%|██████▎   | 126/199 [00:00<00:00, 1732.59it/s, Materializing param=encoder.layer.7.attention.self.value.bias]Loading weights:  64%|██████▍   | 127/199 [00:00<00:00, 1741.97it/s, Materializing param=encoder.layer.7.attention.self.value.weight]Loading weights:  64%|██████▍   | 127/199 [00:00<00:00, 1739.39it/s, Materializing param=encoder.layer.7.attention.self.value.weight]Loading weights:  64%|██████▍   | 128/199 [00:00<00:00, 1748.79it/s, Materializing param=encoder.layer.7.intermediate.dense.bias]    Loading weights:  64%|██████▍   | 128/199 [00:00<00:00, 1746.22it/s, Materializing param=encoder.layer.7.intermediate.dense.bias]Loading weights:  65%|██████▍   | 129/199 [00:00<00:00, 1755.45it/s, Materializing param=encoder.layer.7.intermediate.dense.weight]Loading weights:  65%|██████▍   | 129/199 [00:00<00:00, 1752.84it/s, Materializing param=encoder.layer.7.intermediate.dense.weight]Loading weights:  65%|██████▌   | 130/199 [00:00<00:00, 1761.79it/s, Materializing param=encoder.layer.7.output.LayerNorm.bias]    Loading weights:  65%|██████▌   | 130/199 [00:00<00:00, 1759.26it/s, Materializing param=encoder.layer.7.output.LayerNorm.bias]Loading weights:  66%|██████▌   | 131/199 [00:00<00:00, 1768.10it/s, Materializing param=encoder.layer.7.output.LayerNorm.weight]Loading weights:  66%|██████▌   | 131/199 [00:00<00:00, 1765.36it/s, Materializing param=encoder.layer.7.output.LayerNorm.weight]Loading weights:  66%|██████▋   | 132/199 [00:00<00:00, 1773.80it/s, Materializing param=encoder.layer.7.output.dense.bias]      Loading weights:  66%|██████▋   | 132/199 [00:00<00:00, 1770.99it/s, Materializing param=encoder.layer.7.output.dense.bias]Loading weights:  67%|██████▋   | 133/199 [00:00<00:00, 1779.06it/s, Materializing param=encoder.layer.7.output.dense.weight]Loading weights:  67%|██████▋   | 133/199 [00:00<00:00, 1776.40it/s, Materializing param=encoder.layer.7.output.dense.weight]Loading weights:  67%|██████▋   | 134/199 [00:00<00:00, 1785.15it/s, Materializing param=encoder.layer.8.attention.output.LayerNorm.bias]Loading weights:  67%|██████▋   | 134/199 [00:00<00:00, 1782.08it/s, Materializing param=encoder.layer.8.attention.output.LayerNorm.bias]Loading weights:  68%|██████▊   | 135/199 [00:00<00:00, 1790.38it/s, Materializing param=encoder.layer.8.attention.output.LayerNorm.weight]Loading weights:  68%|██████▊   | 135/199 [00:00<00:00, 1787.75it/s, Materializing param=encoder.layer.8.attention.output.LayerNorm.weight]Loading weights:  68%|██████▊   | 136/199 [00:00<00:00, 1796.41it/s, Materializing param=encoder.layer.8.attention.output.dense.bias]      Loading weights:  68%|██████▊   | 136/199 [00:00<00:00, 1793.63it/s, Materializing param=encoder.layer.8.attention.output.dense.bias]Loading weights:  69%|██████▉   | 137/199 [00:00<00:00, 1801.79it/s, Materializing param=encoder.layer.8.attention.output.dense.weight]Loading weights:  69%|██████▉   | 137/199 [00:00<00:00, 1799.08it/s, Materializing param=encoder.layer.8.attention.output.dense.weight]Loading weights:  69%|██████▉   | 138/199 [00:00<00:00, 1807.27it/s, Materializing param=encoder.layer.8.attention.self.key.bias]      Loading weights:  69%|██████▉   | 138/199 [00:00<00:00, 1804.42it/s, Materializing param=encoder.layer.8.attention.self.key.bias]Loading weights:  70%|██████▉   | 139/199 [00:00<00:00, 1812.37it/s, Materializing param=encoder.layer.8.attention.self.key.weight]Loading weights:  70%|██████▉   | 139/199 [00:00<00:00, 1809.38it/s, Materializing param=encoder.layer.8.attention.self.key.weight]Loading weights:  70%|███████   | 140/199 [00:00<00:00, 1817.75it/s, Materializing param=encoder.layer.8.attention.self.query.bias]Loading weights:  70%|███████   | 140/199 [00:00<00:00, 1815.08it/s, Materializing param=encoder.layer.8.attention.self.query.bias]Loading weights:  71%|███████   | 141/199 [00:00<00:00, 1823.14it/s, Materializing param=encoder.layer.8.attention.self.query.weight]Loading weights:  71%|███████   | 141/199 [00:00<00:00, 1820.67it/s, Materializing param=encoder.layer.8.attention.self.query.weight]Loading weights:  71%|███████▏  | 142/199 [00:00<00:00, 1829.24it/s, Materializing param=encoder.layer.8.attention.self.value.bias]  Loading weights:  71%|███████▏  | 142/199 [00:00<00:00, 1826.54it/s, Materializing param=encoder.layer.8.attention.self.value.bias]Loading weights:  72%|███████▏  | 143/199 [00:00<00:00, 1834.41it/s, Materializing param=encoder.layer.8.attention.self.value.weight]Loading weights:  72%|███████▏  | 143/199 [00:00<00:00, 1831.46it/s, Materializing param=encoder.layer.8.attention.self.value.weight]Loading weights:  72%|███████▏  | 144/199 [00:00<00:00, 1839.41it/s, Materializing param=encoder.layer.8.intermediate.dense.bias]    Loading weights:  72%|███████▏  | 144/199 [00:00<00:00, 1836.91it/s, Materializing param=encoder.layer.8.intermediate.dense.bias]Loading weights:  73%|███████▎  | 145/199 [00:00<00:00, 1845.35it/s, Materializing param=encoder.layer.8.intermediate.dense.weight]Loading weights:  73%|███████▎  | 145/199 [00:00<00:00, 1842.44it/s, Materializing param=encoder.layer.8.intermediate.dense.weight]Loading weights:  73%|███████▎  | 146/199 [00:00<00:00, 1851.01it/s, Materializing param=encoder.layer.8.output.LayerNorm.bias]    Loading weights:  73%|███████▎  | 146/199 [00:00<00:00, 1848.69it/s, Materializing param=encoder.layer.8.output.LayerNorm.bias]Loading weights:  74%|███████▍  | 147/199 [00:00<00:00, 1857.23it/s, Materializing param=encoder.layer.8.output.LayerNorm.weight]Loading weights:  74%|███████▍  | 147/199 [00:00<00:00, 1854.76it/s, Materializing param=encoder.layer.8.output.LayerNorm.weight]Loading weights:  74%|███████▍  | 148/199 [00:00<00:00, 1863.12it/s, Materializing param=encoder.layer.8.output.dense.bias]      Loading weights:  74%|███████▍  | 148/199 [00:00<00:00, 1860.83it/s, Materializing param=encoder.layer.8.output.dense.bias]Loading weights:  75%|███████▍  | 149/199 [00:00<00:00, 1869.72it/s, Materializing param=encoder.layer.8.output.dense.weight]Loading weights:  75%|███████▍  | 149/199 [00:00<00:00, 1867.52it/s, Materializing param=encoder.layer.8.output.dense.weight]Loading weights:  75%|███████▌  | 150/199 [00:00<00:00, 1876.30it/s, Materializing param=encoder.layer.9.attention.output.LayerNorm.bias]Loading weights:  75%|███████▌  | 150/199 [00:00<00:00, 1873.71it/s, Materializing param=encoder.layer.9.attention.output.LayerNorm.bias]Loading weights:  76%|███████▌  | 151/199 [00:00<00:00, 1881.35it/s, Materializing param=encoder.layer.9.attention.output.LayerNorm.weight]Loading weights:  76%|███████▌  | 151/199 [00:00<00:00, 1878.48it/s, Materializing param=encoder.layer.9.attention.output.LayerNorm.weight]Loading weights:  76%|███████▋  | 152/199 [00:00<00:00, 1885.64it/s, Materializing param=encoder.layer.9.attention.output.dense.bias]      Loading weights:  76%|███████▋  | 152/199 [00:00<00:00, 1882.83it/s, Materializing param=encoder.layer.9.attention.output.dense.bias]Loading weights:  77%|███████▋  | 153/199 [00:00<00:00, 1890.37it/s, Materializing param=encoder.layer.9.attention.output.dense.weight]Loading weights:  77%|███████▋  | 153/199 [00:00<00:00, 1887.86it/s, Materializing param=encoder.layer.9.attention.output.dense.weight]Loading weights:  77%|███████▋  | 154/199 [00:00<00:00, 1895.89it/s, Materializing param=encoder.layer.9.attention.self.key.bias]      Loading weights:  77%|███████▋  | 154/199 [00:00<00:00, 1893.51it/s, Materializing param=encoder.layer.9.attention.self.key.bias]Loading weights:  78%|███████▊  | 155/199 [00:00<00:00, 1901.53it/s, Materializing param=encoder.layer.9.attention.self.key.weight]Loading weights:  78%|███████▊  | 155/199 [00:00<00:00, 1899.03it/s, Materializing param=encoder.layer.9.attention.self.key.weight]Loading weights:  78%|███████▊  | 156/199 [00:00<00:00, 1906.87it/s, Materializing param=encoder.layer.9.attention.self.query.bias]Loading weights:  78%|███████▊  | 156/199 [00:00<00:00, 1904.38it/s, Materializing param=encoder.layer.9.attention.self.query.bias]Loading weights:  79%|███████▉  | 157/199 [00:00<00:00, 1912.11it/s, Materializing param=encoder.layer.9.attention.self.query.weight]Loading weights:  79%|███████▉  | 157/199 [00:00<00:00, 1909.75it/s, Materializing param=encoder.layer.9.attention.self.query.weight]Loading weights:  79%|███████▉  | 158/199 [00:00<00:00, 1917.56it/s, Materializing param=encoder.layer.9.attention.self.value.bias]  Loading weights:  79%|███████▉  | 158/199 [00:00<00:00, 1914.90it/s, Materializing param=encoder.layer.9.attention.self.value.bias]Loading weights:  80%|███████▉  | 159/199 [00:00<00:00, 1921.96it/s, Materializing param=encoder.layer.9.attention.self.value.weight]Loading weights:  80%|███████▉  | 159/199 [00:00<00:00, 1919.12it/s, Materializing param=encoder.layer.9.attention.self.value.weight]Loading weights:  80%|████████  | 160/199 [00:00<00:00, 1926.29it/s, Materializing param=encoder.layer.9.intermediate.dense.bias]    Loading weights:  80%|████████  | 160/199 [00:00<00:00, 1923.61it/s, Materializing param=encoder.layer.9.intermediate.dense.bias]Loading weights:  81%|████████  | 161/199 [00:00<00:00, 1930.60it/s, Materializing param=encoder.layer.9.intermediate.dense.weight]Loading weights:  81%|████████  | 161/199 [00:00<00:00, 1927.99it/s, Materializing param=encoder.layer.9.intermediate.dense.weight]Loading weights:  81%|████████▏ | 162/199 [00:00<00:00, 1935.79it/s, Materializing param=encoder.layer.9.output.LayerNorm.bias]    Loading weights:  81%|████████▏ | 162/199 [00:00<00:00, 1933.38it/s, Materializing param=encoder.layer.9.output.LayerNorm.bias]Loading weights:  82%|████████▏ | 163/199 [00:00<00:00, 1940.82it/s, Materializing param=encoder.layer.9.output.LayerNorm.weight]Loading weights:  82%|████████▏ | 163/199 [00:00<00:00, 1938.18it/s, Materializing param=encoder.layer.9.output.LayerNorm.weight]Loading weights:  82%|████████▏ | 164/199 [00:00<00:00, 1944.71it/s, Materializing param=encoder.layer.9.output.dense.bias]      Loading weights:  82%|████████▏ | 164/199 [00:00<00:00, 1942.44it/s, Materializing param=encoder.layer.9.output.dense.bias]Loading weights:  83%|████████▎ | 165/199 [00:00<00:00, 1950.22it/s, Materializing param=encoder.layer.9.output.dense.weight]Loading weights:  83%|████████▎ | 165/199 [00:00<00:00, 1947.65it/s, Materializing param=encoder.layer.9.output.dense.weight]Loading weights:  83%|████████▎ | 166/199 [00:00<00:00, 1955.30it/s, Materializing param=encoder.layer.10.attention.output.LayerNorm.bias]Loading weights:  83%|████████▎ | 166/199 [00:00<00:00, 1953.29it/s, Materializing param=encoder.layer.10.attention.output.LayerNorm.bias]Loading weights:  84%|████████▍ | 167/199 [00:00<00:00, 1960.46it/s, Materializing param=encoder.layer.10.attention.output.LayerNorm.weight]Loading weights:  84%|████████▍ | 167/199 [00:00<00:00, 1958.13it/s, Materializing param=encoder.layer.10.attention.output.LayerNorm.weight]Loading weights:  84%|████████▍ | 168/199 [00:00<00:00, 1966.16it/s, Materializing param=encoder.layer.10.attention.output.dense.bias]      Loading weights:  84%|████████▍ | 168/199 [00:00<00:00, 1964.43it/s, Materializing param=encoder.layer.10.attention.output.dense.bias]Loading weights:  85%|████████▍ | 169/199 [00:00<00:00, 1972.41it/s, Materializing param=encoder.layer.10.attention.output.dense.weight]Loading weights:  85%|████████▍ | 169/199 [00:00<00:00, 1969.89it/s, Materializing param=encoder.layer.10.attention.output.dense.weight]Loading weights:  85%|████████▌ | 170/199 [00:00<00:00, 1977.75it/s, Materializing param=encoder.layer.10.attention.self.key.bias]      Loading weights:  85%|████████▌ | 170/199 [00:00<00:00, 1975.98it/s, Materializing param=encoder.layer.10.attention.self.key.bias]Loading weights:  86%|████████▌ | 171/199 [00:00<00:00, 1984.23it/s, Materializing param=encoder.layer.10.attention.self.key.weight]Loading weights:  86%|████████▌ | 171/199 [00:00<00:00, 1982.10it/s, Materializing param=encoder.layer.10.attention.self.key.weight]Loading weights:  86%|████████▋ | 172/199 [00:00<00:00, 1989.81it/s, Materializing param=encoder.layer.10.attention.self.query.bias]Loading weights:  86%|████████▋ | 172/199 [00:00<00:00, 1987.73it/s, Materializing param=encoder.layer.10.attention.self.query.bias]Loading weights:  87%|████████▋ | 173/199 [00:00<00:00, 1995.50it/s, Materializing param=encoder.layer.10.attention.self.query.weight]Loading weights:  87%|████████▋ | 173/199 [00:00<00:00, 1993.26it/s, Materializing param=encoder.layer.10.attention.self.query.weight]Loading weights:  87%|████████▋ | 174/199 [00:00<00:00, 2000.88it/s, Materializing param=encoder.layer.10.attention.self.value.bias]  Loading weights:  87%|████████▋ | 174/199 [00:00<00:00, 1999.21it/s, Materializing param=encoder.layer.10.attention.self.value.bias]Loading weights:  88%|████████▊ | 175/199 [00:00<00:00, 2007.95it/s, Materializing param=encoder.layer.10.attention.self.value.weight]Loading weights:  88%|████████▊ | 175/199 [00:00<00:00, 2006.35it/s, Materializing param=encoder.layer.10.attention.self.value.weight]Loading weights:  88%|████████▊ | 176/199 [00:00<00:00, 2014.28it/s, Materializing param=encoder.layer.10.intermediate.dense.bias]    Loading weights:  88%|████████▊ | 176/199 [00:00<00:00, 2012.21it/s, Materializing param=encoder.layer.10.intermediate.dense.bias]Loading weights:  89%|████████▉ | 177/199 [00:00<00:00, 2020.19it/s, Materializing param=encoder.layer.10.intermediate.dense.weight]Loading weights:  89%|████████▉ | 177/199 [00:00<00:00, 2017.42it/s, Materializing param=encoder.layer.10.intermediate.dense.weight]Loading weights:  89%|████████▉ | 178/199 [00:00<00:00, 2022.95it/s, Materializing param=encoder.layer.10.output.LayerNorm.bias]    Loading weights:  89%|████████▉ | 178/199 [00:00<00:00, 2020.12it/s, Materializing param=encoder.layer.10.output.LayerNorm.bias]Loading weights:  90%|████████▉ | 179/199 [00:00<00:00, 2026.05it/s, Materializing param=encoder.layer.10.output.LayerNorm.weight]Loading weights:  90%|████████▉ | 179/199 [00:00<00:00, 2022.83it/s, Materializing param=encoder.layer.10.output.LayerNorm.weight]Loading weights:  90%|█████████ | 180/199 [00:00<00:00, 2028.51it/s, Materializing param=encoder.layer.10.output.dense.bias]      Loading weights:  90%|█████████ | 180/199 [00:00<00:00, 2025.82it/s, Materializing param=encoder.layer.10.output.dense.bias]Loading weights:  91%|█████████ | 181/199 [00:00<00:00, 2033.38it/s, Materializing param=encoder.layer.10.output.dense.weight]Loading weights:  91%|█████████ | 181/199 [00:00<00:00, 2031.53it/s, Materializing param=encoder.layer.10.output.dense.weight]Loading weights:  91%|█████████▏| 182/199 [00:00<00:00, 2039.23it/s, Materializing param=encoder.layer.11.attention.output.LayerNorm.bias]Loading weights:  91%|█████████▏| 182/199 [00:00<00:00, 2037.40it/s, Materializing param=encoder.layer.11.attention.output.LayerNorm.bias]Loading weights:  92%|█████████▏| 183/199 [00:00<00:00, 2044.74it/s, Materializing param=encoder.layer.11.attention.output.LayerNorm.weight]Loading weights:  92%|█████████▏| 183/199 [00:00<00:00, 2042.71it/s, Materializing param=encoder.layer.11.attention.output.LayerNorm.weight]Loading weights:  92%|█████████▏| 184/199 [00:00<00:00, 2049.15it/s, Materializing param=encoder.layer.11.attention.output.dense.bias]      Loading weights:  92%|█████████▏| 184/199 [00:00<00:00, 2046.34it/s, Materializing param=encoder.layer.11.attention.output.dense.bias]Loading weights:  93%|█████████▎| 185/199 [00:00<00:00, 2053.45it/s, Materializing param=encoder.layer.11.attention.output.dense.weight]Loading weights:  93%|█████████▎| 185/199 [00:00<00:00, 2051.37it/s, Materializing param=encoder.layer.11.attention.output.dense.weight]Loading weights:  93%|█████████▎| 186/199 [00:00<00:00, 2059.10it/s, Materializing param=encoder.layer.11.attention.self.key.bias]      Loading weights:  93%|█████████▎| 186/199 [00:00<00:00, 2057.30it/s, Materializing param=encoder.layer.11.attention.self.key.bias]Loading weights:  94%|█████████▍| 187/199 [00:00<00:00, 2065.53it/s, Materializing param=encoder.layer.11.attention.self.key.weight]Loading weights:  94%|█████████▍| 187/199 [00:00<00:00, 2063.70it/s, Materializing param=encoder.layer.11.attention.self.key.weight]Loading weights:  94%|█████████▍| 188/199 [00:00<00:00, 2071.15it/s, Materializing param=encoder.layer.11.attention.self.query.bias]Loading weights:  94%|█████████▍| 188/199 [00:00<00:00, 2069.53it/s, Materializing param=encoder.layer.11.attention.self.query.bias]Loading weights:  95%|█████████▍| 189/199 [00:00<00:00, 2077.67it/s, Materializing param=encoder.layer.11.attention.self.query.weight]Loading weights:  95%|█████████▍| 189/199 [00:00<00:00, 2075.22it/s, Materializing param=encoder.layer.11.attention.self.query.weight]Loading weights:  95%|█████████▌| 190/199 [00:00<00:00, 2081.98it/s, Materializing param=encoder.layer.11.attention.self.value.bias]  Loading weights:  95%|█████████▌| 190/199 [00:00<00:00, 2079.35it/s, Materializing param=encoder.layer.11.attention.self.value.bias]Loading weights:  96%|█████████▌| 191/199 [00:00<00:00, 2085.69it/s, Materializing param=encoder.layer.11.attention.self.value.weight]Loading weights:  96%|█████████▌| 191/199 [00:00<00:00, 2083.03it/s, Materializing param=encoder.layer.11.attention.self.value.weight]Loading weights:  96%|█████████▋| 192/199 [00:00<00:00, 2088.51it/s, Materializing param=encoder.layer.11.intermediate.dense.bias]    Loading weights:  96%|█████████▋| 192/199 [00:00<00:00, 2085.99it/s, Materializing param=encoder.layer.11.intermediate.dense.bias]Loading weights:  97%|█████████▋| 193/199 [00:00<00:00, 2091.95it/s, Materializing param=encoder.layer.11.intermediate.dense.weight]Loading weights:  97%|█████████▋| 193/199 [00:00<00:00, 2089.20it/s, Materializing param=encoder.layer.11.intermediate.dense.weight]Loading weights:  97%|█████████▋| 194/199 [00:00<00:00, 2095.14it/s, Materializing param=encoder.layer.11.output.LayerNorm.bias]    Loading weights:  97%|█████████▋| 194/199 [00:00<00:00, 2092.41it/s, Materializing param=encoder.layer.11.output.LayerNorm.bias]Loading weights:  98%|█████████▊| 195/199 [00:00<00:00, 2098.63it/s, Materializing param=encoder.layer.11.output.LayerNorm.weight]Loading weights:  98%|█████████▊| 195/199 [00:00<00:00, 2096.57it/s, Materializing param=encoder.layer.11.output.LayerNorm.weight]Loading weights:  98%|█████████▊| 196/199 [00:00<00:00, 2103.72it/s, Materializing param=encoder.layer.11.output.dense.bias]      Loading weights:  98%|█████████▊| 196/199 [00:00<00:00, 2101.93it/s, Materializing param=encoder.layer.11.output.dense.bias]Loading weights:  99%|█████████▉| 197/199 [00:00<00:00, 2109.49it/s, Materializing param=encoder.layer.11.output.dense.weight]Loading weights:  99%|█████████▉| 197/199 [00:00<00:00, 2107.59it/s, Materializing param=encoder.layer.11.output.dense.weight]Loading weights:  99%|█████████▉| 198/199 [00:00<00:00, 2114.84it/s, Materializing param=pooler.dense.bias]                   Loading weights:  99%|█████████▉| 198/199 [00:00<00:00, 2112.66it/s, Materializing param=pooler.dense.bias]Loading weights: 100%|██████████| 199/199 [00:00<00:00, 2119.73it/s, Materializing param=pooler.dense.weight]Loading weights: 100%|██████████| 199/199 [00:00<00:00, 2117.31it/s, Materializing param=pooler.dense.weight]Loading weights: 100%|██████████| 199/199 [00:00<00:00, 2113.24it/s, Materializing param=pooler.dense.weight]
BertModel LOAD REPORT from: sentence-transformers/paraphrase-multilingual-MiniLM-L12-v2
Key                     | Status     |  | 
------------------------+------------+--+-
embeddings.position_ids | UNEXPECTED |  | 

Notes:
- UNEXPECTED	:can be ignored when loading from different task/architecture; not ok if you expect identical arch.
Warning: Could not import enhanced_chat models: cannot import name 'ChatMessageRequest' from 'api.enhanced_chat' (C:\Users\husey\kiro2\backend\api\enhanced_chat.py)
Loading weights:   0%|          | 0/199 [00:00<?, ?it/s]Loading weights:   1%|          | 1/199 [00:00<00:00, 8542.37it/s, Materializing param=embeddings.LayerNorm.bias]Loading weights:   1%|          | 1/199 [00:00<00:00, 3640.89it/s, Materializing param=embeddings.LayerNorm.bias]Loading weights:   1%|          | 2/199 [00:00<00:00, 2323.71it/s, Materializing param=embeddings.LayerNorm.weight]Loading weights:   1%|          | 2/199 [00:00<00:00, 2043.51it/s, Materializing param=embeddings.LayerNorm.weight]Loading weights:   2%|▏         | 3/199 [00:00<00:00, 2602.46it/s, Materializing param=embeddings.position_embeddings.weight]Loading weights:   2%|▏         | 3/199 [00:00<00:00, 2128.73it/s, Materializing param=embeddings.position_embeddings.weight]Loading weights:   2%|▏         | 4/199 [00:00<00:00, 2043.76it/s, Materializing param=embeddings.token_type_embeddings.weight]Loading weights:   2%|▏         | 4/199 [00:00<00:00, 1808.47it/s, Materializing param=embeddings.token_type_embeddings.weight]Loading weights:   3%|▎         | 5/199 [00:00<00:00, 2046.00it/s, Materializing param=embeddings.word_embeddings.weight]      Loading weights:   3%|▎         | 5/199 [00:00<00:00, 1969.53it/s, Materializing param=embeddings.word_embeddings.weight]Loading weights:   3%|▎         | 6/199 [00:00<00:00, 1948.72it/s, Materializing param=encoder.layer.0.attention.output.LayerNorm.bias]Loading weights:   3%|▎         | 6/199 [00:00<00:00, 1785.19it/s, Materializing param=encoder.layer.0.attention.output.LayerNorm.bias]Loading weights:   4%|▎         | 7/199 [00:00<00:00, 1881.34it/s, Materializing param=encoder.layer.0.attention.output.LayerNorm.weight]Loading weights:   4%|▎         | 7/199 [00:00<00:00, 1768.26it/s, Materializing param=encoder.layer.0.attention.output.LayerNorm.weight]Loading weights:   4%|▍         | 8/199 [00:00<00:00, 1757.51it/s, Materializing param=encoder.layer.0.attention.output.dense.bias]      Loading weights:   4%|▍         | 8/199 [00:00<00:00, 1701.89it/s, Materializing param=encoder.layer.0.attention.output.dense.bias]Loading weights:   5%|▍         | 9/199 [00:00<00:00, 1661.91it/s, Materializing param=encoder.layer.0.attention.output.dense.weight]Loading weights:   5%|▍         | 9/199 [00:00<00:00, 1626.05it/s, Materializing param=encoder.layer.0.attention.output.dense.weight]Loading weights:   5%|▌         | 10/199 [00:00<00:00, 1660.39it/s, Materializing param=encoder.layer.0.attention.self.key.bias]     Loading weights:   5%|▌         | 10/199 [00:00<00:00, 1612.82it/s, Materializing param=encoder.layer.0.attention.self.key.bias]Loading weights:   6%|▌         | 11/199 [00:00<00:00, 1588.97it/s, Materializing param=encoder.layer.0.attention.self.key.weight]Loading weights:   6%|▌         | 11/199 [00:00<00:00, 1493.31it/s, Materializing param=encoder.layer.0.attention.self.key.weight]Loading weights:   6%|▌         | 12/199 [00:00<00:00, 1570.75it/s, Materializing param=encoder.layer.0.attention.self.query.bias]Loading weights:   6%|▌         | 12/199 [00:00<00:00, 1551.67it/s, Materializing param=encoder.layer.0.attention.self.query.bias]Loading weights:   7%|▋         | 13/199 [00:00<00:00, 1600.27it/s, Materializing param=encoder.layer.0.attention.self.query.weight]Loading weights:   7%|▋         | 13/199 [00:00<00:00, 1477.79it/s, Materializing param=encoder.layer.0.attention.self.query.weight]Loading weights:   7%|▋         | 14/199 [00:00<00:00, 1543.89it/s, Materializing param=encoder.layer.0.attention.self.value.bias]  Loading weights:   7%|▋         | 14/199 [00:00<00:00, 1501.30it/s, Materializing param=encoder.layer.0.attention.self.value.bias]Loading weights:   8%|▊         | 15/199 [00:00<00:00, 1515.47it/s, Materializing param=encoder.layer.0.attention.self.value.weight]Loading weights:   8%|▊         | 15/199 [00:00<00:00, 1497.29it/s, Materializing param=encoder.layer.0.attention.self.value.weight]Loading weights:   8%|▊         | 16/199 [00:00<00:00, 1538.49it/s, Materializing param=encoder.layer.0.intermediate.dense.bias]    Loading weights:   8%|▊         | 16/199 [00:00<00:00, 1473.53it/s, Materializing param=encoder.layer.0.intermediate.dense.bias]Loading weights:   9%|▊         | 17/199 [00:00<00:00, 1479.47it/s, Materializing param=encoder.layer.0.intermediate.dense.weight]Loading weights:   9%|▊         | 17/199 [00:00<00:00, 1465.55it/s, Materializing param=encoder.layer.0.intermediate.dense.weight]Loading weights:   9%|▉         | 18/199 [00:00<00:00, 1493.82it/s, Materializing param=encoder.layer.0.output.LayerNorm.bias]    Loading weights:   9%|▉         | 18/199 [00:00<00:00, 1478.92it/s, Materializing param=encoder.layer.0.output.LayerNorm.bias]Loading weights:  10%|▉         | 19/199 [00:00<00:00, 1447.91it/s, Materializing param=encoder.layer.0.output.LayerNorm.weight]Loading weights:  10%|▉         | 19/199 [00:00<00:00, 1423.17it/s, Materializing param=encoder.layer.0.output.LayerNorm.weight]Loading weights:  10%|█         | 20/199 [00:00<00:00, 1463.44it/s, Materializing param=encoder.layer.0.output.dense.bias]      Loading weights:  10%|█         | 20/199 [00:00<00:00, 1449.69it/s, Materializing param=encoder.layer.0.output.dense.bias]Loading weights:  11%|█         | 21/199 [00:00<00:00, 1470.97it/s, Materializing param=encoder.layer.0.output.dense.weight]Loading weights:  11%|█         | 21/199 [00:00<00:00, 1402.55it/s, Materializing param=encoder.layer.0.output.dense.weight]Loading weights:  11%|█         | 22/199 [00:00<00:00, 1417.97it/s, Materializing param=encoder.layer.1.attention.output.LayerNorm.bias]Loading weights:  11%|█         | 22/199 [00:00<00:00, 1392.64it/s, Materializing param=encoder.layer.1.attention.output.LayerNorm.bias]Loading weights:  12%|█▏        | 23/199 [00:00<00:00, 1382.47it/s, Materializing param=encoder.layer.1.attention.output.LayerNorm.weight]Loading weights:  12%|█▏        | 23/199 [00:00<00:00, 1372.91it/s, Materializing param=encoder.layer.1.attention.output.LayerNorm.weight]Loading weights:  12%|█▏        | 24/199 [00:00<00:00, 1364.19it/s, Materializing param=encoder.layer.1.attention.output.dense.bias]      Loading weights:  12%|█▏        | 24/199 [00:00<00:00, 1352.64it/s, Materializing param=encoder.layer.1.attention.output.dense.bias]Loading weights:  13%|█▎        | 25/199 [00:00<00:00, 1326.98it/s, Materializing param=encoder.layer.1.attention.output.dense.weight]Loading weights:  13%|█▎        | 25/199 [00:00<00:00, 1306.88it/s, Materializing param=encoder.layer.1.attention.output.dense.weight]Loading weights:  13%|█▎        | 26/199 [00:00<00:00, 1279.40it/s, Materializing param=encoder.layer.1.attention.self.key.bias]      Loading weights:  13%|█▎        | 26/199 [00:00<00:00, 1243.83it/s, Materializing param=encoder.layer.1.attention.self.key.bias]Loading weights:  14%|█▎        | 27/199 [00:00<00:00, 1249.90it/s, Materializing param=encoder.layer.1.attention.self.key.weight]Loading weights:  14%|█▎        | 27/199 [00:00<00:00, 1242.85it/s, Materializing param=encoder.layer.1.attention.self.key.weight]Loading weights:  14%|█▍        | 28/199 [00:00<00:00, 1275.04it/s, Materializing param=encoder.layer.1.attention.self.query.bias]Loading weights:  14%|█▍        | 28/199 [00:00<00:00, 1259.44it/s, Materializing param=encoder.layer.1.attention.self.query.bias]Loading weights:  15%|█▍        | 29/199 [00:00<00:00, 1273.45it/s, Materializing param=encoder.layer.1.attention.self.query.weight]Loading weights:  15%|█▍        | 29/199 [00:00<00:00, 1243.11it/s, Materializing param=encoder.layer.1.attention.self.query.weight]Loading weights:  15%|█▌        | 30/199 [00:00<00:00, 1239.50it/s, Materializing param=encoder.layer.1.attention.self.value.bias]  Loading weights:  15%|█▌        | 30/199 [00:00<00:00, 1186.34it/s, Materializing param=encoder.layer.1.attention.self.value.bias]Loading weights:  16%|█▌        | 31/199 [00:00<00:00, 1192.84it/s, Materializing param=encoder.layer.1.attention.self.value.weight]Loading weights:  16%|█▌        | 31/199 [00:00<00:00, 1184.99it/s, Materializing param=encoder.layer.1.attention.self.value.weight]Loading weights:  16%|█▌        | 32/199 [00:00<00:00, 1193.12it/s, Materializing param=encoder.layer.1.intermediate.dense.bias]    Loading weights:  16%|█▌        | 32/199 [00:00<00:00, 1172.57it/s, Materializing param=encoder.layer.1.intermediate.dense.bias]Loading weights:  17%|█▋        | 33/199 [00:00<00:00, 1192.72it/s, Materializing param=encoder.layer.1.intermediate.dense.weight]Loading weights:  17%|█▋        | 33/199 [00:00<00:00, 1177.35it/s, Materializing param=encoder.layer.1.intermediate.dense.weight]Loading weights:  17%|█▋        | 34/199 [00:00<00:00, 1199.96it/s, Materializing param=encoder.layer.1.output.LayerNorm.bias]    Loading weights:  17%|█▋        | 34/199 [00:00<00:00, 1186.52it/s, Materializing param=encoder.layer.1.output.LayerNorm.bias]Loading weights:  18%|█▊        | 35/199 [00:00<00:00, 1182.38it/s, Materializing param=encoder.layer.1.output.LayerNorm.weight]Loading weights:  18%|█▊        | 35/199 [00:00<00:00, 1166.32it/s, Materializing param=encoder.layer.1.output.LayerNorm.weight]Loading weights:  18%|█▊        | 36/199 [00:00<00:00, 1187.80it/s, Materializing param=encoder.layer.1.output.dense.bias]      Loading weights:  18%|█▊        | 36/199 [00:00<00:00, 1182.79it/s, Materializing param=encoder.layer.1.output.dense.bias]Loading weights:  19%|█▊        | 37/199 [00:00<00:00, 1201.49it/s, Materializing param=encoder.layer.1.output.dense.weight]Loading weights:  19%|█▊        | 37/199 [00:00<00:00, 1196.07it/s, Materializing param=encoder.layer.1.output.dense.weight]Loading weights:  19%|█▉        | 38/199 [00:00<00:00, 1209.39it/s, Materializing param=encoder.layer.2.attention.output.LayerNorm.bias]Loading weights:  19%|█▉        | 38/199 [00:00<00:00, 1192.39it/s, Materializing param=encoder.layer.2.attention.output.LayerNorm.bias]Loading weights:  20%|█▉        | 39/199 [00:00<00:00, 1210.99it/s, Materializing param=encoder.layer.2.attention.output.LayerNorm.weight]Loading weights:  20%|█▉        | 39/199 [00:00<00:00, 1201.00it/s, Materializing param=encoder.layer.2.attention.output.LayerNorm.weight]Loading weights:  20%|██        | 40/199 [00:00<00:00, 1219.98it/s, Materializing param=encoder.layer.2.attention.output.dense.bias]      Loading weights:  20%|██        | 40/199 [00:00<00:00, 1214.59it/s, Materializing param=encoder.layer.2.attention.output.dense.bias]Loading weights:  21%|██        | 41/199 [00:00<00:00, 1236.04it/s, Materializing param=encoder.layer.2.attention.output.dense.weight]Loading weights:  21%|██        | 41/199 [00:00<00:00, 1221.53it/s, Materializing param=encoder.layer.2.attention.output.dense.weight]Loading weights:  21%|██        | 42/199 [00:00<00:00, 1225.58it/s, Materializing param=encoder.layer.2.attention.self.key.bias]      Loading weights:  21%|██        | 42/199 [00:00<00:00, 1213.92it/s, Materializing param=encoder.layer.2.attention.self.key.bias]Loading weights:  22%|██▏       | 43/199 [00:00<00:00, 1224.51it/s, Materializing param=encoder.layer.2.attention.self.key.weight]Loading weights:  22%|██▏       | 43/199 [00:00<00:00, 1219.11it/s, Materializing param=encoder.layer.2.attention.self.key.weight]Loading weights:  22%|██▏       | 44/199 [00:00<00:00, 1224.13it/s, Materializing param=encoder.layer.2.attention.self.query.bias]Loading weights:  22%|██▏       | 44/199 [00:00<00:00, 1200.41it/s, Materializing param=encoder.layer.2.attention.self.query.bias]Loading weights:  23%|██▎       | 45/199 [00:00<00:00, 1206.61it/s, Materializing param=encoder.layer.2.attention.self.query.weight]Loading weights:  23%|██▎       | 45/199 [00:00<00:00, 1201.68it/s, Materializing param=encoder.layer.2.attention.self.query.weight]Loading weights:  23%|██▎       | 46/199 [00:00<00:00, 1210.95it/s, Materializing param=encoder.layer.2.attention.self.value.bias]  Loading weights:  23%|██▎       | 46/199 [00:00<00:00, 1190.23it/s, Materializing param=encoder.layer.2.attention.self.value.bias]Loading weights:  24%|██▎       | 47/199 [00:00<00:00, 1202.16it/s, Materializing param=encoder.layer.2.attention.self.value.weight]Loading weights:  24%|██▎       | 47/199 [00:00<00:00, 1192.47it/s, Materializing param=encoder.layer.2.attention.self.value.weight]Loading weights:  24%|██▍       | 48/199 [00:00<00:00, 1198.68it/s, Materializing param=encoder.layer.2.intermediate.dense.bias]    Loading weights:  24%|██▍       | 48/199 [00:00<00:00, 1194.21it/s, Materializing param=encoder.layer.2.intermediate.dense.bias]Loading weights:  25%|██▍       | 49/199 [00:00<00:00, 1211.74it/s, Materializing param=encoder.layer.2.intermediate.dense.weight]Loading weights:  25%|██▍       | 49/199 [00:00<00:00, 1208.19it/s, Materializing param=encoder.layer.2.intermediate.dense.weight]Loading weights:  25%|██▌       | 50/199 [00:00<00:00, 1219.26it/s, Materializing param=encoder.layer.2.output.LayerNorm.bias]    Loading weights:  25%|██▌       | 50/199 [00:00<00:00, 1214.97it/s, Materializing param=encoder.layer.2.output.LayerNorm.bias]Loading weights:  26%|██▌       | 51/199 [00:00<00:00, 1222.11it/s, Materializing param=encoder.layer.2.output.LayerNorm.weight]Loading weights:  26%|██▌       | 51/199 [00:00<00:00, 1218.87it/s, Materializing param=encoder.layer.2.output.LayerNorm.weight]Loading weights:  26%|██▌       | 52/199 [00:00<00:00, 1203.12it/s, Materializing param=encoder.layer.2.output.dense.bias]      Loading weights:  26%|██▌       | 52/199 [00:00<00:00, 1180.96it/s, Materializing param=encoder.layer.2.output.dense.bias]Loading weights:  27%|██▋       | 53/199 [00:00<00:00, 1184.91it/s, Materializing param=encoder.layer.2.output.dense.weight]Loading weights:  27%|██▋       | 53/199 [00:00<00:00, 1180.17it/s, Materializing param=encoder.layer.2.output.dense.weight]Loading weights:  27%|██▋       | 54/199 [00:00<00:00, 1194.50it/s, Materializing param=encoder.layer.3.attention.output.LayerNorm.bias]Loading weights:  27%|██▋       | 54/199 [00:00<00:00, 1190.01it/s, Materializing param=encoder.layer.3.attention.output.LayerNorm.bias]Loading weights:  28%|██▊       | 55/199 [00:00<00:00, 1198.93it/s, Materializing param=encoder.layer.3.attention.output.LayerNorm.weight]Loading weights:  28%|██▊       | 55/199 [00:00<00:00, 1194.64it/s, Materializing param=encoder.layer.3.attention.output.LayerNorm.weight]Loading weights:  28%|██▊       | 56/199 [00:00<00:00, 1199.60it/s, Materializing param=encoder.layer.3.attention.output.dense.bias]      Loading weights:  28%|██▊       | 56/199 [00:00<00:00, 1189.43it/s, Materializing param=encoder.layer.3.attention.output.dense.bias]Loading weights:  29%|██▊       | 57/199 [00:00<00:00, 1199.27it/s, Materializing param=encoder.layer.3.attention.output.dense.weight]Loading weights:  29%|██▊       | 57/199 [00:00<00:00, 1189.71it/s, Materializing param=encoder.layer.3.attention.output.dense.weight]Loading weights:  29%|██▉       | 58/199 [00:00<00:00, 1192.28it/s, Materializing param=encoder.layer.3.attention.self.key.bias]      Loading weights:  29%|██▉       | 58/199 [00:00<00:00, 1189.34it/s, Materializing param=encoder.layer.3.attention.self.key.bias]Loading weights:  30%|██▉       | 59/199 [00:00<00:00, 1195.06it/s, Materializing param=encoder.layer.3.attention.self.key.weight]Loading weights:  30%|██▉       | 59/199 [00:00<00:00, 1189.51it/s, Materializing param=encoder.layer.3.attention.self.key.weight]Loading weights:  30%|███       | 60/199 [00:00<00:00, 1192.16it/s, Materializing param=encoder.layer.3.attention.self.query.bias]Loading weights:  30%|███       | 60/199 [00:00<00:00, 1183.54it/s, Materializing param=encoder.layer.3.attention.self.query.bias]Loading weights:  31%|███       | 61/199 [00:00<00:00, 1185.27it/s, Materializing param=encoder.layer.3.attention.self.query.weight]Loading weights:  31%|███       | 61/199 [00:00<00:00, 1180.78it/s, Materializing param=encoder.layer.3.attention.self.query.weight]Loading weights:  31%|███       | 62/199 [00:00<00:00, 1192.28it/s, Materializing param=encoder.layer.3.attention.self.value.bias]  Loading weights:  31%|███       | 62/199 [00:00<00:00, 1184.93it/s, Materializing param=encoder.layer.3.attention.self.value.bias]Loading weights:  32%|███▏      | 63/199 [00:00<00:00, 1191.71it/s, Materializing param=encoder.layer.3.attention.self.value.weight]Loading weights:  32%|███▏      | 63/199 [00:00<00:00, 1189.34it/s, Materializing param=encoder.layer.3.attention.self.value.weight]Loading weights:  32%|███▏      | 64/199 [00:00<00:00, 1198.74it/s, Materializing param=encoder.layer.3.intermediate.dense.bias]    Loading weights:  32%|███▏      | 64/199 [00:00<00:00, 1190.66it/s, Materializing param=encoder.layer.3.intermediate.dense.bias]Loading weights:  33%|███▎      | 65/199 [00:00<00:00, 1189.82it/s, Materializing param=encoder.layer.3.intermediate.dense.weight]Loading weights:  33%|███▎      | 65/199 [00:00<00:00, 1181.75it/s, Materializing param=encoder.layer.3.intermediate.dense.weight]Loading weights:  33%|███▎      | 66/199 [00:00<00:00, 1183.54it/s, Materializing param=encoder.layer.3.output.LayerNorm.bias]    Loading weights:  33%|███▎      | 66/199 [00:00<00:00, 1167.32it/s, Materializing param=encoder.layer.3.output.LayerNorm.bias]Loading weights:  34%|███▎      | 67/199 [00:00<00:00, 1179.08it/s, Materializing param=encoder.layer.3.output.LayerNorm.weight]Loading weights:  34%|███▎      | 67/199 [00:00<00:00, 1176.47it/s, Materializing param=encoder.layer.3.output.LayerNorm.weight]Loading weights:  34%|███▍      | 68/199 [00:00<00:00, 1176.13it/s, Materializing param=encoder.layer.3.output.dense.bias]      Loading weights:  34%|███▍      | 68/199 [00:00<00:00, 1167.85it/s, Materializing param=encoder.layer.3.output.dense.bias]Loading weights:  35%|███▍      | 69/199 [00:00<00:00, 1164.13it/s, Materializing param=encoder.layer.3.output.dense.weight]Loading weights:  35%|███▍      | 69/199 [00:00<00:00, 1159.04it/s, Materializing param=encoder.layer.3.output.dense.weight]Loading weights:  35%|███▌      | 70/199 [00:00<00:00, 1170.02it/s, Materializing param=encoder.layer.4.attention.output.LayerNorm.bias]Loading weights:  35%|███▌      | 70/199 [00:00<00:00, 1160.08it/s, Materializing param=encoder.layer.4.attention.output.LayerNorm.bias]Loading weights:  36%|███▌      | 71/199 [00:00<00:00, 1171.05it/s, Materializing param=encoder.layer.4.attention.output.LayerNorm.weight]Loading weights:  36%|███▌      | 71/199 [00:00<00:00, 1162.38it/s, Materializing param=encoder.layer.4.attention.output.LayerNorm.weight]Loading weights:  36%|███▌      | 72/199 [00:00<00:00, 1174.04it/s, Materializing param=encoder.layer.4.attention.output.dense.bias]      Loading weights:  36%|███▌      | 72/199 [00:00<00:00, 1168.39it/s, Materializing param=encoder.layer.4.attention.output.dense.bias]Loading weights:  37%|███▋      | 73/199 [00:00<00:00, 1174.49it/s, Materializing param=encoder.layer.4.attention.output.dense.weight]Loading weights:  37%|███▋      | 73/199 [00:00<00:00, 1171.62it/s, Materializing param=encoder.layer.4.attention.output.dense.weight]Loading weights:  37%|███▋      | 74/199 [00:00<00:00, 1178.48it/s, Materializing param=encoder.layer.4.attention.self.key.bias]      Loading weights:  37%|███▋      | 74/199 [00:00<00:00, 1174.92it/s, Materializing param=encoder.layer.4.attention.self.key.bias]Loading weights:  38%|███▊      | 75/199 [00:00<00:00, 1177.77it/s, Materializing param=encoder.layer.4.attention.self.key.weight]Loading weights:  38%|███▊      | 75/199 [00:00<00:00, 1174.23it/s, Materializing param=encoder.layer.4.attention.self.key.weight]Loading weights:  38%|███▊      | 76/199 [00:00<00:00, 1175.47it/s, Materializing param=encoder.layer.4.attention.self.query.bias]Loading weights:  38%|███▊      | 76/199 [00:00<00:00, 1172.78it/s, Materializing param=encoder.layer.4.attention.self.query.bias]Loading weights:  39%|███▊      | 77/199 [00:00<00:00, 1173.76it/s, Materializing param=encoder.layer.4.attention.self.query.weight]Loading weights:  39%|███▊      | 77/199 [00:00<00:00, 1170.97it/s, Materializing param=encoder.layer.4.attention.self.query.weight]Loading weights:  39%|███▉      | 78/199 [00:00<00:00, 1179.53it/s, Materializing param=encoder.layer.4.attention.self.value.bias]  Loading weights:  39%|███▉      | 78/199 [00:00<00:00, 1168.71it/s, Materializing param=encoder.layer.4.attention.self.value.bias]Loading weights:  40%|███▉      | 79/199 [00:00<00:00, 1171.35it/s, Materializing param=encoder.layer.4.attention.self.value.weight]Loading weights:  40%|███▉      | 79/199 [00:00<00:00, 1168.71it/s, Materializing param=encoder.layer.4.attention.self.value.weight]Loading weights:  40%|████      | 80/199 [00:00<00:00, 1177.10it/s, Materializing param=encoder.layer.4.intermediate.dense.bias]    Loading weights:  40%|████      | 80/199 [00:00<00:00, 1174.55it/s, Materializing param=encoder.layer.4.intermediate.dense.bias]Loading weights:  41%|████      | 81/199 [00:00<00:00, 1181.09it/s, Materializing param=encoder.layer.4.intermediate.dense.weight]Loading weights:  41%|████      | 81/199 [00:00<00:00, 1176.20it/s, Materializing param=encoder.layer.4.intermediate.dense.weight]Loading weights:  41%|████      | 82/199 [00:00<00:00, 1184.68it/s, Materializing param=encoder.layer.4.output.LayerNorm.bias]    Loading weights:  41%|████      | 82/199 [00:00<00:00, 1182.57it/s, Materializing param=encoder.layer.4.output.LayerNorm.bias]Loading weights:  42%|████▏     | 83/199 [00:00<00:00, 1189.09it/s, Materializing param=encoder.layer.4.output.LayerNorm.weight]Loading weights:  42%|████▏     | 83/199 [00:00<00:00, 1183.59it/s, Materializing param=encoder.layer.4.output.LayerNorm.weight]Loading weights:  42%|████▏     | 84/199 [00:00<00:00, 1190.03it/s, Materializing param=encoder.layer.4.output.dense.bias]      Loading weights:  42%|████▏     | 84/199 [00:00<00:00, 1187.98it/s, Materializing param=encoder.layer.4.output.dense.bias]Loading weights:  43%|████▎     | 85/199 [00:00<00:00, 1197.63it/s, Materializing param=encoder.layer.4.output.dense.weight]Loading weights:  43%|████▎     | 85/199 [00:00<00:00, 1192.80it/s, Materializing param=encoder.layer.4.output.dense.weight]Loading weights:  43%|████▎     | 86/199 [00:00<00:00, 1197.78it/s, Materializing param=encoder.layer.5.attention.output.LayerNorm.bias]Loading weights:  43%|████▎     | 86/199 [00:00<00:00, 1190.23it/s, Materializing param=encoder.layer.5.attention.output.LayerNorm.bias]Loading weights:  44%|████▎     | 87/199 [00:00<00:00, 1198.86it/s, Materializing param=encoder.layer.5.attention.output.LayerNorm.weight]Loading weights:  44%|████▎     | 87/199 [00:00<00:00, 1196.65it/s, Materializing param=encoder.layer.5.attention.output.LayerNorm.weight]Loading weights:  44%|████▍     | 88/199 [00:00<00:00, 1202.32it/s, Materializing param=encoder.layer.5.attention.output.dense.bias]      Loading weights:  44%|████▍     | 88/199 [00:00<00:00, 1197.63it/s, Materializing param=encoder.layer.5.attention.output.dense.bias]Loading weights:  45%|████▍     | 89/199 [00:00<00:00, 1202.98it/s, Materializing param=encoder.layer.5.attention.output.dense.weight]Loading weights:  45%|████▍     | 89/199 [00:00<00:00, 1199.86it/s, Materializing param=encoder.layer.5.attention.output.dense.weight]Loading weights:  45%|████▌     | 90/199 [00:00<00:00, 1200.74it/s, Materializing param=encoder.layer.5.attention.self.key.bias]      Loading weights:  45%|████▌     | 90/199 [00:00<00:00, 1195.37it/s, Materializing param=encoder.layer.5.attention.self.key.bias]Loading weights:  46%|████▌     | 91/199 [00:00<00:00, 1202.59it/s, Materializing param=encoder.layer.5.attention.self.key.weight]Loading weights:  46%|████▌     | 91/199 [00:00<00:00, 1199.81it/s, Materializing param=encoder.layer.5.attention.self.key.weight]Loading weights:  46%|████▌     | 92/199 [00:00<00:00, 1209.32it/s, Materializing param=encoder.layer.5.attention.self.query.bias]Loading weights:  46%|████▌     | 92/199 [00:00<00:00, 1207.83it/s, Materializing param=encoder.layer.5.attention.self.query.bias]Loading weights:  47%|████▋     | 93/199 [00:00<00:00, 1218.16it/s, Materializing param=encoder.layer.5.attention.self.query.weight]Loading weights:  47%|████▋     | 93/199 [00:00<00:00, 1216.59it/s, Materializing param=encoder.layer.5.attention.self.query.weight]Loading weights:  47%|████▋     | 94/199 [00:00<00:00, 1226.64it/s, Materializing param=encoder.layer.5.attention.self.value.bias]  Loading weights:  47%|████▋     | 94/199 [00:00<00:00, 1224.83it/s, Materializing param=encoder.layer.5.attention.self.value.bias]Loading weights:  48%|████▊     | 95/199 [00:00<00:00, 1235.10it/s, Materializing param=encoder.layer.5.attention.self.value.weight]Loading weights:  48%|████▊     | 95/199 [00:00<00:00, 1233.16it/s, Materializing param=encoder.layer.5.attention.self.value.weight]Loading weights:  48%|████▊     | 96/199 [00:00<00:00, 1242.48it/s, Materializing param=encoder.layer.5.intermediate.dense.bias]    Loading weights:  48%|████▊     | 96/199 [00:00<00:00, 1240.51it/s, Materializing param=encoder.layer.5.intermediate.dense.bias]Loading weights:  49%|████▊     | 97/199 [00:00<00:00, 1248.27it/s, Materializing param=encoder.layer.5.intermediate.dense.weight]Loading weights:  49%|████▊     | 97/199 [00:00<00:00, 1245.50it/s, Materializing param=encoder.layer.5.intermediate.dense.weight]Loading weights:  49%|████▉     | 98/199 [00:00<00:00, 1253.66it/s, Materializing param=encoder.layer.5.output.LayerNorm.bias]    Loading weights:  49%|████▉     | 98/199 [00:00<00:00, 1251.21it/s, Materializing param=encoder.layer.5.output.LayerNorm.bias]Loading weights:  50%|████▉     | 99/199 [00:00<00:00, 1260.09it/s, Materializing param=encoder.layer.5.output.LayerNorm.weight]Loading weights:  50%|████▉     | 99/199 [00:00<00:00, 1257.82it/s, Materializing param=encoder.layer.5.output.LayerNorm.weight]Loading weights:  50%|█████     | 100/199 [00:00<00:00, 1266.56it/s, Materializing param=encoder.layer.5.output.dense.bias]     Loading weights:  50%|█████     | 100/199 [00:00<00:00, 1264.46it/s, Materializing param=encoder.layer.5.output.dense.bia
[...]
[31mFAILED[0m tests/unit/test_api_batch2.py::[1mTestQuestionGenerationEdgeCases::test_get_question_templates_case_insensitive[0m - ModuleNotFoundError: No module named 'api.question_generation'
[31mFAILED[0m tests/unit/test_api_batch2.py::[1mTestQuestionGenerationEdgeCases::test_get_question_templates_unknown_subject[0m - ModuleNotFoundError: No module named 'api.question_generation'
[31mFAILED[0m tests/unit/test_api_batch2.py::[1mTestAnalyticsEdgeCases::test_get_student_analytics_detailed[0m - fastapi.exceptions.HTTPException: 500: Analytics alınırken hata: 'Query' ob...
[31mFAILED[0m tests/unit/test_api_batch2.py::[1mTestAnalyticsEdgeCases::test_get_class_analytics_without_students[0m - fastapi.exceptions.HTTPException: 500: Sınıf analytics alınırken hata: 'Que...
[31mFAILED[0m tests/unit/test_api_batch2.py::[1mTestAnalyticsEdgeCases::test_export_analytics_pdf_invalid_data_type[0m - AssertionError: assert 500 == 400
[31mFAILED[0m tests/unit/test_api_batch2.py::[1mTestAnalyticsEdgeCases::test_export_analytics_pdf_missing_student_id[0m - AssertionError: assert 500 == 400
[31mFAILED[0m tests/unit/test_api_batch2.py::[1mTestAnalyticsEdgeCases::test_export_analytics_excel_missing_class_id[0m - assert 500 == 400
[31mFAILED[0m tests/unit/test_api_batch2.py::[1mTestMonitoringEdgeCases::test_health_check_all_services_down[0m - AttributeError: <module 'api.monitoring' from 'C:\\Users\\husey\\kiro2\\bac...
[31mFAILED[0m tests/unit/test_api_batch2.py::[1mTestOsymExamComprehensive::test_create_exam_request_schema_extra[0m - AttributeError: Config
[31mFAILED[0m tests/unit/test_api_batch2.py::[1mTestOsymExamComprehensive::test_save_answer_request_schema_extra[0m - AttributeError: Config
[31mFAILED[0m tests/unit/test_api_batch2.py::[1mTestOsymExamComprehensive::test_flag_question_request_schema_extra[0m - AttributeError: Config
[31mFAILED[0m tests/unit/test_api_batch2.py::[1mTestOsymExamComprehensive::test_navigate_question_request_schema_extra[0m - AttributeError: Config
[31mFAILED[0m tests/unit/test_api_batch2.py::[1mTestOsymExamComprehensive::test_exam_session_response_schema_extra[0m - AttributeError: Config
[31mFAILED[0m tests/unit/test_api_batch2.py::[1mTestOsymExamComprehensive::test_question_response_schema_extra[0m - AttributeError: Config
[31mFAILED[0m tests/unit/test_api_batch2.py::[1mTestOsymExamComprehensive::test_performance_response_schema_extra[0m - AttributeError: Config
[31mFAILED[0m tests/unit/test_api_batch2.py::[1mTestOsymExamComprehensive::test_subject_performance_response_schema_extra[0m - AttributeError: Config
[31mFAILED[0m tests/unit/test_api_batch2.py::[1mTestQuestionGenerationComprehensive::test_generated_question_model_complete[0m - ModuleNotFoundError: No module named 'api.question_generation'
[31mFAILED[0m tests/unit/test_api_batch2.py::[1mTestQuestionGenerationComprehensive::test_generate_questions_multiple_subjects[0m - ModuleNotFoundError: No module named 'api.question_generation'
[31mFAILED[0m tests/unit/test_api_batch2.py::[1mTestQuestionGenerationComprehensive::test_bulk_generation_difficulty_distribution[0m - ModuleNotFoundError: No module named 'api.question_generation'
[31mFAILED[0m tests/unit/test_api_batch2.py::[1mTestQuestionGenerationComprehensive::test_validate_question_with_all_fields[0m - ModuleNotFoundError: No module named 'api.question_generation'
[31mFAILED[0m tests/unit/test_api_batch2.py::[1mTestQuestionGenerationComprehensive::test_get_templates_for_all_subjects[0m - ModuleNotFoundError: No module named 'api.question_generation'
[31mFAILED[0m tests/unit/test_api_batch2.py::[1mTestAnalyticsComprehensive::test_student_analytics_default_date_range[0m - fastapi.exceptions.HTTPException: 500: Analytics alınırken hata: 'Query' ob...
[31mFAILED[0m tests/unit/test_api_batch2.py::[1mTestMonitoringComprehensive::test_health_check_redis_only_down[0m - AttributeError: <module 'api.monitoring' from 'C:\\Users\\husey\\kiro2\\bac...
[31mFAILED[0m tests/unit/test_api_batch2.py::[1mTestAllAPIsErrorHandling::test_monitoring_redis_connection_error[0m - AttributeError: <module 'api.monitoring' from 'C:\\Users\\husey\\kiro2\\bac...
[31mFAILED[0m tests/unit/test_api_batch2.py::[1mTestAPIInputValidation::test_exam_type_validation[0m - AssertionError: assert 'tyt' == 'TYT'
[31mFAILED[0m tests/unit/test_api_batch2.py::[1mTestAPIInputValidation::test_question_count_min[0m - ModuleNotFoundError: No module named 'api.question_generation'
[31mFAILED[0m tests/unit/test_api_batch2.py::[1mTestAPIInputValidation::test_question_count_max[0m - ModuleNotFoundError: No module named 'api.question_generation'
[31mFAILED[0m tests/unit/test_api_batch2.py::[1mTestAPIInputValidation::test_bulk_question_min_count[0m - ModuleNotFoundError: No module named 'api.question_generation'
[31mFAILED[0m tests/unit/test_api_batch2.py::[1mTestAPIInputValidation::test_bulk_question_max_count[0m - ModuleNotFoundError: No module named 'api.question_generation'
[31mFAILED[0m tests/unit/test_api_batch2.py::[1mTestAPIInputValidation::test_question_text_not_empty[0m - ModuleNotFoundError: No module named 'api.question_generation'
[31mFAILED[0m tests/unit/test_api_batch2.py::[1mTestAPIInputValidation::test_question_options_count[0m - ModuleNotFoundError: No module named 'api.question_generation'
[31mFAILED[0m tests/unit/test_api_batch2.py::[1mTestAPIInputValidation::test_correct_answer_in_options[0m - ModuleNotFoundError: No module named 'api.question_generation'
[31mFAILED[0m tests/unit/test_api_batch2.py::[1mTestAPIResponseFormats::test_success_response_structure[0m - AttributeError: module 'api.monitoring' has no attribute 'cache_manager'
[31mFAILED[0m tests/unit/test_api_batch2.py::[1mTestAPIResponseFormats::test_enum_fields_are_strings[0m - AssertionError: assert 'tyt' == 'TYT'
[31mFAILED[0m tests/unit/test_api_batch2.py::[1mTestAPIPerformanceScenarios::test_health_check_fast_response[0m - AttributeError: module 'api.monitoring' has no attribute 'cache_manager'
[31mFAILED[0m tests/unit/test_api_batch2.py::[1mTestAPIModelSchemaValidation::test_generated_question_required[0m - ModuleNotFoundError: No module named 'api.question_generation'
[31mFAILED[0m tests/unit/test_api_batch2.py::[1mTestAPIModelSchemaValidation::test_review_flashcard_optional_time[0m - pydantic_core._pydantic_core.ValidationError: 1 validation error for Review...
[31mFAILED[0m tests/unit/test_api_batch2.py::[1mTestAPIModelSchemaValidation::test_question_gen_defaults[0m - ModuleNotFoundError: No module named 'api.question_generation'
[31mFAILED[0m tests/unit/test_api_batch2.py::[1mTestAPIModelSchemaValidation::test_enum_serialization[0m - AssertionError: assert 'tyt' == 'TYT'
[31mFAILED[0m tests/unit/test_bionic_reading_modules.py::[1mTestFixationPointDetector::test_long_word_fixation[0m - AssertionError: assert 3 <= 2
[31mFAILED[0m tests/unit/test_core_batch2.py::[1mTestAlertManager::test_check_alerts[0m - AttributeError: 'ErrorMetrics' object has no attribute 'get_error_rate_per_...
[31mFAILED[0m tests/unit/test_core_config_comprehensive.py::[1mTestSettingsInitialization::test_environment_variable_override[0m - ValueError: DATABASE_URL environment variable is required.
[31mFAILED[0m tests/unit/test_core_config_comprehensive.py::[1mTestSettingsInitialization::test_database_defaults[0m - ValueError: DATABASE_URL environment variable is required.
[31mFAILED[0m tests/unit/test_core_config_comprehensive.py::[1mTestSettingsInitialization::test_redis_defaults[0m - ValueError: DATABASE_URL environment variable is required.
[31mFAILED[0m tests/unit/test_core_config_comprehensive.py::[1mTestSettingsInitialization::test_security_defaults[0m - ValueError: DATABASE_URL environment variable is required.
[31mFAILED[0m tests/unit/test_core_config_comprehensive.py::[1mTestSettingsInitialization::test_jwt_defaults[0m - ValueError: DATABASE_URL environment variable is required.
[31mFAILED[0m tests/unit/test_core_config_comprehensive.py::[1mTestSettingsInitialization::test_cors_defaults[0m - ValueError: DATABASE_URL environment variable is required.
[31mFAILED[0m tests/unit/test_core_config_comprehensive.py::[1mTestSettingsInitialization::test_monitoring_defaults[0m - ValueError: DATABASE_URL environment variable is required.
[31mFAILED[0m tests/unit/test_core_config_comprehensive.py::[1mTestSettingsInitialization::test_rate_limiting_defaults[0m - ValueError: DATABASE_URL environment variable is required.
[31mFAILED[0m tests/unit/test_core_config_comprehensive.py::[1mTestSettingsInitialization::test_external_api_keys[0m - ValueError: DATABASE_URL environment variable is required.
[31mFAILED[0m tests/unit/test_core_config_comprehensive.py::[1mTestSettingsValidation::test_valid_redis_url[0m - ValueError: DATABASE_URL environment variable is required.
[31mFAILED[0m tests/unit/test_core_config_comprehensive.py::[1mTestSettingsValidation::test_invalid_redis_url_raises_error[0m - AssertionError: Regex pattern did not match.
[31mFAILED[0m tests/unit/test_core_config_comprehensive.py::[1mTestProductionValidation::test_production_requires_strong_jwt_secret[0m - AssertionError: Regex pattern did not match.
[31mFAILED[0m tests/unit/test_core_config_comprehensive.py::[1mTestProductionValidation::test_production_rejects_default_secret_key[0m - AssertionError: Regex pattern did not match.
[31mFAILED[0m tests/unit/test_core_config_comprehensive.py::[1mTestProductionValidation::test_production_rejects_sqlite[0m - AssertionError: Regex pattern did not match.
[31mFAILED[0m tests/unit/test_core_config_comprehensive.py::[1mTestProductionValidation::test_production_rejects_weak_database_password[0m - AssertionError: Regex pattern did not match.
[31mFAILED[0m tests/unit/test_core_config_comprehensive.py::[1mTestProductionValidation::test_production_rejects_debug_mode[0m - AssertionError: Regex pattern did not match.
[31mFAILED[0m tests/unit/test_core_config_comprehensive.py::[1mTestProductionValidation::test_production_rejects_wildcard_cors[0m - AssertionError: Regex pattern did not match.
[31mFAILED[0m tests/unit/test_core_config_comprehensive.py::[1mTestProductionValidation::test_production_rejects_localhost_cors[0m - AssertionError: Regex pattern did not match.
[31mFAILED[0m tests/unit/test_core_config_comprehensive.py::[1mTestProductionValidation::test_production_valid_configuration[0m - ValueError: CRITICAL: JWT_SECRET_KEY must be at least 64 chars!
[31mFAILED[0m tests/unit/test_core_config_comprehensive.py::[1mTestDevelopmentConfiguration::test_development_allows_debug_mode[0m - ValueError: DATABASE_URL environment variable is required.
[31mFAILED[0m tests/unit/test_core_config_comprehensive.py::[1mTestDevelopmentConfiguration::test_development_allows_default_secrets[0m - ValueError: DATABASE_URL environment variable is required.
[31mFAILED[0m tests/unit/test_core_config_comprehensive.py::[1mTestGetSettingsSingleton::test_get_settings_is_cached[0m - ValueError: DATABASE_URL environment variable is required.
[31mFAILED[0m tests/unit/test_core_config_comprehensive.py::[1mTestJWTConfiguration::test_jwt_secret_fallback_to_secret_key[0m - ValueError: DATABASE_URL environment variable is required.
[31mFAILED[0m tests/unit/test_core_config_comprehensive.py::[1mTestJWTConfiguration::test_jwt_secret_uses_env_var_when_set[0m - ValueError: DATABASE_URL environment variable is required.
[31mFAILED[0m tests/unit/test_core_config_comprehensive.py::[1mTestJWTConfiguration::test_production_requires_jwt_secret_key_env_var[0m - AssertionError: Regex pattern did not match.
[31mFAILED[0m tests/unit/test_core_config_comprehensive.py::[1mTestCORSConfiguration::test_cors_single_origin[0m - ValueError: DATABASE_URL environment variable is required.
[31mFAILED[0m tests/unit/test_core_config_comprehensive.py::[1mTestCORSConfiguration::test_cors_multiple_origins[0m - ValueError: DATABASE_URL environment variable is required.
[31mFAILED[0m tests/unit/test_core_config_comprehensive.py::[1mTestCORSConfiguration::test_cors_strips_whitespace[0m - ValueError: DATABASE_URL environment variable is required.
[31mFAILED[0m tests/unit/test_core_database_coverage.py::[1mTestDatabaseManager::test_initialization_creates_engine[0m - assert None is not None
[31mFAILED[0m tests/unit/test_core_database_coverage.py::[1mTestDatabaseManager::test_postgresql_pool_configuration[0m - TypeError: 'NoneType' object is not subscriptable
[31mFAILED[0m tests/unit/test_core_database_coverage.py::[1mTestDatabaseManager::test_sqlite_no_pool_settings[0m - TypeError: 'NoneType' object is not subscriptable
[31mFAILED[0m tests/unit/test_core_database_coverage.py::[1mTestDatabaseManager::test_connection_test_successful[0m - TypeError: 'coroutine' object does not support the asynchronous context man...
[31mFAILED[0m tests/unit/test_core_database_coverage.py::[1mTestDatabaseManager::test_connection_test_failure[0m - TypeError: 'coroutine' object does not support the asynchronous context man...
[31mFAILED[0m tests/unit/test_core_database_coverage.py::[1mTestDatabaseManager::test_get_session_context_manager[0m - TypeError: 'coroutine' object does not support the asynchronous context man...
[31mFAILED[0m tests/unit/test_core_database_coverage.py::[1mTestDatabaseManager::test_get_session_initializes_if_needed[0m - TypeError: 'coroutine' object does not support the asynchronous context man...
[31mFAILED[0m tests/unit/test_core_database_coverage.py::[1mTestDatabaseManager::test_create_tables[0m - TypeError: 'coroutine' object does not support the asynchronous context man...
[31mFAILED[0m tests/unit/test_core_database_coverage.py::[1mTestDatabaseManager::test_drop_tables[0m - TypeError: 'coroutine' object does not support the asynchronous context man...
[31mFAILED[0m tests/unit/test_core_database_coverage.py::[1mTestDatabaseManager::test_health_check_healthy[0m - assert False is True
[31mFAILED[0m tests/unit/test_core_database_coverage.py::[1mTestDatabaseManagerEdgeCases::test_initialization_failure_propagates[0m - Failed: DID NOT RAISE <class 'Exception'>
[31mFAILED[0m tests/unit/test_core_database_coverage.py::[1mTestDatabaseManagerEdgeCases::test_session_maker_creation[0m - AssertionError: Expected 'async_sessionmaker' to have been called once. Cal...
[31mFAILED[0m tests/unit/test_core_database_coverage.py::[1mTestDatabaseManagerEdgeCases::test_default_pool_settings_when_not_configured[0m - TypeError: 'NoneType' object is not subscriptable
[31mFAILED[0m tests/unit/test_database_models.py::[1mTestEnums::test_user_role_enum_values[0m - AssertionError: assert 'STUDENT' == 'student'
[31mFAILED[0m tests/unit/test_enhanced_chat_api.py::[1mTestMessageSending::test_send_message_basic_success[0m - assert 404 == 200
[31mFAILED[0m tests/unit/test_enhanced_chat_api.py::[1mTestMessageSending::test_send_message_with_subject[0m - assert 404 == 200
[31mFAILED[0m tests/unit/test_enhanced_chat_api.py::[1mTestMessageSending::test_send_message_with_session_id[0m - assert 404 == 200
[31mFAILED[0m tests/unit/test_enhanced_chat_api.py::[1mTestMessageSending::test_send_message_length_valid[1][0m - assert 404 == 200
[31mFAILED[0m tests/unit/test_enhanced_chat_api.py::[1mTestMessageSending::test_send_message_length_valid[10][0m - assert 404 == 200
[31mFAILED[0m tests/unit/test_enhanced_chat_api.py::[1mTestMessageSending::test_send_message_length_valid[50][0m - assert 404 == 200
[31mFAILED[0m tests/unit/test_enhanced_chat_api.py::[1mTestMessageSending::test_send_message_length_valid[100][0m - assert 404 == 200
[31mFAILED[0m tests/unit/test_enhanced_chat_api.py::[1mTestMessageSending::test_send_message_length_valid[500][0m - assert 404 == 200
[31mFAILED[0m tests/unit/test_enhanced_chat_api.py::[1mTestMessageSending::test_send_message_length_valid[1000][0m - assert 404 == 200
[31mFAILED[0m tests/unit/test_enhanced_chat_api.py::[1mTestMessageSending::test_send_message_length_valid[2000][0m - assert 404 == 200
[31mFAILED[0m tests/unit/test_enhanced_chat_api.py::[1mTestMessageSending::test_send_message_empty_fails[0m - assert 404 in [400, 422]
[31mFAILED[0m tests/unit/test_enhanced_chat_api.py::[1mTestMessageSending::test_send_message_missing_student_id[0m - assert 404 == 422
[31mFAILED[0m tests/unit/test_enhanced_chat_api.py::[1mTestMessageSending::test_send_message_missing_message[0m - assert 404 == 422
[31mFAILED[0m tests/unit/test_enhanced_chat_api.py::[1mTestMessageSending::test_send_message_turkish_characters[T\xfcrk\xe7e karakterler: \u011f\xfc\u015f\u0131\xf6\xe7\u011e\xdc\u015e\u0130\xd6\xc7][0m - assert 404 == 200
[31mFAILED[0m tests/unit/test_enhanced_chat_api.py::[1mTestMessageSending::test_send_message_turkish_characters[\u0130stanbul'dan Ankara'ya][0m - assert 404 == 200
[31mFAILED[0m tests/unit/test_enhanced_chat_api.py::[1mTestMessageSending::test_send_message_turkish_characters[\xd6\u011frenci \xf6\u011fretmenden \xf6\u011frenir][0m - assert 404 == 200
[31mFAILED[0m tests/unit/test_enhanced_chat_api.py::[1mTestMessageSending::test_send_message_turkish_characters[\xc7al\u0131\u015fkan \xf6\u011frenci ba\u015far\u0131l\u0131 olur][0m - assert 404 == 200
[31mFAILED[0m tests/unit/test_enhanced_chat_api.py::[1mTestMessageSending::test_send_message_special_characters[Test! Mesaj?][0m - assert 404 == 200
[31mFAILED[0m tests/unit/test_enhanced_chat_api.py::[1mTestMessageSending::test_send_message_special_characters[Email: test@example.com][0m - assert 404 == 200
[31mFAILED[0m tests/unit/test_enhanced_chat_api.py::[1mTestMessageSending::test_send_message_special_characters[Math: 2+2=4, x\xb2+y\xb2=z\xb2][0m - assert 404 == 200
[31mFAILED[0m tests/unit/test_enhanced_chat_api.py::[1mTestMessageSending::test_send_message_special_characters[Code: if (x > 0) { return true; }][0m - assert 404 == 200
[31mFAILED[0m tests/unit/test_enhanced_chat_api.py::[1mTestMessageSending::test_send_message_special_characters[Emoji: \U0001f60a \U0001f4da \u2705][0m - assert 404 == 200
[31mFAILED[0m tests/unit/test_enhanced_chat_api.py::[1mTestMessageSending::test_send_message_different_modes[adaptive][0m - assert 404 == 200
[31mFAILED[0m tests/unit/test_enhanced_chat_api.py::[1mTestMessageSending::test_send_message_different_modes[learning_style][0m - assert 404 == 200
[31mFAILED[0m tests/unit/test_enhanced_chat_api.py::[1mTestMessageSending::test_send_message_different_modes[simplified][0m - assert 404 == 200
[31mFAILED[0m tests/unit/test_enhanced_chat_api.py::[1mTestMessageSending::test_send_message_different_modes[comprehensive][0m - assert 404 == 200
[31mFAILED[0m tests/unit/test_enhanced_chat_api.py::[1mTestMessageSending::test_send_message_with_context_data[0m - assert 404 == 200
Unclosed connector
connections: ['deque([(<aiohttp.client_proto.ResponseHandler object at 0x000001818A8FE270>, 11653.4083111)])']
connector: <aiohttp.connector.TCPConnector object at 0x000001818A9181A0>
[33m[2026-01-30 17:38:41] WARNING ValueError: Test error[0m (Request: req-123) (User: user-456)
[33m[2026-01-30 17:38:42] WARNING ValueError: Test error[0m (Request: test-123)
[33m[2026-01-30 17:38:42] WARNING ValueError: Validation failed[0m (Request: req-0)
[31m[2026-01-30 17:38:43] ERROR ConnectionError: Network error[0m (Request: req-1)
[35m[2026-01-30 17:38:43] CRITICAL MemoryError: Out of memory[0m (Request: req-2)

[31m[ALERT] ALERT [CRITICAL] 2026-01-30T17:38:43.003129[0m
[31mCritical error detected in the last hour[0m

[31m[2026-01-30 17:38:43] ERROR Exception: Test[0m
