WARNING: TEST_DATABASE_URL not set, using in-memory SQLite
WARNING: SYNC_TEST_DATABASE_URL not set, using in-memory SQLite
[OK] TESTING environment configured at module level
[1m============================= test session starts =============================[0m
platform win32 -- Python 3.13.0, pytest-9.0.2, pluggy-1.6.0 -- C:\Users\husey\kiro2\.venv\Scripts\python.exe
hypothesis profile 'default'
rootdir: C:\Users\husey\kiro2\backend
configfile: pytest.ini (WARNING: ignoring pytest config in setup.cfg!)
plugins: anyio-4.12.1, hypothesis-6.151.4, langsmith-0.6.4, asyncio-1.3.0, cov-7.0.0, timeout-2.4.0
asyncio: mode=Mode.AUTO, debug=False, asyncio_default_fixture_loop_scope=None, asyncio_default_test_loop_scope=function
[1mcollecting ... [0mLoading weights:   0%|          | 0/199 [00:00<?, ?it/s]Loading weights:   1%|          | 1/199 [00:00<00:00, 7294.44it/s, Materializing param=embeddings.LayerNorm.bias]Loading weights:   1%|          | 1/199 [00:00<00:00, 3008.83it/s, Materializing param=embeddings.LayerNorm.bias]Loading weights:   1%|          | 2/199 [00:00<00:00, 2943.37it/s, Materializing param=embeddings.LayerNorm.weight]Loading weights:   1%|          | 2/199 [00:00<00:00, 2421.65it/s, Materializing param=embeddings.LayerNorm.weight]Loading weights:   2%|▏         | 3/199 [00:00<00:00, 2689.81it/s, Materializing param=embeddings.position_embeddings.weight]Loading weights:   2%|▏         | 3/199 [00:00<00:00, 2324.14it/s, Materializing param=embeddings.position_embeddings.weight]Loading weights:   2%|▏         | 4/199 [00:00<00:00, 1581.12it/s, Materializing param=embeddings.token_type_embeddings.weight]Loading weights:   2%|▏         | 4/199 [00:00<00:00, 1471.43it/s, Materializing param=embeddings.token_type_embeddings.weight]Loading weights:   3%|▎         | 5/199 [00:00<00:00, 1489.56it/s, Materializing param=embeddings.word_embeddings.weight]      Loading weights:   3%|▎         | 5/199 [00:00<00:00, 1375.90it/s, Materializing param=embeddings.word_embeddings.weight]Loading weights:   3%|▎         | 6/199 [00:00<00:00, 1424.62it/s, Materializing param=encoder.layer.0.attention.output.LayerNorm.bias]Loading weights:   3%|▎         | 6/199 [00:00<00:00, 1313.73it/s, Materializing param=encoder.layer.0.attention.output.LayerNorm.bias]Loading weights:   4%|▎         | 7/199 [00:00<00:00, 1421.04it/s, Materializing param=encoder.layer.0.attention.output.LayerNorm.weight]Loading weights:   4%|▎         | 7/199 [00:00<00:00, 1327.79it/s, Materializing param=encoder.layer.0.attention.output.LayerNorm.weight]Loading weights:   4%|▍         | 8/199 [00:00<00:00, 1389.82it/s, Materializing param=encoder.layer.0.attention.output.dense.bias]      Loading weights:   4%|▍         | 8/199 [00:00<00:00, 1348.54it/s, Materializing param=encoder.layer.0.attention.output.dense.bias]Loading weights:   5%|▍         | 9/199 [00:00<00:00, 1353.58it/s, Materializing param=encoder.layer.0.attention.output.dense.weight]Loading weights:   5%|▍         | 9/199 [00:00<00:00, 1284.01it/s, Materializing param=encoder.layer.0.attention.output.dense.weight]Loading weights:   5%|▌         | 10/199 [00:00<00:00, 1282.94it/s, Materializing param=encoder.layer.0.attention.self.key.bias]     Loading weights:   5%|▌         | 10/199 [00:00<00:00, 1226.91it/s, Materializing param=encoder.layer.0.attention.self.key.bias]Loading weights:   6%|▌         | 11/199 [00:00<00:00, 1141.99it/s, Materializing param=encoder.layer.0.attention.self.key.weight]Loading weights:   6%|▌         | 11/199 [00:00<00:00, 1024.02it/s, Materializing param=encoder.layer.0.attention.self.key.weight]Loading weights:   6%|▌         | 12/199 [00:00<00:00, 1037.23it/s, Materializing param=encoder.layer.0.attention.self.query.bias]Loading weights:   6%|▌         | 12/199 [00:00<00:00, 1019.04it/s, Materializing param=encoder.layer.0.attention.self.query.bias]Loading weights:   7%|▋         | 13/199 [00:00<00:00, 998.55it/s, Materializing param=encoder.layer.0.attention.self.query.weight]Loading weights:   7%|▋         | 13/199 [00:00<00:00, 982.70it/s, Materializing param=encoder.layer.0.attention.self.query.weight]Loading weights:   7%|▋         | 14/199 [00:00<00:00, 1004.57it/s, Materializing param=encoder.layer.0.attention.self.value.bias] Loading weights:   7%|▋         | 14/199 [00:00<00:00, 962.08it/s, Materializing param=encoder.layer.0.attention.self.value.bias] Loading weights:   8%|▊         | 15/199 [00:00<00:00, 992.64it/s, Materializing param=encoder.layer.0.attention.self.value.weight]Loading weights:   8%|▊         | 15/199 [00:00<00:00, 980.18it/s, Materializing param=encoder.layer.0.attention.self.value.weight]Loading weights:   8%|▊         | 16/199 [00:00<00:00, 1026.33it/s, Materializing param=encoder.layer.0.intermediate.dense.bias]   Loading weights:   8%|▊         | 16/199 [00:00<00:00, 1016.20it/s, Materializing param=encoder.layer.0.intermediate.dense.bias]Loading weights:   9%|▊         | 17/199 [00:00<00:00, 1026.58it/s, Materializing param=encoder.layer.0.intermediate.dense.weight]Loading weights:   9%|▊         | 17/199 [00:00<00:00, 1001.63it/s, Materializing param=encoder.layer.0.intermediate.dense.weight]Loading weights:   9%|▉         | 18/199 [00:00<00:00, 1015.97it/s, Materializing param=encoder.layer.0.output.LayerNorm.bias]    Loading weights:   9%|▉         | 18/199 [00:00<00:00, 1004.37it/s, Materializing param=encoder.layer.0.output.LayerNorm.bias]Loading weights:  10%|▉         | 19/199 [00:00<00:00, 1034.85it/s, Materializing param=encoder.layer.0.output.LayerNorm.weight]Loading weights:  10%|▉         | 19/199 [00:00<00:00, 1023.15it/s, Materializing param=encoder.layer.0.output.LayerNorm.weight]Loading weights:  10%|█         | 20/199 [00:00<00:00, 991.14it/s, Materializing param=encoder.layer.0.output.dense.bias]       Loading weights:  10%|█         | 20/199 [00:00<00:00, 977.61it/s, Materializing param=encoder.layer.0.output.dense.bias]Loading weights:  11%|█         | 21/199 [00:00<00:00, 961.10it/s, Materializing param=encoder.layer.0.output.dense.weight]Loading weights:  11%|█         | 21/199 [00:00<00:00, 949.67it/s, Materializing param=encoder.layer.0.output.dense.weight]Loading weights:  11%|█         | 22/199 [00:00<00:00, 974.50it/s, Materializing param=encoder.layer.1.attention.output.LayerNorm.bias]Loading weights:  11%|█         | 22/199 [00:00<00:00, 955.22it/s, Materializing param=encoder.layer.1.attention.output.LayerNorm.bias]Loading weights:  12%|█▏        | 23/199 [00:00<00:00, 980.79it/s, Materializing param=encoder.layer.1.attention.output.LayerNorm.weight]Loading weights:  12%|█▏        | 23/199 [00:00<00:00, 965.16it/s, Materializing param=encoder.layer.1.attention.output.LayerNorm.weight]Loading weights:  12%|█▏        | 24/199 [00:00<00:00, 976.39it/s, Materializing param=encoder.layer.1.attention.output.dense.bias]      Loading weights:  12%|█▏        | 24/199 [00:00<00:00, 946.17it/s, Materializing param=encoder.layer.1.attention.output.dense.bias]Loading weights:  13%|█▎        | 25/199 [00:00<00:00, 963.80it/s, Materializing param=encoder.layer.1.attention.output.dense.weight]Loading weights:  13%|█▎        | 25/199 [00:00<00:00, 945.57it/s, Materializing param=encoder.layer.1.attention.output.dense.weight]Loading weights:  13%|█▎        | 26/199 [00:00<00:00, 944.03it/s, Materializing param=encoder.layer.1.attention.self.key.bias]      Loading weights:  13%|█▎        | 26/199 [00:00<00:00, 937.48it/s, Materializing param=encoder.layer.1.attention.self.key.bias]Loading weights:  14%|█▎        | 27/199 [00:00<00:00, 944.28it/s, Materializing param=encoder.layer.1.attention.self.key.weight]Loading weights:  14%|█▎        | 27/199 [00:00<00:00, 929.10it/s, Materializing param=encoder.layer.1.attention.self.key.weight]Loading weights:  14%|█▍        | 28/199 [00:00<00:00, 917.91it/s, Materializing param=encoder.layer.1.attention.self.query.bias]Loading weights:  14%|█▍        | 28/199 [00:00<00:00, 895.45it/s, Materializing param=encoder.layer.1.attention.self.query.bias]Loading weights:  15%|█▍        | 29/199 [00:00<00:00, 900.65it/s, Materializing param=encoder.layer.1.attention.self.query.weight]Loading weights:  15%|█▍        | 29/199 [00:00<00:00, 896.17it/s, Materializing param=encoder.layer.1.attention.self.query.weight]Loading weights:  15%|█▌        | 30/199 [00:00<00:00, 919.32it/s, Materializing param=encoder.layer.1.attention.self.value.bias]  Loading weights:  15%|█▌        | 30/199 [00:00<00:00, 910.10it/s, Materializing param=encoder.layer.1.attention.self.value.bias]Loading weights:  16%|█▌        | 31/199 [00:00<00:00, 921.46it/s, Materializing param=encoder.layer.1.attention.self.value.weight]Loading weights:  16%|█▌        | 31/199 [00:00<00:00, 916.36it/s, Materializing param=encoder.layer.1.attention.self.value.weight]Loading weights:  16%|█▌        | 32/199 [00:00<00:00, 935.94it/s, Materializing param=encoder.layer.1.intermediate.dense.bias]    Loading weights:  16%|█▌        | 32/199 [00:00<00:00, 920.97it/s, Materializing param=encoder.layer.1.intermediate.dense.bias]Loading weights:  17%|█▋        | 33/199 [00:00<00:00, 925.67it/s, Materializing param=encoder.layer.1.intermediate.dense.weight]Loading weights:  17%|█▋        | 33/199 [00:00<00:00, 900.56it/s, Materializing param=encoder.layer.1.intermediate.dense.weight]Loading weights:  17%|█▋        | 34/199 [00:00<00:00, 912.87it/s, Materializing param=encoder.layer.1.output.LayerNorm.bias]    Loading weights:  17%|█▋        | 34/199 [00:00<00:00, 902.77it/s, Materializing param=encoder.layer.1.output.LayerNorm.bias]Loading weights:  18%|█▊        | 35/199 [00:00<00:00, 903.67it/s, Materializing param=encoder.layer.1.output.LayerNorm.weight]Loading weights:  18%|█▊        | 35/199 [00:00<00:00, 899.19it/s, Materializing param=encoder.layer.1.output.LayerNorm.weight]Loading weights:  18%|█▊        | 36/199 [00:00<00:00, 899.53it/s, Materializing param=encoder.layer.1.output.dense.bias]      Loading weights:  18%|█▊        | 36/199 [00:00<00:00, 895.01it/s, Materializing param=encoder.layer.1.output.dense.bias]Loading weights:  19%|█▊        | 37/199 [00:00<00:00, 894.92it/s, Materializing param=encoder.layer.1.output.dense.weight]Loading weights:  19%|█▊        | 37/199 [00:00<00:00, 891.08it/s, Materializing param=encoder.layer.1.output.dense.weight]Loading weights:  19%|█▉        | 38/199 [00:00<00:00, 891.94it/s, Materializing param=encoder.layer.2.attention.output.LayerNorm.bias]Loading weights:  19%|█▉        | 38/199 [00:00<00:00, 883.93it/s, Materializing param=encoder.layer.2.attention.output.LayerNorm.bias]Loading weights:  20%|█▉        | 39/199 [00:00<00:00, 890.04it/s, Materializing param=encoder.layer.2.attention.output.LayerNorm.weight]Loading weights:  20%|█▉        | 39/199 [00:00<00:00, 886.36it/s, Materializing param=encoder.layer.2.attention.output.LayerNorm.weight]Loading weights:  20%|██        | 40/199 [00:00<00:00, 896.14it/s, Materializing param=encoder.layer.2.attention.output.dense.bias]      Loading weights:  20%|██        | 40/199 [00:00<00:00, 893.61it/s, Materializing param=encoder.layer.2.attention.output.dense.bias]Loading weights:  21%|██        | 41/199 [00:00<00:00, 906.47it/s, Materializing param=encoder.layer.2.attention.output.dense.weight]Loading weights:  21%|██        | 41/199 [00:00<00:00, 896.82it/s, Materializing param=encoder.layer.2.attention.output.dense.weight]Loading weights:  21%|██        | 42/199 [00:00<00:00, 911.16it/s, Materializing param=encoder.layer.2.attention.self.key.bias]      Loading weights:  21%|██        | 42/199 [00:00<00:00, 907.83it/s, Materializing param=encoder.layer.2.attention.self.key.bias]Loading weights:  22%|██▏       | 43/199 [00:00<00:00, 919.95it/s, Materializing param=encoder.layer.2.attention.self.key.weight]Loading weights:  22%|██▏       | 43/199 [00:00<00:00, 909.47it/s, Materializing param=encoder.layer.2.attention.self.key.weight]Loading weights:  22%|██▏       | 44/199 [00:00<00:00, 914.08it/s, Materializing param=encoder.layer.2.attention.self.query.bias]Loading weights:  22%|██▏       | 44/199 [00:00<00:00, 910.30it/s, Materializing param=encoder.layer.2.attention.self.query.bias]Loading weights:  23%|██▎       | 45/199 [00:00<00:00, 915.97it/s, Materializing param=encoder.layer.2.attention.self.query.weight]Loading weights:  23%|██▎       | 45/199 [00:00<00:00, 911.24it/s, Materializing param=encoder.layer.2.attention.self.query.weight]Loading weights:  23%|██▎       | 46/199 [00:00<00:00, 915.73it/s, Materializing param=encoder.layer.2.attention.self.value.bias]  Loading weights:  23%|██▎       | 46/199 [00:00<00:00, 912.08it/s, Materializing param=encoder.layer.2.attention.self.value.bias]Loading weights:  24%|██▎       | 47/199 [00:00<00:00, 916.11it/s, Materializing param=encoder.layer.2.attention.self.value.weight]Loading weights:  24%|██▎       | 47/199 [00:00<00:00, 907.41it/s, Materializing param=encoder.layer.2.attention.self.value.weight]Loading weights:  24%|██▍       | 48/199 [00:00<00:00, 916.76it/s, Materializing param=encoder.layer.2.intermediate.dense.bias]    Loading weights:  24%|██▍       | 48/199 [00:00<00:00, 913.18it/s, Materializing param=encoder.layer.2.intermediate.dense.bias]Loading weights:  25%|██▍       | 49/199 [00:00<00:00, 926.65it/s, Materializing param=encoder.layer.2.intermediate.dense.weight]Loading weights:  25%|██▍       | 49/199 [00:00<00:00, 924.57it/s, Materializing param=encoder.layer.2.intermediate.dense.weight]Loading weights:  25%|██▌       | 50/199 [00:00<00:00, 939.52it/s, Materializing param=encoder.layer.2.output.LayerNorm.bias]    Loading weights:  25%|██▌       | 50/199 [00:00<00:00, 937.58it/s, Materializing param=encoder.layer.2.output.LayerNorm.bias]Loading weights:  26%|██▌       | 51/199 [00:00<00:00, 937.38it/s, Materializing param=encoder.layer.2.output.LayerNorm.weight]Loading weights:  26%|██▌       | 51/199 [00:00<00:00, 934.00it/s, Materializing param=encoder.layer.2.output.LayerNorm.weight]Loading weights:  26%|██▌       | 52/199 [00:00<00:00, 941.69it/s, Materializing param=encoder.layer.2.output.dense.bias]      Loading weights:  26%|██▌       | 52/199 [00:00<00:00, 938.32it/s, Materializing param=encoder.layer.2.output.dense.bias]Loading weights:  27%|██▋       | 53/199 [00:00<00:00, 940.03it/s, Materializing param=encoder.layer.2.output.dense.weight]Loading weights:  27%|██▋       | 53/199 [00:00<00:00, 932.24it/s, Materializing param=encoder.layer.2.output.dense.weight]Loading weights:  27%|██▋       | 54/199 [00:00<00:00, 938.18it/s, Materializing param=encoder.layer.3.attention.output.LayerNorm.bias]Loading weights:  27%|██▋       | 54/199 [00:00<00:00, 934.89it/s, Materializing param=encoder.layer.3.attention.output.LayerNorm.bias]Loading weights:  28%|██▊       | 55/199 [00:00<00:00, 946.33it/s, Materializing param=encoder.layer.3.attention.output.LayerNorm.weight]Loading weights:  28%|██▊       | 55/199 [00:00<00:00, 938.53it/s, Materializing param=encoder.layer.3.attention.output.LayerNorm.weight]Loading weights:  28%|██▊       | 56/199 [00:00<00:00, 944.18it/s, Materializing param=encoder.layer.3.attention.output.dense.bias]      Loading weights:  28%|██▊       | 56/199 [00:00<00:00, 940.82it/s, Materializing param=encoder.layer.3.attention.output.dense.bias]Loading weights:  29%|██▊       | 57/199 [00:00<00:00, 951.89it/s, Materializing param=encoder.layer.3.attention.output.dense.weight]Loading weights:  29%|██▊       | 57/199 [00:00<00:00, 949.04it/s, Materializing param=encoder.layer.3.attention.output.dense.weight]Loading weights:  29%|██▉       | 58/199 [00:00<00:00, 949.85it/s, Materializing param=encoder.layer.3.attention.self.key.bias]      Loading weights:  29%|██▉       | 58/199 [00:00<00:00, 942.26it/s, Materializing param=encoder.layer.3.attention.self.key.bias]Loading weights:  30%|██▉       | 59/199 [00:00<00:00, 945.68it/s, Materializing param=encoder.layer.3.attention.self.key.weight]Loading weights:  30%|██▉       | 59/199 [00:00<00:00, 941.94it/s, Materializing param=encoder.layer.3.attention.self.key.weight]Loading weights:  30%|███       | 60/199 [00:00<00:00, 944.24it/s, Materializing param=encoder.layer.3.attention.self.query.bias]Loading weights:  30%|███       | 60/199 [00:00<00:00, 938.75it/s, Materializing param=encoder.layer.3.attention.self.query.bias]Loading weights:  31%|███       | 61/199 [00:00<00:00, 935.87it/s, Materializing param=encoder.layer.3.attention.self.query.weight]Loading weights:  31%|███       | 61/199 [00:00<00:00, 930.86it/s, Materializing param=encoder.layer.3.attention.self.query.weight]Loading weights:  31%|███       | 62/199 [00:00<00:00, 917.10it/s, Materializing param=encoder.layer.3.attention.self.value.bias]  Loading weights:  31%|███       | 62/199 [00:00<00:00, 913.76it/s, Materializing param=encoder.layer.3.attention.self.value.bias]Loading weights:  32%|███▏      | 63/199 [00:00<00:00, 918.89it/s, Materializing param=encoder.layer.3.attention.self.value.weight]Loading weights:  32%|███▏      | 63/199 [00:00<00:00, 916.11it/s, Materializing param=encoder.layer.3.attention.self.value.weight]Loading weights:  32%|███▏      | 64/199 [00:00<00:00, 914.30it/s, Materializing param=encoder.layer.3.intermediate.dense.bias]    Loading weights:  32%|███▏      | 64/199 [00:00<00:00, 908.21it/s, Materializing param=encoder.layer.3.intermediate.dense.bias]Loading weights:  33%|███▎      | 65/199 [00:00<00:00, 908.02it/s, Materializing param=encoder.layer.3.intermediate.dense.weight]Loading weights:  33%|███▎      | 65/199 [00:00<00:00, 905.65it/s, Materializing param=encoder.layer.3.intermediate.dense.weight]Loading weights:  33%|███▎      | 66/199 [00:00<00:00, 909.83it/s, Materializing param=encoder.layer.3.output.LayerNorm.bias]    Loading weights:  33%|███▎      | 66/199 [00:00<00:00, 907.31it/s, Materializing param=encoder.layer.3.output.LayerNorm.bias]Loading weights:  34%|███▎      | 67/199 [00:00<00:00, 905.28it/s, Materializing param=encoder.layer.3.output.LayerNorm.weight]Loading weights:  34%|███▎      | 67/199 [00:00<00:00, 896.13it/s, Materializing param=encoder.layer.3.output.LayerNorm.weight]Loading weights:  34%|███▍      | 68/199 [00:00<00:00, 904.03it/s, Materializing param=encoder.layer.3.output.dense.bias]      Loading weights:  34%|███▍      | 68/199 [00:00<00:00, 901.64it/s, Materializing param=encoder.layer.3.output.dense.bias]Loading weights:  35%|███▍      | 69/199 [00:00<00:00, 904.92it/s, Materializing param=encoder.layer.3.output.dense.weight]Loading weights:  35%|███▍      | 69/199 [00:00<00:00, 901.70it/s, Materializing param=encoder.layer.3.output.dense.weight]Loading weights:  35%|███▌      | 70/199 [00:00<00:00, 908.54it/s, Materializing param=encoder.layer.4.attention.output.LayerNorm.bias]Loading weights:  35%|███▌      | 70/199 [00:00<00:00, 905.88it/s, Materializing param=encoder.layer.4.attention.output.LayerNorm.bias]Loading weights:  36%|███▌      | 71/199 [00:00<00:00, 913.93it/s, Materializing param=encoder.layer.4.attention.output.LayerNorm.weight]Loading weights:  36%|███▌      | 71/199 [00:00<00:00, 904.28it/s, Materializing param=encoder.layer.4.attention.output.LayerNorm.weight]Loading weights:  36%|███▌      | 72/199 [00:00<00:00, 912.24it/s, Materializing param=encoder.layer.4.attention.output.dense.bias]      Loading weights:  36%|███▌      | 72/199 [00:00<00:00, 906.12it/s, Materializing param=encoder.layer.4.attention.output.dense.bias]Loading weights:  37%|███▋      | 73/199 [00:00<00:00, 911.43it/s, Materializing param=encoder.layer.4.attention.output.dense.weight]Loading weights:  37%|███▋      | 73/199 [00:00<00:00, 905.91it/s, Materializing param=encoder.layer.4.attention.output.dense.weight]Loading weights:  37%|███▋      | 74/199 [00:00<00:00, 881.98it/s, Materializing param=encoder.layer.4.attention.self.key.bias]      Loading weights:  37%|███▋      | 74/199 [00:00<00:00, 875.96it/s, Materializing param=encoder.layer.4.attention.self.key.bias]Loading weights:  38%|███▊      | 75/199 [00:00<00:00, 881.10it/s, Materializing param=encoder.layer.4.attention.self.key.weight]Loading weights:  38%|███▊      | 75/199 [00:00<00:00, 872.31it/s, Materializing param=encoder.layer.4.attention.self.key.weight]Loading weights:  38%|███▊      | 76/199 [00:00<00:00, 879.48it/s, Materializing param=encoder.layer.4.attention.self.query.bias]Loading weights:  38%|███▊      | 76/199 [00:00<00:00, 867.29it/s, Materializing param=encoder.layer.4.attention.self.query.bias]Loading weights:  39%|███▊      | 77/199 [00:00<00:00, 873.68it/s, Materializing param=encoder.layer.4.attention.self.query.weight]Loading weights:  39%|███▊      | 77/199 [00:00<00:00, 867.56it/s, Materializing param=encoder.layer.4.attention.self.query.weight]Loading weights:  39%|███▉      | 78/199 [00:00<00:00, 872.46it/s, Materializing param=encoder.layer.4.attention.self.value.bias]  Loading weights:  39%|███▉      | 78/199 [00:00<00:00, 865.83it/s, Materializing param=encoder.layer.4.attention.self.value.bias]Loading weights:  40%|███▉      | 79/199 [00:00<00:00, 870.67it/s, Materializing param=encoder.layer.4.attention.self.value.weight]Loading weights:  40%|███▉      | 79/199 [00:00<00:00, 861.73it/s, Materializing param=encoder.layer.4.attention.self.value.weight]Loading weights:  40%|████      | 80/199 [00:00<00:00, 864.49it/s, Materializing param=encoder.layer.4.intermediate.dense.bias]    Loading weights:  40%|████      | 80/199 [00:00<00:00, 859.55it/s, Materializing param=encoder.layer.4.intermediate.dense.bias]Loading weights:  41%|████      | 81/199 [00:00<00:00, 858.02it/s, Materializing param=encoder.layer.4.intermediate.dense.weight]Loading weights:  41%|████      | 81/199 [00:00<00:00, 855.86it/s, Materializing param=encoder.layer.4.intermediate.dense.weight]Loading weights:  41%|████      | 82/199 [00:00<00:00, 857.38it/s, Materializing param=encoder.layer.4.output.LayerNorm.bias]    Loading weights:  41%|████      | 82/199 [00:00<00:00, 853.05it/s, Materializing param=encoder.layer.4.output.LayerNorm.bias]Loading weights:  42%|████▏     | 83/199 [00:00<00:00, 843.98it/s, Materializing param=encoder.layer.4.output.LayerNorm.weight]Loading weights:  42%|████▏     | 83/199 [00:00<00:00, 842.21it/s, Materializing param=encoder.layer.4.output.LayerNorm.weight]Loading weights:  42%|████▏     | 84/199 [00:00<00:00, 848.62it/s, Materializing param=encoder.layer.4.output.dense.bias]      Loading weights:  42%|████▏     | 84/199 [00:00<00:00, 841.15it/s, Materializing param=encoder.layer.4.output.dense.bias]Loading weights:  43%|████▎     | 85/199 [00:00<00:00, 847.89it/s, Materializing param=encoder.layer.4.output.dense.bias]Loading weights:  43%|████▎     | 85/199 [00:00<00:00, 847.89it/s, Materializing param=encoder.layer.4.output.dense.weight]Loading weights:  43%|████▎     | 85/199 [00:00<00:00, 847.89it/s, Materializing param=encoder.layer.4.output.dense.weight]Loading weights:  43%|████▎     | 86/199 [00:00<00:00, 847.89it/s, Materializing param=encoder.layer.5.attention.output.LayerNorm.bias]Loading weights:  43%|████▎     | 86/199 [00:00<00:00, 847.89it/s, Materializing param=encoder.layer.5.attention.output.LayerNorm.bias]Loading weights:  44%|████▎     | 87/199 [00:00<00:00, 847.89it/s, Materializing param=encoder.layer.5.attention.output.LayerNorm.weight]Loading weights:  44%|████▎     | 87/199 [00:00<00:00, 847.89it/s, Materializing param=encoder.layer.5.attention.output.LayerNorm.weight]Loading weights:  44%|████▍     | 88/199 [00:00<00:00, 847.89it/s, Materializing param=encoder.layer.5.attention.output.dense.bias]      Loading weights:  44%|████▍     | 88/199 [00:00<00:00, 847.89it/s, Materializing param=encoder.layer.5.attention.output.dense.bias]Loading weights:  45%|████▍     | 89/199 [00:00<00:00, 847.89it/s, Materializing param=encoder.layer.5.attention.output.dense.weight]Loading weights:  45%|████▍     | 89/199 [00:00<00:00, 847.89it/s, Materializing param=encoder.layer.5.attention.output.dense.weight]Loading weights:  45%|████▌     | 90/199 [00:00<00:00, 847.89it/s, Materializing param=encoder.layer.5.attention.self.key.bias]      Loading weights:  45%|████▌     | 90/199 [00:00<00:00, 847.89it/s, Materializing param=encoder.layer.5.attention.self.key.bias]Loading weights:  46%|████▌     | 91/199 [00:00<00:00, 847.89it/s, Materializing param=encoder.layer.5.attention.self.key.weight]Loading weights:  46%|████▌     | 91/199 [00:00<00:00, 847.89it/s, Materializing param=encoder.layer.5.attention.self.key.weight]Loading weights:  46%|████▌     | 92/199 [00:00<00:00, 847.89it/s, Materializing param=encoder.layer.5.attention.self.query.bias]Loading weights:  46%|████▌     | 92/199 [00:00<00:00, 847.89it/s, Materializing param=encoder.layer.5.attention.self.query.bias]Loading weights:  47%|████▋     | 93/199 [00:00<00:00, 847.89it/s, Materializing param=encoder.layer.5.attention.self.query.weight]Loading weights:  47%|████▋     | 93/199 [00:00<00:00, 847.89it/s, Materializing param=encoder.layer.5.attention.self.query.weight]Loading weights:  47%|████▋     | 94/199 [00:00<00:00, 847.89it/s, Materializing param=encoder.layer.5.attention.self.value.bias]  Loading weights:  47%|████▋     | 94/199 [00:00<00:00, 847.89it/s, Materializing param=encoder.layer.5.attention.self.value.bias]Loading weights:  48%|████▊     | 95/199 [00:00<00:00, 847.89it/s, Materializing param=encoder.layer.5.attention.self.value.weight]Loading weights:  48%|████▊     | 95/199 [00:00<00:00, 847.89it/s, Materializing param=encoder.layer.5.attention.self.value.weight]Loading weights:  48%|████▊     | 96/199 [00:00<00:00, 847.89it/s, Materializing param=encoder.layer.5.intermediate.dense.bias]    Loading weights:  48%|████▊     | 96/199 [00:00<00:00, 847.89it/s, Materializing param=encoder.layer.5.intermediate.dense.bias]Loading weights:  49%|████▊     | 97/199 [00:00<00:00, 847.89it/s, Materializing param=encoder.layer.5.intermediate.dense.weight]Loading weights:  49%|████▊     | 97/199 [00:00<00:00, 847.89it/s, Materializing param=encoder.layer.5.intermediate.dense.weight]Loading weights:  49%|████▉     | 98/199 [00:00<00:00, 847.89it/s, Materializing param=encoder.layer.5.output.LayerNorm.bias]    Loading weights:  49%|████▉     | 98/199 [00:00<00:00, 847.89it/s, Materializing param=encoder.layer.5.output.LayerNorm.bias]Loading weights:  50%|████▉     | 99/199 [00:00<00:00, 847.89it/s, Materializing param=encoder.layer.5.output.LayerNorm.weight]Loading weights:  50%|████▉     | 99/199 [00:00<00:00, 847.89it/s, Materializing param=encoder.layer.5.output.LayerNorm.weight]Loading weights:  50%|█████     | 100/199 [00:00<00:00, 847.89it/s, Materializing param=encoder.layer.5.output.dense.bias]     Loading weights:  50%|█████     | 100/199 [00:00<00:00, 847.89it/s, Materializing param=encoder.layer.5.output.dense.bias]Loading weights:  51%|█████     | 101/199 [00:00<00:00, 847.89it/s, Materializing param=encoder.layer.5.output.dense.weight]Loading weights:  51%|█████     | 101/199 [00:00<00:00, 847.89it/s, Materializing param=encoder.layer.5.output.dense.weight]Loading weights:  51%|█████▏    | 102/199 [00:00<00:00, 847.89it/s, Materializing param=encoder.layer.6.attention.output.LayerNorm.bias]Loading weights:  51%|█████▏    | 102/199 [00:00<00:00, 847.89it/s, Materializing param=encoder.layer.6.attention.output.LayerNorm.bias]Loading weights:  52%|█████▏    | 103/199 [00:00<00:00, 847.89it/s, Materializing param=encoder.layer.6.attention.output.LayerNorm.weight]Loading weights:  52%|█████▏    | 103/199 [00:00<00:00, 847.89it/s, Materializing param=encoder.layer.6.attention.output.LayerNorm.weight]Loading weights:  52%|█████▏    | 104/199 [00:00<00:00, 847.89it/s, Materializing param=encoder.layer.6.attention.output.dense.bias]      Loading weights:  52%|█████▏    | 104/199 [00:00<00:00, 847.89it/s, Materializing param=encoder.layer.6.attention.output.dense.bias]Loading weights:  53%|█████▎    | 105/199 [00:00<00:00, 847.89it/s, Materializing param=encoder.layer.6.attention.output.dense.weight]Loading weights:  53%|█████▎    | 105/199 [00:00<00:00, 847.89it/s, Materializing param=encoder.layer.6.attention.output.dense.weight]Loading weights:  53%|█████▎    | 106/199 [00:00<00:00, 847.89it/s, Materializing param=encoder.layer.6.attention.self.key.bias]      Loading weights:  53%|█████▎    | 106/199 [00:00<00:00, 847.89it/s, Materializing param=encoder.layer.6.attention.self.key.bias]Loading weights:  54%|█████▍    | 107/199 [00:00<00:00, 847.89it/s, Materializing param=encoder.layer.6.attention.self.key.weight]Loading weights:  54%|█████▍    | 107/199 [00:00<00:00, 847.89it/s, Materializing param=encoder.layer.6.attention.self.key.weight]Loading weights:  54%|█████▍    | 108/199 [00:00<00:00, 847.89it/s, Materializing param=encoder.layer.6.attention.self.query.bias]Loading weights:  54%|█████▍    | 108/199 [00:00<00:00, 847.89it/s, Materializing param=encoder.layer.6.attention.self.query.bias]Loading weights:  55%|█████▍    | 109/199 [00:00<00:00, 847.89it/s, Materializing param=encoder.layer.6.attention.self.query.weight]Loading weights:  55%|█████▍    | 109/199 [00:00<00:00, 847.89it/s, Materializing param=encoder.layer.6.attention.self.query.weight]Loading weights:  55%|█████▌    | 110/199 [00:00<00:00, 847.89it/s, Materializing param=encoder.layer.6.attention.self.value.bias]  Loading weights:  55%|█████▌    | 110/199 [00:00<00:00, 847.89it/s, Materializing param=encoder.layer.6.attention.self.value.bias]Loading weights:  56%|█████▌    | 111/199 [00:00<00:00, 847.89it/s, Materializing param=encoder.layer.6.attention.self.value.weight]Loading weights:  56%|█████▌    | 111/199 [00:00<00:00, 847.89it/s, Materializing param=encoder.layer.6.attention.self.value.weight]Loading weights:  56%|█████▋    | 112/199 [00:00<00:00, 847.89it/s, Materializing param=encoder.layer.6.intermediate.dense.bias]    Loading weights:  56%|█████▋    | 112/199 [00:00<00:00, 847.89it/s, Materializing param=encoder.layer.6.intermediate.dense.bias]Loading weights:  57%|█████▋    | 113/199 [00:00<00:00, 847.89it/s, Materializing param=encoder.layer.6.intermediate.dense.weight]Loading weights:  57%|█████▋    | 113/199 [00:00<00:00, 847.89it/s, Materializing param=encoder.layer.6.intermediate.dense.weight]Loading weights:  57%|█████▋    | 114/199 [00:00<00:00, 847.89it/s, Materializing param=encoder.layer.6.output.LayerNorm.bias]    Loading weights:  57%|█████▋    | 114/199 [00:00<00:00, 847.89it/s, Materializing param=encoder.layer.6.output.LayerNorm.bias]Loading weights:  58%|█████▊    | 115/199 [00:00<00:00, 847.89it/s, Materializing param=encoder.layer.6.output.LayerNorm.weight]Loading weights:  58%|█████▊    | 115/199 [00:00<00:00, 847.89it/s, Materializing param=encoder.layer.6.output.LayerNorm.weight]Loading weights:  58%|█████▊    | 116/199 [00:00<00:00, 847.89it/s, Materializing param=encoder.layer.6.output.dense.bias]      Loading weights:  58%|█████▊    | 116/199 [00:00<00:00, 847.89it/s, Materializing param=encoder.layer.6.output.dense.bias]Loading weights:  59%|█████▉    | 117/199 [00:00<00:00, 847.89it/s, Materializing param=encoder.layer.6.output.dense.weight]Loading weights:  59%|█████▉    | 117/199 [00:00<00:00, 847.89it/s, Materializing param=encoder.layer.6.output.dense.weight]Loading weights:  59%|█████▉    | 118/199 [00:00<00:00, 847.89it/s, Materializing param=encoder.layer.7.attention.output.LayerNorm.bias]Loading weights:  59%|█████▉    | 118/199 [00:00<00:00, 847.89it/s, Materializing param=encoder.layer.7.attention.output.LayerNorm.bias]Loading weights:  60%|█████▉    | 119/199 [00:00<00:00, 847.89it/s, Materializing param=encoder.layer.7.attention.output.LayerNorm.weight]Loading weights:  60%|█████▉    | 119/199 [00:00<00:00, 847.89it/s, Materializing param=encoder.layer.7.attention.output.LayerNorm.weight]Loading weights:  60%|██████    | 120/199 [00:00<00:00, 847.89it/s, Materializing param=encoder.layer.7.attention.output.dense.bias]      Loading weights:  60%|██████    | 120/199 [00:00<00:00, 847.89it/s, Materializing param=encoder.layer.7.attention.output.dense.bias]Loading weights:  61%|██████    | 121/199 [00:00<00:00, 847.89it/s, Materializing param=encoder.layer.7.attention.output.dense.weight]Loading weights:  61%|██████    | 121/199 [00:00<00:00, 847.89it/s, Materializing param=encoder.layer.7.attention.output.dense.weight]Loading weights:  61%|██████▏   | 122/199 [00:00<00:00, 847.89it/s, Materializing param=encoder.layer.7.attention.self.key.bias]      Loading weights:  61%|██████▏   | 122/199 [00:00<00:00, 847.89it/s, Materializing param=encoder.layer.7.attention.self.key.bias]Loading weights:  62%|██████▏   | 123/199 [00:00<00:00, 847.89it/s, Materializing param=encoder.layer.7.attention.self.key.weight]Loading weights:  62%|██████▏   | 123/199 [00:00<00:00, 847.89it/s, Materializing param=encoder.layer.7.attention.self.key.weight]Loading weights:  62%|██████▏   | 124/199 [00:00<00:00, 847.89it/s, Materializing param=encoder.layer.7.attention.self.query.bias]Loading weights:  62%|██████▏   | 124/199 [00:00<00:00, 847.89it/s, Materializing param=encoder.layer.7.attention.self.query.bias]Loading weights:  63%|██████▎   | 125/199 [00:00<00:00, 847.89it/s, Materializing param=encoder.layer.7.attention.self.query.weight]Loading weights:  63%|██████▎   | 125/199 [00:00<00:00, 847.89it/s, Materializing param=encoder.layer.7.attention.self.query.weight]Loading weights:  63%|██████▎   | 126/199 [00:00<00:00, 847.89it/s, Materializing param=encoder.layer.7.attention.self.value.bias]  Loading weights:  63%|██████▎   | 126/199 [00:00<00:00, 847.89it/s, Materializing param=encoder.layer.7.attention.self.value.bias]Loading weights:  64%|██████▍   | 127/199 [00:00<00:00, 847.89it/s, Materializing param=encoder.layer.7.attention.self.value.weight]Loading weights:  64%|██████▍   | 127/199 [00:00<00:00, 847.89it/s, Materializing param=encoder.layer.7.attention.self.value.weight]Loading weights:  64%|██████▍   | 128/199 [00:00<00:00, 847.89it/s, Materializing param=encoder.layer.7.intermediate.dense.bias]    Loading weights:  64%|██████▍   | 128/199 [00:00<00:00, 847.89it/s, Materializing param=encoder.layer.7.intermediate.dense.bias]Loading weights:  65%|██████▍   | 129/199 [00:00<00:00, 847.89it/s, Materializing param=encoder.layer.7.intermediate.dense.weight]Loading weights:  65%|██████▍   | 129/199 [00:00<00:00, 847.89it/s, Materializing param=encoder.layer.7.intermediate.dense.weight]Loading weights:  65%|██████▌   | 130/199 [00:00<00:00, 847.89it/s, Materializing param=encoder.layer.7.output.LayerNorm.bias]    Loading weights:  65%|██████▌   | 130/199 [00:00<00:00, 847.89it/s, Materializing param=encoder.layer.7.output.LayerNorm.bias]Loading weights:  66%|██████▌   | 131/199 [00:00<00:00, 847.89it/s, Materializing param=encoder.layer.7.output.LayerNorm.weight]Loading weights:  66%|██████▌   | 131/199 [00:00<00:00, 847.89it/s, Materializing param=encoder.layer.7.output.LayerNorm.weight]Loading weights:  66%|██████▋   | 132/199 [00:00<00:00, 847.89it/s, Materializing param=encoder.layer.7.output.dense.bias]      Loading weights:  66%|██████▋   | 132/199 [00:00<00:00, 847.89it/s, Materializing param=encoder.layer.7.output.dense.bias]Loading weights:  67%|██████▋   | 133/199 [00:00<00:00, 847.89it/s, Materializing param=encoder.layer.7.output.dense.weight]Loading weights:  67%|██████▋   | 133/199 [00:00<00:00, 847.89it/s, Materializing param=encoder.layer.7.output.dense.weight]Loading weights:  67%|██████▋   | 134/199 [00:00<00:00, 847.89it/s, Materializing param=encoder.layer.8.attention.output.LayerNorm.bias]Loading weights:  67%|██████▋   | 134/199 [00:00<00:00, 847.89it/s, Materializing param=encoder.layer.8.attention.output.LayerNorm.bias]Loading weights:  68%|██████▊   | 135/199 [00:00<00:00, 847.89it/s, Materializing param=encoder.layer.8.attention.output.LayerNorm.weight]Loading weights:  68%|██████▊   | 135/199 [00:00<00:00, 847.89it/s, Materializing param=encoder.layer.8.attention.output.LayerNorm.weight]Loading weights:  68%|██████▊   | 136/199 [00:00<00:00, 847.89it/s, Materializing param=encoder.layer.8.attention.output.dense.bias]      Loading weights:  68%|██████▊   | 136/199 [00:00<00:00, 847.89it/s, Materializing param=encoder.layer.8.attention.output.dense.bias]Loading weights:  69%|██████▉   | 137/199 [00:00<00:00, 847.89it/s, Materializing param=encoder.layer.8.attention.output.dense.weight]Loading weights:  69%|██████▉   | 137/199 [00:00<00:00, 847.89it/s, Materializing param=encoder.layer.8.attention.output.dense.weight]Loading weights:  69%|██████▉   | 138/199 [00:00<00:00, 847.89it/s, Materializing param=encoder.layer.8.attention.self.key.bias]      Loading weights:  69%|██████▉   | 138/199 [00:00<00:00, 847.89it/s, Materializing param=encoder.layer.8.attention.self.key.bias]Loading weights:  70%|██████▉   | 139/199 [00:00<00:00, 847.89it/s, Materializing param=encoder.layer.8.attention.self.key.weight]Loading weights:  70%|██████▉   | 139/199 [00:00<00:00, 847.89it/s, Materializing param=encoder.layer.8.attention.self.key.weight]Loading weights:  70%|███████   | 140/199 [00:00<00:00, 847.89it/s, Materializing param=encoder.layer.8.attention.self.query.bias]Loading weights:  70%|███████   | 140/199 [00:00<00:00, 847.89it/s, Materializing param=encoder.layer.8.attention.self.query.bias]Loading weights:  71%|███████   | 141/199 [00:00<00:00, 847.89it/s, Materializing param=encoder.layer.8.attention.self.query.weight]Loading weights:  71%|███████   | 141/199 [00:00<00:00, 847.89it/s, Materializing param=encoder.layer.8.attention.self.query.weight]Loading weights:  71%|███████▏  | 142/199 [00:00<00:00, 847.89it/s, Materializing param=encoder.layer.8.attention.self.value.bias]  Loading weights:  71%|███████▏  | 142/199 [00:00<00:00, 847.89it/s, Materializing param=encoder.layer.8.attention.self.value.bias]Loading weights:  72%|███████▏  | 143/199 [00:00<00:00, 847.89it/s, Materializing param=encoder.layer.8.attention.self.value.weight]Loading weights:  72%|███████▏  | 143/199 [00:00<00:00, 847.89it/s, Materializing param=encoder.layer.8.attention.self.value.weight]Loading weights:  72%|███████▏  | 144/199 [00:00<00:00, 847.89it/s, Materializing param=encoder.layer.8.intermediate.dense.bias]    Loading weights:  72%|███████▏  | 144/199 [00:00<00:00, 847.89it/s, Materializing param=encoder.layer.8.intermediate.dense.bias]Loading weights:  73%|███████▎  | 145/199 [00:00<00:00, 847.89it/s, Materializing param=encoder.layer.8.intermediate.dense.weight]Loading weights:  73%|███████▎  | 145/199 [00:00<00:00, 847.89it/s, Materializing param=encoder.layer.8.intermediate.dense.weight]Loading weights:  73%|███████▎  | 146/199 [00:00<00:00, 847.89it/s, Materializing param=encoder.layer.8.output.LayerNorm.bias]    Loading weights:  73%|███████▎  | 146/199 [00:00<00:00, 847.89it/s, Materializing param=encoder.layer.8.output.LayerNorm.bias]Loading weights:  74%|███████▍  | 147/199 [00:00<00:00, 847.89it/s, Materializing param=encoder.layer.8.output.LayerNorm.weight]Loading weights:  74%|███████▍  | 147/199 [00:00<00:00, 847.89it/s, Materializing param=encoder.layer.8.output.LayerNorm.weight]Loading weights:  74%|███████▍  | 148/199 [00:00<00:00, 847.89it/s, Materializing param=encoder.layer.8.output.dense.bias]      Loading weights:  74%|███████▍  | 148/199 [00:00<00:00, 847.89it/s, Materializing param=encoder.layer.8.output.dense.bias]Loading weights:  75%|███████▍  | 149/199 [00:00<00:00, 847.89it/s, Materializing param=encoder.layer.8.output.dense.weight]Loading weights:  75%|███████▍  | 149/199 [00:00<00:00, 847.89it/s, Materializing param=encoder.layer.8.output.dense.weight]Loading weights:  75%|███████▌  | 150/199 [00:00<00:00, 847.89it/s, Materializing param=encoder.layer.9.attention.output.LayerNorm.bias]Loading weights:  75%|███████▌  | 150/199 [00:00<00:00, 847.89it/s, Materializing param=encoder.layer.9.attention.output.LayerNorm.bias]Loading weights:  76%|███████▌  | 151/199 [00:00<00:00, 847.89it/s, Materializing param=encoder.layer.9.attention.output.LayerNorm.weight]Loading weights:  76%|███████▌  | 151/199 [00:00<00:00, 847.89it/s, Materializing param=encoder.layer.9.attention.output.LayerNorm.weight]Loading weights:  76%|███████▋  | 152/199 [00:00<00:00, 847.89it/s, Materializing param=encoder.layer.9.attention.output.dense.bias]      Loading weights:  76%|███████▋  | 152/199 [00:00<00:00, 847.89it/s, Materializing param=encoder.layer.9.attention.output.dense.bias]Loading weights:  77%|███████▋  | 153/199 [00:00<00:00, 847.89it/s, Materializing param=encoder.layer.9.attention.output.dense.weight]Loading weights:  77%|███████▋  | 153/199 [00:00<00:00, 847.89it/s, Materializing param=encoder.layer.9.attention.output.dense.weight]Loading weights:  77%|███████▋  | 154/199 [00:00<00:00, 847.89it/s, Materializing param=encoder.layer.9.attention.self.key.bias]      Loading weights:  77%|███████▋  | 154/199 [00:00<00:00, 847.89it/s, Materializing param=encoder.layer.9.attention.self.key.bias]Loading weights:  78%|███████▊  | 155/199 [00:00<00:00, 847.89it/s, Materializing param=encoder.layer.9.attention.self.key.weight]Loading weights:  78%|███████▊  | 155/199 [00:00<00:00, 847.89it/s, Materializing param=encoder.layer.9.attention.self.key.weight]Loading weights:  78%|███████▊  | 156/199 [00:00<00:00, 847.89it/s, Materializing param=encoder.layer.9.attention.self.query.bias]Loading weights:  78%|███████▊  | 156/199 [00:00<00:00, 847.89it/s, Materializing param=encoder.layer.9.attention.self.query.bias]Loading weights:  79%|███████▉  | 157/199 [00:00<00:00, 847.89it/s, Materializing param=encoder.layer.9.attention.self.query.weight]Loading weights:  79%|███████▉  | 157/199 [00:00<00:00, 847.89it/s, Materializing param=encoder.layer.9.attention.self.query.weight]Loading weights:  79%|███████▉  | 158/199 [00:00<00:00, 847.89it/s, Materializing param=encoder.layer.9.attention.self.value.bias]  Loading weights:  79%|███████▉  | 158/199 [00:00<00:00, 847.89it/s, Materializing param=encoder.layer.9.attention.self.value.bias]Loading weights:  80%|███████▉  | 159/199 [00:00<00:00, 847.89it/s, Materializing param=encoder.layer.9.attention.self.value.weight]Loading weights:  80%|███████▉  | 159/199 [00:00<00:00, 847.89it/s, Materializing param=encoder.layer.9.attention.self.value.weight]Loading weights:  80%|████████  | 160/199 [00:00<00:00, 847.89it/s, Materializing param=encoder.layer.9.intermediate.dense.bias]    Loading weights:  80%|████████  | 160/199 [00:00<00:00, 847.89it/s, Materializing param=encoder.layer.9.intermediate.dense.bias]Loading weights:  81%|████████  | 161/199 [00:00<00:00, 847.89it/s, Materializing param=encoder.layer.9.intermediate.dense.weight]Loading weights:  81%|████████  | 161/199 [00:00<00:00, 847.89it/s, Materializing param=encoder.layer.9.intermediate.dense.weight]Loading weights:  81%|████████▏ | 162/199 [00:00<00:00, 847.89it/s, Materializing param=encoder.layer.9.output.LayerNorm.bias]    Loading weights:  81%|████████▏ | 162/199 [00:00<00:00, 847.89it/s, Materializing param=encoder.layer.9.output.LayerNorm.bias]Loading weights:  82%|████████▏ | 163/199 [00:00<00:00, 847.89it/s, Materializing param=encoder.layer.9.output.LayerNorm.weight]Loading weights:  82%|████████▏ | 163/199 [00:00<00:00, 847.89it/s, Materializing param=encoder.layer.9.output.LayerNorm.weight]Loading weights:  82%|████████▏ | 164/199 [00:00<00:00, 847.89it/s, Materializing param=encoder.layer.9.output.dense.bias]      Loading weights:  82%|████████▏ | 164/199 [00:00<00:00, 847.89it/s, Materializing param=encoder.layer.9.output.dense.bias]Loading weights:  83%|████████▎ | 165/199 [00:00<00:00, 847.89it/s, Materializing param=encoder.layer.9.output.dense.weight]Loading weights:  83%|████████▎ | 165/199 [00:00<00:00, 847.89it/s, Materializing param=encoder.layer.9.output.dense.weight]Loading weights:  83%|████████▎ | 166/199 [00:00<00:00, 847.89it/s, Materializing param=encoder.layer.10.attention.output.LayerNorm.bias]Loading weights:  83%|████████▎ | 166/199 [00:00<00:00, 847.89it/s, Materializing param=encoder.layer.10.attention.output.LayerNorm.bias]Loading weights:  84%|████████▍ | 167/199 [00:00<00:00, 847.89it/s, Materializing param=encoder.layer.10.attention.output.LayerNorm.weight]Loading weights:  84%|████████▍ | 167/199 [00:00<00:00, 847.89it/s, Materializing param=encoder.layer.10.attention.output.LayerNorm.weight]Loading weights:  84%|████████▍ | 168/199 [00:00<00:00, 847.89it/s, Materializing param=encoder.layer.10.attention.output.dense.bias]      Loading weights:  84%|████████▍ | 168/199 [00:00<00:00, 847.89it/s, Materializing param=encoder.layer.10.attention.output.dense.bias]Loading weights:  85%|████████▍ | 169/199 [00:00<00:00, 847.89it/s, Materializing param=encoder.layer.10.attention.output.dense.weight]Loading weights:  85%|████████▍ | 169/199 [00:00<00:00, 847.89it/s, Materializing param=encoder.layer.10.attention.output.dense.weight]Loading weights:  85%|████████▌ | 170/199 [00:00<00:00, 847.89it/s, Materializing param=encoder.layer.10.attention.self.key.bias]      Loading weights:  85%|████████▌ | 170/199 [00:00<00:00, 847.89it/s, Materializing param=encoder.layer.10.attention.self.key.bias]Loading weights:  86%|████████▌ | 171/199 [00:00<00:00, 847.89it/s, Materializing param=encoder.layer.10.attention.self.key.weight]Loading weights:  86%|████████▌ | 171/199 [00:00<00:00, 847.89it/s, Materializing param=encoder.layer.10.attention.self.key.weight]Loading weights:  86%|████████▋ | 172/199 [00:00<00:00, 847.89it/s, Materializing param=encoder.layer.10.attention.self.query.bias]Loading weights:  86%|████████▋ | 172/199 [00:00<00:00, 847.89it/s, Materializing param=encoder.layer.10.attention.self.query.bias]Loading weights:  87%|████████▋ | 173/199 [00:00<00:00, 847.89it/s, Materializing param=encoder.layer.10.attention.self.query.weight]Loading weights:  87%|████████▋ | 173/199 [00:00<00:00, 847.89it/s, Materializing param=encoder.layer.10.attention.self.query.weight]Loading weights:  87%|████████▋ | 174/199 [00:00<00:00, 847.89it/s, Materializing param=encoder.layer.10.attention.self.value.bias]  Loading weights:  87%|████████▋ | 174/199 [00:00<00:00, 847.89it/s, Materializing param=encoder.layer.10.attention.self.value.bias]Loading weights:  88%|████████▊ | 175/199 [00:00<00:00, 847.89it/s, Materializing param=encoder.layer.10.attention.self.value.weight]Loading weights:  88%|████████▊ | 175/199 [00:00<00:00, 847.89it/s, Materializing param=encoder.layer.10.attention.self.value.weight]Loading weights:  88%|████████▊ | 176/199 [00:00<00:00, 847.89it/s, Materializing param=encoder.layer.10.intermediate.dense.bias]    Loading weights:  88%|████████▊ | 176/199 [00:00<00:00, 847.89it/s, Materializing param=encoder.layer.10.intermediate.dense.bias]Loading weights:  89%|████████▉ | 177/199 [00:00<00:00, 847.89it/s, Materializing param=encoder.layer.10.intermediate.dense.weight]Loading weights:  89%|████████▉ | 177/199 [00:00<00:00, 847.89it/s, Materializing param=encoder.layer.10.intermediate.dense.weight]Loading weights:  89%|████████▉ | 178/199 [00:00<00:00, 847.89it/s, Materializing param=encoder.layer.10.output.LayerNorm.bias]    Loading weights:  89%|████████▉ | 178/199 [00:00<00:00, 847.89it/s, Materializing param=encoder.layer.10.output.LayerNorm.bias]Loading weights:  90%|████████▉ | 179/199 [00:00<00:00, 847.89it/s, Materializing param=encoder.layer.10.output.LayerNorm.weight]Loading weights:  90%|████████▉ | 179/199 [00:00<00:00, 847.89it/s, Materializing param=encoder.layer.10.output.LayerNorm.weight]Loading weights:  90%|█████████ | 180/199 [00:00<00:00, 847.89it/s, Materializing param=encoder.layer.10.output.dense.bias]      Loading weights:  90%|█████████ | 180/199 [00:00<00:00, 847.89it/s, Materializing param=encoder.layer.10.output.dense.bias]Loading weights:  91%|█████████ | 181/199 [00:00<00:00, 847.89it/s, Materializing param=encoder.layer.10.output.dense.weight]Loading weights:  91%|█████████ | 181/199 [00:00<00:00, 847.89it/s, Materializing param=encoder.layer.10.output.dense.weight]Loading weights:  91%|█████████▏| 182/199 [00:00<00:00, 847.89it/s, Materializing param=encoder.layer.11.attention.output.LayerNorm.bias]Loading weights:  91%|█████████▏| 182/199 [00:00<00:00, 847.89it/s, Materializing param=encoder.layer.11.attention.output.LayerNorm.bias]Loading weights:  92%|█████████▏| 183/199 [00:00<00:00, 847.89it/s, Materializing param=encoder.layer.11.attention.output.LayerNorm.weight]Loading weights:  92%|█████████▏| 183/199 [00:00<00:00, 847.89it/s, Materializing param=encoder.layer.11.attention.output.LayerNorm.weight]Loading weights:  92%|█████████▏| 184/199 [00:00<00:00, 847.89it/s, Materializing param=encoder.layer.11.attention.output.dense.bias]      Loading weights:  92%|█████████▏| 184/199 [00:00<00:00, 847.89it/s, Materializing param=encoder.layer.11.attention.output.dense.bias]Loading weights:  93%|█████████▎| 185/199 [00:00<00:00, 847.89it/s, Materializing param=encoder.layer.11.attention.output.dense.weight]Loading weights:  93%|█████████▎| 185/199 [00:00<00:00, 847.89it/s, Materializing param=encoder.layer.11.attention.output.dense.weight]Loading weights:  93%|█████████▎| 186/199 [00:00<00:00, 847.89it/s, Materializing param=encoder.layer.11.attention.self.key.bias]      Loading weights:  93%|█████████▎| 186/199 [00:00<00:00, 847.89it/s, Materializing param=encoder.layer.11.attention.self.key.bias]Loading weights:  94%|█████████▍| 187/199 [00:00<00:00, 847.89it/s, Materializing param=encoder.layer.11.attention.self.key.weight]Loading weights:  94%|█████████▍| 187/199 [00:00<00:00, 847.89it/s, Materializing param=encoder.layer.11.attention.self.key.weight]Loading weights:  94%|█████████▍| 188/199 [00:00<00:00, 847.89it/s, Materializing param=encoder.layer.11.attention.self.query.bias]Loading weights:  94%|█████████▍| 188/199 [00:00<00:00, 847.89it/s, Materializing param=encoder.layer.11.attention.self.query.bias]Loading weights:  95%|█████████▍| 189/199 [00:00<00:00, 847.89it/s, Materializing param=encoder.layer.11.attention.self.query.weight]Loading weights:  95%|█████████▍| 189/199 [00:00<00:00, 847.89it/s, Materializing param=encoder.layer.11.attention.self.query.weight]Loading weights:  95%|█████████▌| 190/199 [00:00<00:00, 847.89it/s, Materializing param=encoder.layer.11.attention.self.value.bias]  Loading weights:  95%|█████████▌| 190/199 [00:00<00:00, 847.89it/s, Materializing param=encoder.layer.11.attention.self.value.bias]Loading weights:  96%|█████████▌| 191/199 [00:00<00:00, 847.89it/s, Materializing param=encoder.layer.11.attention.self.value.weight]Loading weights:  96%|█████████▌| 191/199 [00:00<00:00, 847.89it/s, Materializing param=encoder.layer.11.attention.self.value.weight]Loading weights:  96%|█████████▋| 192/199 [00:00<00:00, 847.89it/s, Materializing param=encoder.layer.11.intermediate.dense.bias]    Loading weights:  96%|█████████▋| 192/199 [00:00<00:00, 847.89it/s, Materializing param=encoder.layer.11.intermediate.dense.bias]Loading weights:  97%|█████████▋| 193/199 [00:00<00:00, 847.89it/s, Materializing param=encoder.layer.11.intermediate.dense.weight]Loading weights:  97%|█████████▋| 193/199 [00:00<00:00, 847.89it/s, Materializing param=encoder.layer.11.intermediate.dense.weight]Loading weights:  97%|█████████▋| 194/199 [00:00<00:00, 847.89it/s, Materializing param=encoder.layer.11.output.LayerNorm.bias]    Loading weights:  97%|█████████▋| 194/199 [00:00<00:00, 847.89it/s, Materializing param=encoder.layer.11.output.LayerNorm.bias]Loading weights:  98%|█████████▊| 195/199 [00:00<00:00, 847.89it/s, Materializing param=encoder.layer.11.output.LayerNorm.weight]Loading weights:  98%|█████████▊| 195/199 [00:00<00:00, 847.89it/s, Materializing param=encoder.layer.11.output.LayerNorm.weight]Loading weights:  98%|█████████▊| 196/199 [00:00<00:00, 847.89it/s, Materializing param=encoder.layer.11.output.dense.bias]      Loading weights:  98%|█████████▊| 196/199 [00:00<00:00, 847.89it/s, Materializing param=encoder.layer.11.output.dense.bias]Loading weights:  99%|█████████▉| 197/199 [00:00<00:00, 847.89it/s, Materializing param=encoder.layer.11.output.dense.weight]Loading weights:  99%|█████████▉| 197/199 [00:00<00:00, 847.89it/s, Materializing param=encoder.layer.11.output.dense.weight]Loading weights:  99%|█████████▉| 198/199 [00:00<00:00, 847.89it/s, Materializing param=pooler.dense.bias]                   Loading weights:  99%|█████████▉| 198/199 [00:00<00:00, 847.89it/s, Materializing param=pooler.dense.bias]Loading weights: 100%|██████████| 199/199 [00:00<00:00, 847.89it/s, Materializing param=pooler.dense.weight]Loading weights: 100%|██████████| 199/199 [00:00<00:00, 847.89it/s, Materializing param=pooler.dense.weight]Loading weights: 100%|██████████| 199/199 [00:00<00:00, 1289.04it/s, Materializing param=pooler.dense.weight]
BertModel LOAD REPORT from: sentence-transformers/paraphrase-multilingual-MiniLM-L12-v2
Key                     | Status     |  | 
------------------------+------------+--+-
embeddings.position_ids | UNEXPECTED |  | 

Notes:
- UNEXPECTED	:can be ignored when loading from different task/architecture; not ok if you expect identical arch.
Warning: You are sending unauthenticated requests to the HF Hub. Please set a HF_TOKEN to enable higher rate limits and faster downloads.
Warning: Could not import enhanced_chat models: cannot import name 'ChatHistoryRequest' from 'api.enhanced_chat' (C:\Users\husey\kiro2\backend\api\enhanced_chat.py)
Loading weights:   0%|          | 0/199 [00:00<?, ?it/s]Loading weights:   1%|          | 1/199 [00:00<00:00, 9868.95it/s, Materializing param=embeddings.LayerNorm.bias]Loading weights:   1%|          | 1/199 [00:00<00:00, 3930.93it/s, Materializing param=embeddings.LayerNorm.bias]Loading weights:   1%|          | 2/199 [00:00<00:00, 3581.81it/s, Materializing param=embeddings.LayerNorm.weight]Loading weights:   1%|          | 2/199 [00:00<00:00, 1506.85it/s, Materializing param=embeddings.LayerNorm.weight]Loading weights:   2%|▏         | 3/199 [00:00<00:00, 1595.60it/s, Materializing param=embeddings.position_embeddings.weight]Loading weights:   2%|▏         | 3/199 [00:00<00:00, 1461.09it/s, Materializing param=embeddings.position_embeddings.weight]Loading weights:   2%|▏         | 4/199 [00:00<00:00, 1214.68it/s, Materializing param=embeddings.token_type_embeddings.weight]Loading weights:   2%|▏         | 4/199 [00:00<00:00, 1057.63it/s, Materializing param=embeddings.token_type_embeddings.weight]Loading weights:   3%|▎         | 5/199 [00:00<00:00, 1098.22it/s, Materializing param=embeddings.word_embeddings.weight]      Loading weights:   3%|▎         | 5/199 [00:00<00:00, 999.74it/s, Materializing param=embeddings.word_embeddings.weight] Loading weights:   3%|▎         | 6/199 [00:00<00:00, 1110.53it/s, Materializing param=encoder.layer.0.attention.output.LayerNorm.bias]Loading weights:   3%|▎         | 6/199 [00:00<00:00, 964.32it/s, Materializing param=encoder.layer.0.attention.output.LayerNorm.bias] Loading weights:   4%|▎         | 7/199 [00:00<00:00, 936.92it/s, Materializing param=encoder.layer.0.attention.output.LayerNorm.weight]Loading weights:   4%|▎         | 7/199 [00:00<00:00, 916.56it/s, Materializing param=encoder.layer.0.attention.output.LayerNorm.weight]Loading weights:   4%|▍         | 8/199 [00:00<00:00, 935.60it/s, Materializing param=encoder.layer.0.attention.output.dense.bias]      Loading weights:   4%|▍         | 8/199 [00:00<00:00, 867.76it/s, Materializing param=encoder.layer.0.attention.output.dense.bias]Loading weights:   5%|▍         | 9/199 [00:00<00:00, 879.19it/s, Materializing param=encoder.layer.0.attention.output.dense.weight]Loading weights:   5%|▍         | 9/199 [00:00<00:00, 849.79it/s, Materializing param=encoder.layer.0.attention.output.dense.weight]Loading weights:   5%|▌         | 10/199 [00:00<00:00, 897.47it/s, Materializing param=encoder.layer.0.attention.self.key.bias]     Loading weights:   5%|▌         | 10/199 [00:00<00:00, 874.72it/s, Materializing param=encoder.layer.0.attention.self.key.bias]Loading weights:   6%|▌         | 11/199 [00:00<00:00, 928.34it/s, Materializing param=encoder.layer.0.attention.self.key.weight]Loading weights:   6%|▌         | 11/199 [00:00<00:00, 917.46it/s, Materializing param=encoder.layer.0.attention.self.key.weight]Loading weights:   6%|▌         | 12/199 [00:00<00:00, 931.08it/s, Materializing param=encoder.layer.0.attention.self.query.bias]Loading weights:   6%|▌         | 12/199 [00:00<00:00, 919.15it/s, Materializing param=encoder.layer.0.attention.self.query.bias]Loading weights:   7%|▋         | 13/199 [00:00<00:00, 974.69it/s, Materializing param=encoder.layer.0.attention.self.query.weight]Loading weights:   7%|▋         | 13/199 [00:00<00:00, 951.69it/s, Materializing param=encoder.layer.0.attention.self.query.weight]Loading weights:   7%|▋         | 14/199 [00:00<00:00, 979.70it/s, Materializing param=encoder.layer.0.attention.self.value.bias]  Loading weights:   7%|▋         | 14/199 [00:00<00:00, 967.70it/s, Materializing param=encoder.layer.0.attention.self.value.bias]Loading weights:   8%|▊         | 15/199 [00:00<00:00, 1000.26it/s, Materializing param=encoder.layer.0.attention.self.value.weight]Loading weights:   8%|▊         | 15/199 [00:00<00:00, 974.39it/s, Materializing param=encoder.layer.0.attention.self.value.weight] Loading weights:   8%|▊         | 16/199 [00:00<00:00, 933.08it/s, Materializing param=encoder.layer.0.intermediate.dense.bias]    Loading weights:   8%|▊         | 16/199 [00:00<00:00, 924.15it/s, Materializing param=encoder.layer.0.intermediate.dense.bias]Loading weights:   9%|▊         | 17/199 [00:00<00:00, 959.74it/s, Materializing param=encoder.layer.0.intermediate.dense.weight]Loading weights:   9%|▊         | 17/199 [00:00<00:00, 949.39it/s, Materializing param=encoder.layer.0.intermediate.dense.weight]Loading weights:   9%|▉         | 18/199 [00:00<00:00, 949.40it/s, Materializing param=encoder.layer.0.output.LayerNorm.bias]    Loading weights:   9%|▉         | 18/199 [00:00<00:00, 941.08it/s, Materializing param=encoder.layer.0.output.LayerNorm.bias]Loading weights:  10%|▉         | 19/199 [00:00<00:00, 969.43it/s, Materializing param=encoder.layer.0.output.LayerNorm.weight]Loading weights:  10%|▉         | 19/199 [00:00<00:00, 961.76it/s, Materializing param=encoder.layer.0.output.LayerNorm.weight]Loading weights:  10%|█         | 20/199 [00:00<00:00, 974.75it/s, Materializing param=encoder.layer.0.output.dense.bias]      Loading weights:  10%|█         | 20/199 [00:00<00:00, 967.35it/s, Materializing param=encoder.layer.0.output.dense.bias]Loading weights:  11%|█         | 21/199 [00:00<00:00, 1001.24it/s, Materializing param=encoder.layer.0.output.dense.weight]Loading weights:  11%|█         | 21/199 [00:00<00:00, 994.74it/s, Materializing param=encoder.layer.0.output.dense.weight] Loading weights:  11%|█         | 22/199 [00:00<00:00, 992.75it/s, Materializing param=encoder.layer.1.attention.output.LayerNorm.bias]Loading weights:  11%|█         | 22/199 [00:00<00:00, 985.65it/s, Materializing param=encoder.layer.1.attention.output.LayerNorm.bias]Loading weights:  12%|█▏        | 23/199 [00:00<00:00, 996.33it/s, Materializing param=encoder.layer.1.attention.output.LayerNorm.weight]Loading weights:  12%|█▏        | 23/199 [00:00<00:00, 973.95it/s, Materializing param=encoder.layer.1.attention.output.LayerNorm.weight]Loading weights:  12%|█▏        | 24/199 [00:00<00:00, 977.32it/s, Materializing param=encoder.layer.1.attention.output.dense.bias]      Loading weights:  12%|█▏        | 24/199 [00:00<00:00, 964.90it/s, Materializing param=encoder.layer.1.attention.output.dense.bias]Loading weights:  13%|█▎        | 25/199 [00:00<00:00, 986.95it/s, Materializing param=encoder.layer.1.attention.output.dense.weight]Loading weights:  13%|█▎        | 25/199 [00:00<00:00, 981.94it/s, Materializing param=encoder.layer.1.attention.output.dense.weight]Loading weights:  13%|█▎        | 26/199 [00:00<00:00, 1002.25it/s, Materializing param=encoder.layer.1.attention.self.key.bias]     Loading weights:  13%|█▎        | 26/199 [00:00<00:00, 989.30it/s, Materializing param=encoder.layer.1.attention.self.key.bias] Loading weights:  14%|█▎        | 27/199 [00:00<00:00, 985.69it/s, Materializing param=encoder.layer.1.attention.self.key.weight]Loading weights:  14%|█▎        | 27/199 [00:00<00:00, 981.74it/s, Materializing param=encoder.layer.1.attention.self.key.weight]Loading weights:  14%|█▍        | 28/199 [00:00<00:00, 1001.92it/s, Materializing param=encoder.layer.1.attention.self.query.bias]Loading weights:  14%|█▍        | 28/199 [00:00<00:00, 981.36it/s, Materializing param=encoder.layer.1.attention.self.query.bias] Loading weights:  15%|█▍        | 29/199 [00:00<00:00, 1004.61it/s, Materializing param=encoder.layer.1.attention.self.query.weight]Loading weights:  15%|█▍        | 29/199 [00:00<00:00, 993.98it/s, Materializing param=encoder.layer.1.attention.self.query.weight] Loading weights:  15%|█▌        | 30/199 [00:00<00:00, 999.34it/s, Materializing param=encoder.layer.1.attention.self.value.bias]  Loading weights:  15%|█▌        | 30/199 [00:00<00:00, 993.90it/s, Materializing param=encoder.layer.1.attention.self.value.bias]Loading weights:  16%|█▌        | 31/199 [00:00<00:00, 1003.02it/s, Materializing param=encoder.layer.1.attention.self.value.weight]Loading weights:  16%|█▌        | 31/199 [00:00<00:00, 991.63it/s, Materializing param=encoder.layer.1.attention.self.value.weight] Loading weights:  16%|█▌        | 32/199 [00:00<00:00, 1008.49it/s, Materializing param=encoder.layer.1.intermediate.dense.bias]   Loading weights:  16%|█▌        | 32/199 [00:00<00:00, 1003.60it/s, Materializing param=encoder.layer.1.intermediate.dense.bias]Loading weights:  17%|█▋        | 33/199 [00:00<00:00, 1027.00it/s, Materializing param=encoder.layer.1.intermediate.dense.weight]Loading weights:  17%|█▋        | 33/199 [00:00<00:00, 1016.08it/s, Materializing param=encoder.layer.1.intermediate.dense.weight]Loading weights:  17%|█▋        | 34/199 [00:00<00:00, 1030.20it/s, Materializing param=encoder.layer.1.output.LayerNorm.bias]    Loading weights:  17%|█▋        | 34/199 [00:00<00:00, 1024.85it/s, Materializing param=encoder.layer.1.output.LayerNorm.bias]Loading weights:  18%|█▊        | 35/199 [00:00<00:00, 1034.34it/s, Materializing param=encoder.layer.1.output.LayerNorm.weight]Loading weights:  18%|█▊        | 35/199 [00:00<00:00, 1025.66it/s, Materializing param=encoder.layer.1.output.LayerNorm.weight]Loading weights:  18%|█▊        | 36/199 [00:00<00:00, 1032.08it/s, Materializing param=encoder.layer.1.output.dense.bias]      Loading weights:  18%|█▊        | 36/199 [00:00<00:00, 1024.66it/s, Materializing param=encoder.layer.1.output.dense.bias]Loading weights:  19%|█▊        | 37/199 [00:00<00:00, 1044.84it/s, Materializing param=encoder.layer.1.output.dense.weight]Loading weights:  19%|█▊        | 37/199 [00:00<00:00, 1040.69it/s, Materializing param=encoder.layer.1.output.dense.weight]Loading weights:  19%|█▉        | 38/199 [00:00<00:00, 1061.07it/s, Materializing param=encoder.layer.2.attention.output.LayerNorm.bias]Loading weights:  19%|█▉        | 38/199 [00:00<00:00, 1043.78it/s, Materializing param=encoder.layer.2.attention.output.LayerNorm.bias]Loading weights:  20%|█▉        | 39/199 [00:00<00:00, 1061.42it/s, Materializing param=encoder.layer.2.attention.output.LayerNorm.weight]Loading weights:  20%|█▉        | 39/199 [00:00<00:00, 1052.37it/s, Materializing param=encoder.layer.2.attention.output.LayerNorm.weight]Loading weights:  20%|██        | 40/199 [00:00<00:00, 1070.26it/s, Materializing param=encoder.layer.2.attention.output.dense.bias]      Loading weights:  20%|██        | 40/199 [00:00<00:00, 1066.61it/s, Materializing param=encoder.layer.2.attention.output.dense.bias]Loading weights:  21%|██        | 41/199 [00:00<00:00, 1073.37it/s, Materializing param=encoder.layer.2.attention.output.dense.weight]Loading weights:  21%|██        | 41/199 [00:00<00:00, 1062.20it/s, Materializing param=encoder.layer.2.attention.output.dense.weight]Loading weights:  21%|██        | 42/199 [00:00<00:00, 1069.35it/s, Materializing param=encoder.layer.2.attention.self.key.bias]      Loading weights:  21%|██        | 42/199 [00:00<00:00, 1065.99it/s, Materializing param=encoder.layer.2.attention.self.key.bias]Loading weights:  22%|██▏       | 43/199 [00:00<00:00, 1085.30it/s, Materializing param=encoder.layer.2.attention.self.key.weight]Loading weights:  22%|██▏       | 43/199 [00:00<00:00, 1072.16it/s, Materializing param=encoder.layer.2.attention.self.key.weight]Loading weights:  22%|██▏       | 44/199 [00:00<00:00, 1076.28it/s, Materializing param=encoder.layer.2.attention.self.query.bias]Loading weights:  22%|██▏       | 44/199 [00:00<00:00, 1072.32it/s, Materializing param=encoder.layer.2.attention.self.query.bias]Loading weights:  23%|██▎       | 45/199 [00:00<00:00, 1076.73it/s, Materializing param=encoder.layer.2.attention.self.query.weight]Loading weights:  23%|██▎       | 45/199 [00:00<00:00, 1073.13it/s, Materializing param=encoder.layer.2.attention.self.query.weight]Loading weights:  23%|██▎       | 46/199 [00:00<00:00, 1085.42it/s, Materializing param=encoder.layer.2.attention.self.value.bias]  Loading weights:  23%|██▎       | 46/199 [00:00<00:00, 1069.04it/s, Materializing param=encoder.layer.2.attention.self.value.bias]Loading weights:  24%|██▎       | 47/199 [00:00<00:00, 1079.57it/s, Materializing param=encoder.layer.2.attention.self.value.weight]Loading weights:  24%|██▎       | 47/199 [00:00<00:00, 1076.44it/s, Materializing param=encoder.layer.2.attention.self.value.weight]Loading weights:  24%|██▍       | 48/199 [00:00<00:00, 1083.40it/s, Materializing param=encoder.layer.2.intermediate.dense.bias]    Loading weights:  24%|██▍       | 48/199 [00:00<00:00, 1073.66it/s, Materializing param=encoder.layer.2.intermediate.dense.bias]Loading weights:  25%|██▍       | 49/199 [00:00<00:00, 1072.62it/s, Materializing param=encoder.layer.2.intermediate.dense.weight]Loading weights:  25%|██▍       | 49/199 [00:00<00:00, 1069.51it/s, Materializing param=encoder.layer.2.intermediate.dense.weight]Loading weights:  25%|██▌       | 50/199 [00:00<00:00, 1062.28it/s, Materializing param=encoder.layer.2.output.LayerNorm.bias]    Loading weights:  25%|██▌       | 50/199 [00:00<00:00, 1058.73it/s, Materializing param=encoder.layer.2.output.LayerNorm.bias]Loading weights:  26%|██▌       | 51/199 [00:00<00:00, 1067.55it/s, Materializing param=encoder.layer.2.output.LayerNorm.weight]Loading weights:  26%|██▌       | 51/199 [00:00<00:00, 1064.09it/s, Materializing param=encoder.layer.2.output.LayerNorm.weight]Loading weights:  26%|██▌       | 52/199 [00:00<00:00, 1070.35it/s, Materializing param=encoder.layer.2.output.dense.bias]      Loading weights:  26%|██▌       | 52/199 [00:00<00:00, 1066.75it/s, Materializing param=encoder.layer.2.output.dense.bias]Loading weights:  27%|██▋       | 53/199 [00:00<00:00, 1076.60it/s, Materializing param=encoder.layer.2.output.dense.weight]Loading weights:  27%|██▋       | 53/199 [00:00<00:00, 1073.97it/s, Materializing param=encoder.layer.2.output.dense.weight]Loading weights:  27%|██▋       | 54/199 [00:00<00:00, 1073.59it/s, Materializing param=encoder.layer.3.attention.output.LayerNorm.bias]Loading weights:  27%|██▋       | 54/199 [00:00<00:00, 1068.65it/s, Materializing param=encoder.layer.3.attention.output.LayerNorm.bias]Loading weights:  28%|██▊       | 55/199 [00:00<00:00, 1062.11it/s, Materializing param=encoder.layer.3.attention.output.LayerNorm.weight]Loading weights:  28%|██▊       | 55/199 [00:00<00:00, 1054.77it/s, Materializing param=encoder.layer.3.attention.output.LayerNorm.weight]Loading weights:  28%|██▊       | 56/199 [00:00<00:00, 1056.44it/s, Materializing param=encoder.layer.3.attention.output.dense.bias]      Loading weights:  28%|██▊       | 56/199 [00:00<00:00, 1049.55it/s, Materializing param=encoder.layer.3.attention.output.dense.bias]Loading weights:  29%|██▊       | 57/199 [00:00<00:00, 1062.53it/s, Materializing param=encoder.layer.3.attention.output.dense.weight]Loading weights:  29%|██▊       | 57/199 [00:00<00:00, 1054.67it/s, Materializing param=encoder.layer.3.attention.output.dense.weight]Loading weights:  29%|██▉       | 58/199 [00:00<00:00, 1055.78it/s, Materializing param=encoder.layer.3.attention.self.key.bias]      Loading weights:  29%|██▉       | 58/199 [00:00<00:00, 1046.73it/s, Materializing param=encoder.layer.3.attention.self.key.bias]Loading weights:  30%|██▉       | 59/199 [00:00<00:00, 1055.71it/s, Materializing param=encoder.layer.3.attention.self.key.weight]Loading weights:  30%|██▉       | 59/199 [00:00<00:00, 1053.73it/s, Materializing param=encoder.layer.3.attention.self.key.weight]Loading weights:  30%|███       | 60/199 [00:00<00:00, 1068.30it/s, Materializing param=encoder.layer.3.attention.self.query.bias]Loading weights:  30%|███       | 60/199 [00:00<00:00, 1066.85it/s, Materializing param=encoder.layer.3.attention.self.query.bias]Loading weights:  31%|███       | 61/199 [00:00<00:00, 1081.48it/s, Materializing param=encoder.layer.3.attention.self.query.weight]Loading weights:  31%|███       | 61/199 [00:00<00:00, 1080.02it/s, Materializing param=encoder.layer.3.attention.self.query.weight]Loading weights:  31%|███       | 62/199 [00:00<00:00, 1082.51it/s, Materializing param=encoder.layer.3.attention.self.value.bias]  Loading weights:  31%|███       | 62/199 [00:00<00:00, 1076.73it/s, Materializing param=encoder.layer.3.attention.self.value.bias]Loading weights:  32%|███▏      | 63/199 [00:00<00:00, 1062.04it/s, Materializing param=encoder.layer.3.attention.self.value.weight]Loading weights:  32%|███▏      | 63/199 [00:00<00:00, 1056.70it/s, Materializing param=encoder.layer.3.attention.self.value.weight]Loading weights:  32%|███▏      | 64/199 [00:00<00:00, 1063.44it/s, Materializing param=encoder.layer.3.intermediate.dense.bias]    Loading weights:  32%|███▏      | 64/199 [00:00<00:00, 1055.60it/s, Materializing param=encoder.layer.3.intermediate.dense.bias]Loading weights:  33%|███▎      | 65/199 [00:00<00:00, 1067.22it/s, Materializing param=encoder.layer.3.intermediate.dense.weight]Loading weights:  33%|███▎      | 65/199 [00:00<00:00, 1064.89it/s, Materializing param=encoder.layer.3.intermediate.dense.weight]Loading weights:  33%|███▎      | 66/199 [00:00<00:00, 1075.83it/s, Materializing param=encoder.layer.3.output.LayerNorm.bias]    Loading weights:  33%|███▎      | 66/199 [00:00<00:00, 1073.62it/s, Materializing param=encoder.layer.3.output.LayerNorm.bias]Loading weights:  34%|███▎      | 67/199 [00:00<00:00, 1077.94it/s, Materializing param=encoder.layer.3.output.LayerNorm.weight]Loading weights:  34%|███▎      | 67/199 [00:00<00:00, 1072.38it/s, Materializing param=encoder.layer.3.output.LayerNorm.weight]Loading weights:  34%|███▍      | 68/199 [00:00<00:00, 1062.26it/s, Materializing param=encoder.layer.3.output.dense.bias]      Loading weights:  34%|███▍      | 68/199 [00:00<00:00, 1059.55it/s, Materializing param=encoder.layer.3.output.dense.bias]Loading weights:  35%|███▍      | 69/199 [00:00<00:00, 1062.18it/s, Materializing param=encoder.layer.3.output.dense.weight]Loading weights:  35%|███▍      | 69/199 [00:00<00:00, 1049.92it/s, Materializing param=encoder.layer.3.output.dense.weight]Loading weights:  35%|███▌      | 70/199 [00:00<00:00, 1047.98it/s, Materializing param=encoder.layer.4.attention.output.LayerNorm.bias]Loading weights:  35%|███▌      | 70/199 [00:00<00:00, 1038.07it/s, Materializing param=encoder.layer.4.attention.output.LayerNorm.bias]Loading weights:  36%|███▌      | 71/199 [00:00<00:00, 1045.74it/s, Materializing param=encoder.layer.4.attention.output.LayerNorm.weight]Loading weights:  36%|███▌      | 71/199 [00:00<00:00, 1039.13it/s, Materializing param=encoder.layer.4.attention.output.LayerNorm.weight]Loading weights:  36%|███▌      | 72/199 [00:00<00:00, 1045.22it/s, Materializing param=encoder.layer.4.attention.output.dense.bias]      Loading weights:  36%|███▌      | 72/199 [00:00<00:00, 1039.89it/s, Materializing param=encoder.layer.4.attention.output.dense.bias]Loading weights:  37%|███▋      | 73/199 [00:00<00:00, 1045.58it/s, Materializing param=encoder.layer.4.attention.output.dense.weight]Loading weights:  37%|███▋      | 73/199 [00:00<00:00, 1029.13it/s, Materializing param=encoder.layer.4.attention.output.dense.weight]Loading weights:  37%|███▋      | 74/199 [00:00<00:00, 1034.38it/s, Materializing param=encoder.layer.4.attention.self.key.bias]      Loading weights:  37%|███▋      | 74/199 [00:00<00:00, 1030.88it/s, Materializing param=encoder.layer.4.attention.self.key.bias]Loading weights:  38%|███▊      | 75/199 [00:00<00:00, 1040.35it/s, Materializing param=encoder.layer.4.attention.self.key.weight]Loading weights:  38%|███▊      | 75/199 [00:00<00:00, 1038.44it/s, Materializing param=encoder.layer.4.attention.self.key.weight]Loading weights:  38%|███▊      | 76/199 [00:00<00:00, 1048.95it/s, Materializing param=encoder.layer.4.attention.self.query.bias]Loading weights:  38%|███▊      | 76/199 [00:00<00:00, 1047.14it/s, Materializing param=encoder.layer.4.attention.self.query.bias]Loading weights:  39%|███▊      | 77/199 [00:00<00:00, 1057.37it/s, Materializing param=encoder.layer.4.attention.self.query.weight]Loading weights:  39%|███▊      | 77/199 [00:00<00:00, 1055.49it/s, Materializing param=encoder.layer.4.attention.self.query.weight]Loading weights:  39%|███▉      | 78/199 [00:00<00:00, 1065.95it/s, Materializing param=encoder.layer.4.attention.self.value.bias]  Loading weights:  39%|███▉      | 78/199 [00:00<00:00, 1064.24it/s, Materializing param=encoder.layer.4.attention.self.value.bias]Loading weights:  40%|███▉      | 79/199 [00:00<00:00, 1074.95it/s, Materializing param=encoder.layer.4.attention.self.value.weight]Loading weights:  40%|███▉      | 79/199 [00:00<00:00, 1073.29it/s, Materializing param=encoder.layer.4.attention.self.value.weight]Loading weights:  40%|████      | 80/199 [00:00<00:00, 1083.30it/s, Materializing param=encoder.layer.4.intermediate.dense.bias]    Loading weights:  40%|████      | 80/199 [00:00<00:00, 1081.52it/s, Materializing param=encoder.layer.4.intermediate.dense.bias]Loading weights:  41%|████      | 81/199 [00:00<00:00, 1090.63it/s, Materializing param=encoder.layer.4.intermediate.dense.weight]Loading weights:  41%|████      | 81/199 [00:00<00:00, 1088.48it/s, Materializing param=encoder.layer.4.intermediate.dense.weight]Loading weights:  41%|████      | 82/199 [00:00<00:00, 1094.34it/s, Materializing param=encoder.layer.4.output.LayerNorm.bias]    Loading weights:  41%|████      | 82/199 [00:00<00:00, 1091.92it/s, Materializing param=encoder.layer.4.output.LayerNorm.bias]Loading weights:  42%|████▏     | 83/199 [00:00<00:00, 1101.49it/s, Materializing param=encoder.layer.4.output.LayerNorm.weight]Loading weights:  42%|████▏     | 83/199 [00:00<00:00, 1099.67it/s, Materializing param=encoder.layer.4.output.LayerNorm.weight]Loading weights:  42%|████▏     | 84/199 [00:00<00:00, 1109.70it/s, Materializing param=encoder.layer.4.output.dense.bias]      Loading weights:  42%|████▏     | 84/199 [00:00<00:00, 1108.03it/s, Materializing param=encoder.layer.4.output.dense.bias]Loading weights:  43%|████▎     | 85/199 [00:00<00:00, 1118.30it/s, Materializing param=encoder.layer.4.output.dense.weight]Loading weights:  43%|████▎     | 85/199 [00:00<00:00, 1116.81it/s, Materializing param=encoder.layer.4.output.dense.weight]Loading weights:  43%|████▎     | 86/199 [00:00<00:00, 1126.89it/s, Materializing param=encoder.layer.5.attention.output.LayerNorm.bias]Loading weights:  43%|████▎     | 86/199 [00:00<00:00, 1124.99it/s, Materializing param=encoder.layer.5.attention.output.LayerNorm.bias]Loading weights:  44%|████▎     | 87/199 [00:00<00:00, 1134.70it/s, Materializing param=encoder.layer.5.attention.output.LayerNorm.weight]Loading weights:  44%|████▎     | 87/199 [00:00<00:00, 1132.96it/s, Materializing param=encoder.layer.5.attention.output.LayerNorm.weight]Loading weights:  44%|████▍     | 88/199 [00:00<00:00, 1142.58it/s, Materializing param=encoder.layer.5.attention.output.dense.bias]      Loading weights:  44%|████▍     | 88/199 [00:00<00:00, 1140.77it/s, Materializing param=encoder.layer.5.attention.output.dense.bias]Loading weights:  45%|████▍     | 89/199 [00:00<00:00, 1148.15it/s, Materializing param=encoder.layer.5.attention.output.dense.weight]Loading weights:  45%|████▍     | 89/199 [00:00<00:00, 1145.62it/s, Materializing param=encoder.layer.5.attention.output.dense.weight]Loading weights:  45%|████▌     | 90/199 [00:00<00:00, 1154.25it/s, Materializing param=encoder.layer.5.attention.self.key.bias]      Loading weights:  45%|████▌     | 90/199 [00:00<00:00, 1152.12it/s, Materializing param=encoder.layer.5.attention.self.key.bias]Loading weights:  46%|████▌     | 91/199 [00:00<00:00, 1161.45it/s, Materializing param=encoder.layer.5.attention.self.key.weight]Loading weights:  46%|████▌     | 91/199 [00:00<00:00, 1159.64it/s, Materializing param=encoder.layer.5.attention.self.key.weight]Loading weights:  46%|████▌     | 92/199 [00:00<00:00, 1168.46it/s, Materializing param=encoder.layer.5.attention.self.query.bias]Loading weights:  46%|████▌     | 92/199 [00:00<00:00, 1166.51it/s, Materializing param=encoder.layer.5.attention.self.query.bias]Loading weights:  47%|████▋     | 93/199 [00:00<00:00, 1174.49it/s, Materializing param=encoder.layer.5.attention.self.query.weight]Loading weights:  47%|████▋     | 93/199 [00:00<00:00, 1171.58it/s, Materializing param=encoder.layer.5.attention.self.query.weight]Loading weights:  47%|████▋     | 94/199 [00:00<00:00, 1180.10it/s, Materializing param=encoder.layer.5.attention.self.value.bias]  Loading weights:  47%|████▋     | 94/199 [00:00<00:00, 1177.71it/s, Materializing param=encoder.layer.5.attention.self.value.bias]Loading weights:  48%|████▊     | 95/199 [00:00<00:00, 1186.45it/s, Materializing param=encoder.layer.5.attention.self.value.weight]Loading weights:  48%|████▊     | 95/199 [00:00<00:00, 1184.37it/s, Materializing param=encoder.layer.5.attention.self.value.weight]Loading weights:  48%|████▊     | 96/199 [00:00<00:00, 1192.15it/s, Materializing param=encoder.layer.5.intermediate.dense.bias]    Loading weights:  48%|████▊     | 96/199 [00:00<00:00, 1190.06it/s, Materializing param=encoder.layer.5.intermediate.dense.bias]Loading weights:  49%|████▊     | 97/199 [00:00<00:00, 1198.78it/s, Materializing param=encoder.layer.5.intermediate.dense.weight]Loading weights:  49%|████▊     | 97/199 [00:00<00:00, 1196.85it/s, Materializing param=encoder.layer.5.intermediate.dense.weight]Loading weights:  49%|████▉     | 98/199 [00:00<00:00, 1205.68it/s, Materializing param=encoder.layer.5.output.LayerNorm.bias]    Loading weights:  49%|████▉     | 98/199 [00:00<00:00, 1203.72it/s, Materializing param=encoder.layer.5.output.LayerNorm.bias]Loading weights:  50%|████▉     | 99/199 [00:00<00:00, 1212.11it/s, Materializing param=encoder.layer.5.output.LayerNorm.weight]Loading weights:  50%|████▉     | 99/199 [00:00<00:00, 1210.00it/s, Materializing param=encoder.layer.5.output.LayerNorm.weight]Loading weights:  50%|█████     | 100/199 [00:00<00:0
[...]
tests/unit/test_api_batch2.py::TestOsymExamStartEndpoint::test_start_exam_endpoint_exists [32mPASSED[0m
tests/unit/test_api_batch2.py::TestOsymExamStartEndpoint::test_start_exam_success [32mPASSED[0m
tests/unit/test_api_batch2.py::TestOsymExamStartEndpoint::test_start_exam_session_not_found [32mPASSED[0m
tests/unit/test_api_batch2.py::TestOsymExamStartEndpoint::test_start_exam_wrong_user [32mPASSED[0m
tests/unit/test_api_batch2.py::TestOsymExamStartEndpoint::test_start_exam_value_error [32mPASSED[0m
tests/unit/test_api_batch2.py::TestOsymExamQuestionEndpoints::test_get_current_question_success [32mPASSED[0m
tests/unit/test_api_batch2.py::TestOsymExamQuestionEndpoints::test_get_current_question_not_found [32mPASSED[0m
tests/unit/test_api_batch2.py::TestOsymExamQuestionEndpoints::test_save_answer_success [32mPASSED[0m
tests/unit/test_api_batch2.py::TestOsymExamQuestionEndpoints::test_save_answer_failed [32mPASSED[0m
tests/unit/test_api_batch2.py::TestOsymExamQuestionEndpoints::test_navigate_to_question_success [32mPASSED[0m
tests/unit/test_api_batch2.py::TestOsymExamQuestionEndpoints::test_flag_question_success [32mPASSED[0m
tests/unit/test_api_batch2.py::TestOsymExamQuestionEndpoints::test_unflag_question_success [32mPASSED[0m
tests/unit/test_api_batch2.py::TestOsymExamTimeManagement::test_get_remaining_time_success [32mPASSED[0m
tests/unit/test_api_batch2.py::TestOsymExamTimeManagement::test_get_remaining_time_warning [32mPASSED[0m
tests/unit/test_api_batch2.py::TestOsymExamTimeManagement::test_get_remaining_time_not_started [32mPASSED[0m
tests/unit/test_api_batch2.py::TestOsymExamCompletionEndpoint::test_complete_exam_success [32mPASSED[0m
tests/unit/test_api_batch2.py::TestOsymExamCompletionEndpoint::test_complete_exam_value_error [32mPASSED[0m
tests/unit/test_api_batch2.py::TestOsymExamPerformanceEndpoints::test_get_performance_analysis_success [32mPASSED[0m
tests/unit/test_api_batch2.py::TestOsymExamPerformanceEndpoints::test_get_performance_analysis_not_completed [32mPASSED[0m
tests/unit/test_api_batch2.py::TestOsymExamPerformanceEndpoints::test_get_subject_performance_success [32mPASSED[0m
tests/unit/test_api_batch2.py::TestOsymExamListEndpoints::test_get_my_exams_success [32mPASSED[0m
tests/unit/test_api_batch2.py::TestOsymExamListEndpoints::test_get_my_exams_pagination [32mPASSED[0m
tests/unit/test_api_batch2.py::TestOsymExamListEndpoints::test_get_exam_configs_success [32mPASSED[0m
tests/unit/test_api_batch2.py::TestOsymExamCancelEndpoint::test_cancel_exam_success [32mPASSED[0m
tests/unit/test_api_batch2.py::TestOsymExamCancelEndpoint::test_cancel_exam_already_completed [32mPASSED[0m
tests/unit/test_api_batch2.py::TestFSRSAPIImports::test_fsrs_api_import [32mPASSED[0m
tests/unit/test_api_batch2.py::TestFSRSAPIImports::test_fsrs_router_exists [32mPASSED[0m
tests/unit/test_api_batch2.py::TestFSRSAPIImports::test_fsrs_router_prefix [32mPASSED[0m
tests/unit/test_api_batch2.py::TestFSRSAPIImports::test_fsrs_router_tags [32mPASSED[0m
tests/unit/test_api_batch2.py::TestFSRSAPIImports::test_fsrs_models_import [32mPASSED[0m
tests/unit/test_api_batch2.py::TestFSRSAPIImports::test_create_flashcard_request_model [32mPASSED[0m
tests/unit/test_api_batch2.py::TestFSRSAPIImports::test_review_flashcard_request_model [32mPASSED[0m
tests/unit/test_api_batch2.py::TestFSRSAPIImports::test_review_flashcard_request_validation_min [32mPASSED[0m
tests/unit/test_api_batch2.py::TestFSRSAPIImports::test_review_flashcard_request_validation_max [32mPASSED[0m
tests/unit/test_api_batch2.py::TestFSRSFlashcardEndpoints::test_create_flashcard_success [32mPASSED[0m
tests/unit/test_api_batch2.py::TestFSRSFlashcardEndpoints::test_create_flashcard_non_student [32mPASSED[0m
tests/unit/test_api_batch2.py::TestFSRSFlashcardEndpoints::test_get_due_flashcards_success [32mPASSED[0m
tests/unit/test_api_batch2.py::TestFSRSFlashcardEndpoints::test_get_due_flashcards_with_limit [32mPASSED[0m
tests/unit/test_api_batch2.py::TestFSRSReviewEndpoint::test_review_flashcard_success [32mPASSED[0m
tests/unit/test_api_batch2.py::TestFSRSReviewEndpoint::test_review_flashcard_grade_1 [32mPASSED[0m
tests/unit/test_api_batch2.py::TestFSRSReviewEndpoint::test_review_flashcard_grade_4 [32mPASSED[0m
tests/unit/test_api_batch2.py::TestFSRSReviewEndpoint::test_review_flashcard_not_found [32mPASSED[0m
tests/unit/test_api_batch2.py::TestFSRSRecommendationsEndpoint::test_get_study_recommendations_success [32mPASSED[0m
tests/unit/test_api_batch2.py::TestFSRSRecommendationsEndpoint::test_get_study_recommendations_ramadan [32mPASSED[0m
tests/unit/test_api_batch2.py::TestFSRSStatisticsEndpoint::test_get_student_statistics_success [32mPASSED[0m
tests/unit/test_api_batch2.py::TestFSRSStudySessionEndpoints::test_start_study_session_success [32mPASSED[0m
tests/unit/test_api_batch2.py::TestFSRSStudySessionEndpoints::test_start_exam_prep_session [32mPASSED[0m
tests/unit/test_api_batch2.py::TestFSRSStudySessionEndpoints::test_end_study_session_success [32mPASSED[0m
tests/unit/test_api_batch2.py::TestFSRSStudySessionEndpoints::test_end_study_session_not_found [32mPASSED[0m
tests/unit/test_api_batch2.py::TestFSRSCulturalPeriodsEndpoint::test_get_cultural_periods_info_success [32mPASSED[0m
tests/unit/test_api_batch2.py::TestFSRSCulturalPeriodsEndpoint::test_cultural_periods_ramadan_info [32mPASSED[0m
tests/unit/test_api_batch2.py::TestFSRSCulturalPeriodsEndpoint::test_cultural_periods_exam_season_info [32mPASSED[0m
tests/unit/test_api_batch2.py::TestFSRSHealthCheckEndpoint::test_fsrs_health_check_success [32mPASSED[0m
tests/unit/test_api_batch2.py::TestFSRSHealthCheckEndpoint::test_fsrs_health_check_unhealthy [32mPASSED[0m
tests/unit/test_api_batch2.py::TestQuestionGenerationAPIImports::test_question_generation_api_import [32mPASSED[0m
tests/unit/test_api_batch2.py::TestQuestionGenerationAPIImports::test_question_generation_router_exists [32mPASSED[0m
tests/unit/test_api_batch2.py::TestQuestionGenerationAPIImports::test_question_generation_router_prefix [32mPASSED[0m
tests/unit/test_api_batch2.py::TestQuestionGenerationAPIImports::test_question_generation_models_import [32mPASSED[0m
tests/unit/test_api_batch2.py::TestQuestionGenerationAPIImports::test_question_generation_request_model [32mPASSED[0m
tests/unit/test_api_batch2.py::TestQuestionGenerationAPIImports::test_question_generation_request_default_values [32mPASSED[0m
tests/unit/test_api_batch2.py::TestGenerateQuestionsEndpoint::test_generate_questions_success Traceback (most recent call last):
  File "C:\Users\husey\kiro2\.venv\Lib\site-packages\_pytest\main.py", line 318, in wrap_session
    session.exitstatus = doit(config, session) or 0
                         ~~~~^^^^^^^^^^^^^^^^^
  File "C:\Users\husey\kiro2\.venv\Lib\site-packages\_pytest\main.py", line 372, in _main
    config.hook.pytest_runtestloop(session=session)
    ~~~~~~~~~~~~~~~~~~~~~~~~~~~~~~^^^^^^^^^^^^^^^^^
  File "C:\Users\husey\kiro2\.venv\Lib\site-packages\pluggy\_hooks.py", line 512, in __call__
    return self._hookexec(self.name, self._hookimpls.copy(), kwargs, firstresult)
           ~~~~~~~~~~~~~~^^^^^^^^^^^^^^^^^^^^^^^^^^^^^^^^^^^^^^^^^^^^^^^^^^^^^^^^
  File "C:\Users\husey\kiro2\.venv\Lib\site-packages\pluggy\_manager.py", line 120, in _hookexec
    return self._inner_hookexec(hook_name, methods, kwargs, firstresult)
           ~~~~~~~~~~~~~~~~~~~~^^^^^^^^^^^^^^^^^^^^^^^^^^^^^^^^^^^^^^^^^
  File "C:\Users\husey\kiro2\.venv\Lib\site-packages\pluggy\_callers.py", line 167, in _multicall
    raise exception
  File "C:\Users\husey\kiro2\.venv\Lib\site-packages\pluggy\_callers.py", line 139, in _multicall
    teardown.throw(exception)
    ~~~~~~~~~~~~~~^^^^^^^^^^^
  File "C:\Users\husey\kiro2\.venv\Lib\site-packages\_pytest\logging.py", line 801, in pytest_runtestloop
    return (yield)  # Run all the tests.
            ^^^^^
  File "C:\Users\husey\kiro2\.venv\Lib\site-packages\pluggy\_callers.py", line 139, in _multicall
    teardown.throw(exception)
    ~~~~~~~~~~~~~~^^^^^^^^^^^
  File "C:\Users\husey\kiro2\.venv\Lib\site-packages\_pytest\terminal.py", line 707, in pytest_runtestloop
    result = yield
             ^^^^^
  File "C:\Users\husey\kiro2\.venv\Lib\site-packages\pluggy\_callers.py", line 139, in _multicall
    teardown.throw(exception)
    ~~~~~~~~~~~~~~^^^^^^^^^^^
  File "C:\Users\husey\kiro2\.venv\Lib\site-packages\pytest_cov\plugin.py", line 324, in pytest_runtestloop
    return (yield)
            ^^^^^
  File "C:\Users\husey\kiro2\.venv\Lib\site-packages\pluggy\_callers.py", line 121, in _multicall
    res = hook_impl.function(*args)
  File "C:\Users\husey\kiro2\.venv\Lib\site-packages\_pytest\main.py", line 396, in pytest_runtestloop
    item.config.hook.pytest_runtest_protocol(item=item, nextitem=nextitem)
    ~~~~~~~~~~~~~~~~~~~~~~~~~~~~~~~~~~~~~~~~^^^^^^^^^^^^^^^^^^^^^^^^^^^^^^
  File "C:\Users\husey\kiro2\.venv\Lib\site-packages\pluggy\_hooks.py", line 512, in __call__
    return self._hookexec(self.name, self._hookimpls.copy(), kwargs, firstresult)
           ~~~~~~~~~~~~~~^^^^^^^^^^^^^^^^^^^^^^^^^^^^^^^^^^^^^^^^^^^^^^^^^^^^^^^^
  File "C:\Users\husey\kiro2\.venv\Lib\site-packages\pluggy\_manager.py", line 120, in _hookexec
    return self._inner_hookexec(hook_name, methods, kwargs, firstresult)
           ~~~~~~~~~~~~~~~~~~~~^^^^^^^^^^^^^^^^^^^^^^^^^^^^^^^^^^^^^^^^^
  File "C:\Users\husey\kiro2\.venv\Lib\site-packages\pluggy\_callers.py", line 167, in _multicall
    raise exception
  File "C:\Users\husey\kiro2\.venv\Lib\site-packages\pluggy\_callers.py", line 139, in _multicall
    teardown.throw(exception)
    ~~~~~~~~~~~~~~^^^^^^^^^^^
  File "C:\Users\husey\kiro2\.venv\Lib\site-packages\_pytest\warnings.py", line 89, in pytest_runtest_protocol
    return (yield)
            ^^^^^
  File "C:\Users\husey\kiro2\.venv\Lib\site-packages\pluggy\_callers.py", line 139, in _multicall
    teardown.throw(exception)
    ~~~~~~~~~~~~~~^^^^^^^^^^^
  File "C:\Users\husey\kiro2\.venv\Lib\site-packages\_pytest\assertion\__init__.py", line 192, in pytest_runtest_protocol
    return (yield)
            ^^^^^
  File "C:\Users\husey\kiro2\.venv\Lib\site-packages\pluggy\_callers.py", line 139, in _multicall
    teardown.throw(exception)
    ~~~~~~~~~~~~~~^^^^^^^^^^^
  File "C:\Users\husey\kiro2\.venv\Lib\site-packages\pluggy\_callers.py", line 53, in run_old_style_hookwrapper
    return result.get_result()
           ~~~~~~~~~~~~~~~~~^^
  File "C:\Users\husey\kiro2\.venv\Lib\site-packages\pluggy\_result.py", line 103, in get_result
    raise exc.with_traceback(tb)
  File "C:\Users\husey\kiro2\.venv\Lib\site-packages\pluggy\_callers.py", line 38, in run_old_style_hookwrapper
    res = yield
          ^^^^^
  File "C:\Users\husey\kiro2\.venv\Lib\site-packages\pluggy\_callers.py", line 139, in _multicall
    teardown.throw(exception)
    ~~~~~~~~~~~~~~^^^^^^^^^^^
  File "C:\Users\husey\kiro2\.venv\Lib\site-packages\_pytest\unittest.py", line 587, in pytest_runtest_protocol
    return (yield)
            ^^^^^
  File "C:\Users\husey\kiro2\.venv\Lib\site-packages\pluggy\_callers.py", line 139, in _multicall
    teardown.throw(exception)
    ~~~~~~~~~~~~~~^^^^^^^^^^^
  File "C:\Users\husey\kiro2\.venv\Lib\site-packages\_pytest\faulthandler.py", line 102, in pytest_runtest_protocol
    return (yield)
            ^^^^^
  File "C:\Users\husey\kiro2\.venv\Lib\site-packages\pluggy\_callers.py", line 121, in _multicall
    res = hook_impl.function(*args)
  File "C:\Users\husey\kiro2\.venv\Lib\site-packages\_pytest\runner.py", line 118, in pytest_runtest_protocol
    runtestprotocol(item, nextitem=nextitem)
    ~~~~~~~~~~~~~~~^^^^^^^^^^^^^^^^^^^^^^^^^
  File "C:\Users\husey\kiro2\.venv\Lib\site-packages\_pytest\runner.py", line 137, in runtestprotocol
    reports.append(call_and_report(item, "call", log))
                   ~~~~~~~~~~~~~~~^^^^^^^^^^^^^^^^^^^
  File "C:\Users\husey\kiro2\.venv\Lib\site-packages\_pytest\runner.py", line 251, in call_and_report
    ihook.pytest_runtest_logreport(report=report)
    ~~~~~~~~~~~~~~~~~~~~~~~~~~~~~~^^^^^^^^^^^^^^^
  File "C:\Users\husey\kiro2\.venv\Lib\site-packages\pluggy\_hooks.py", line 512, in __call__
    return self._hookexec(self.name, self._hookimpls.copy(), kwargs, firstresult)
           ~~~~~~~~~~~~~~^^^^^^^^^^^^^^^^^^^^^^^^^^^^^^^^^^^^^^^^^^^^^^^^^^^^^^^^
  File "C:\Users\husey\kiro2\.venv\Lib\site-packages\pluggy\_manager.py", line 120, in _hookexec
    return self._inner_hookexec(hook_name, methods, kwargs, firstresult)
           ~~~~~~~~~~~~~~~~~~~~^^^^^^^^^^^^^^^^^^^^^^^^^^^^^^^^^^^^^^^^^
  File "C:\Users\husey\kiro2\.venv\Lib\site-packages\pluggy\_callers.py", line 167, in _multicall
    raise exception
  File "C:\Users\husey\kiro2\.venv\Lib\site-packages\pluggy\_callers.py", line 121, in _multicall
    res = hook_impl.function(*args)
  File "C:\Users\husey\kiro2\.venv\Lib\site-packages\_pytest\terminal.py", line 667, in pytest_runtest_logreport
    self.write_ensure_prefix(line, word, **markup)
    ~~~~~~~~~~~~~~~~~~~~~~~~^^^^^^^^^^^^^^^^^^^^^^
  File "C:\Users\husey\kiro2\.venv\Lib\site-packages\_pytest\terminal.py", line 494, in write_ensure_prefix
    self._tw.write(extra, **kwargs)
    ~~~~~~~~~~~~~~^^^^^^^^^^^^^^^^^
  File "C:\Users\husey\kiro2\.venv\Lib\site-packages\_pytest\_io\terminalwriter.py", line 164, in write
    self.write_raw(msg, flush=flush)
    ~~~~~~~~~~~~~~^^^^^^^^^^^^^^^^^^
  File "C:\Users\husey\kiro2\.venv\Lib\site-packages\_pytest\_io\terminalwriter.py", line 168, in write_raw
    self._file.write(msg)
    ~~~~~~~~~~~~~~~~^^^^^
ValueError: I/O operation on closed file.

During handling of the above exception, another exception occurred:

Traceback (most recent call last):
  File "C:\Users\husey\kiro2\.venv\Lib\site-packages\_pytest\main.py", line 338, in wrap_session
    config.notify_exception(excinfo, config.option)
    ~~~~~~~~~~~~~~~~~~~~~~~^^^^^^^^^^^^^^^^^^^^^^^^
  File "C:\Users\husey\kiro2\.venv\Lib\site-packages\_pytest\config\__init__.py", line 1221, in notify_exception
    res = self.hook.pytest_internalerror(excrepr=excrepr, excinfo=excinfo)
  File "C:\Users\husey\kiro2\.venv\Lib\site-packages\pluggy\_hooks.py", line 512, in __call__
    return self._hookexec(self.name, self._hookimpls.copy(), kwargs, firstresult)
           ~~~~~~~~~~~~~~^^^^^^^^^^^^^^^^^^^^^^^^^^^^^^^^^^^^^^^^^^^^^^^^^^^^^^^^
  File "C:\Users\husey\kiro2\.venv\Lib\site-packages\pluggy\_manager.py", line 120, in _hookexec
    return self._inner_hookexec(hook_name, methods, kwargs, firstresult)
           ~~~~~~~~~~~~~~~~~~~~^^^^^^^^^^^^^^^^^^^^^^^^^^^^^^^^^^^^^^^^^
  File "C:\Users\husey\kiro2\.venv\Lib\site-packages\pluggy\_callers.py", line 167, in _multicall
    raise exception
  File "C:\Users\husey\kiro2\.venv\Lib\site-packages\pluggy\_callers.py", line 121, in _multicall
    res = hook_impl.function(*args)
  File "C:\Users\husey\kiro2\.venv\Lib\site-packages\_pytest\terminal.py", line 581, in pytest_internalerror
    self.write_line("INTERNALERROR> " + line)
    ~~~~~~~~~~~~~~~^^^^^^^^^^^^^^^^^^^^^^^^^^
  File "C:\Users\husey\kiro2\.venv\Lib\site-packages\_pytest\terminal.py", line 536, in write_line
    self.ensure_newline()
    ~~~~~~~~~~~~~~~~~~~^^
  File "C:\Users\husey\kiro2\.venv\Lib\site-packages\_pytest\terminal.py", line 499, in ensure_newline
    self._tw.line()
    ~~~~~~~~~~~~~^^
  File "C:\Users\husey\kiro2\.venv\Lib\site-packages\_pytest\_io\terminalwriter.py", line 184, in line
    self.write("\n")
    ~~~~~~~~~~^^^^^^
  File "C:\Users\husey\kiro2\.venv\Lib\site-packages\_pytest\_io\terminalwriter.py", line 164, in write
    self.write_raw(msg, flush=flush)
    ~~~~~~~~~~~~~~^^^^^^^^^^^^^^^^^^
  File "C:\Users\husey\kiro2\.venv\Lib\site-packages\_pytest\_io\terminalwriter.py", line 168, in write_raw
    self._file.write(msg)
    ~~~~~~~~~~~~~~~~^^^^^
ValueError: I/O operation on closed file.

During handling of the above exception, another exception occurred:

Traceback (most recent call last):
  File "<frozen runpy>", line 198, in _run_module_as_main
  File "<frozen runpy>", line 88, in _run_code
  File "C:\Users\husey\kiro2\.venv\Lib\site-packages\pytest\__main__.py", line 9, in <module>
    raise SystemExit(pytest.console_main())
                     ~~~~~~~~~~~~~~~~~~~^^
  File "C:\Users\husey\kiro2\.venv\Lib\site-packages\_pytest\config\__init__.py", line 223, in console_main
    code = main()
  File "C:\Users\husey\kiro2\.venv\Lib\site-packages\_pytest\config\__init__.py", line 199, in main
    ret: ExitCode | int = config.hook.pytest_cmdline_main(config=config)
                          ~~~~~~~~~~~~~~~~~~~~~~~~~~~~~~~^^^^^^^^^^^^^^^
  File "C:\Users\husey\kiro2\.venv\Lib\site-packages\pluggy\_hooks.py", line 512, in __call__
    return self._hookexec(self.name, self._hookimpls.copy(), kwargs, firstresult)
           ~~~~~~~~~~~~~~^^^^^^^^^^^^^^^^^^^^^^^^^^^^^^^^^^^^^^^^^^^^^^^^^^^^^^^^
  File "C:\Users\husey\kiro2\.venv\Lib\site-packages\pluggy\_manager.py", line 120, in _hookexec
    return self._inner_hookexec(hook_name, methods, kwargs, firstresult)
           ~~~~~~~~~~~~~~~~~~~~^^^^^^^^^^^^^^^^^^^^^^^^^^^^^^^^^^^^^^^^^
  File "C:\Users\husey\kiro2\.venv\Lib\site-packages\pluggy\_callers.py", line 167, in _multicall
    raise exception
  File "C:\Users\husey\kiro2\.venv\Lib\site-packages\pluggy\_callers.py", line 121, in _multicall
    res = hook_impl.function(*args)
  File "C:\Users\husey\kiro2\.venv\Lib\site-packages\_pytest\main.py", line 365, in pytest_cmdline_main
    return wrap_session(config, _main)
  File "C:\Users\husey\kiro2\.venv\Lib\site-packages\_pytest\main.py", line 353, in wrap_session
    config.hook.pytest_sessionfinish(
    ~~~~~~~~~~~~~~~~~~~~~~~~~~~~~~~~^
        session=session, exitstatus=session.exitstatus
        ^^^^^^^^^^^^^^^^^^^^^^^^^^^^^^^^^^^^^^^^^^^^^^
    )
    ^
  File "C:\Users\husey\kiro2\.venv\Lib\site-packages\pluggy\_hooks.py", line 512, in __call__
    return self._hookexec(self.name, self._hookimpls.copy(), kwargs, firstresult)
           ~~~~~~~~~~~~~~^^^^^^^^^^^^^^^^^^^^^^^^^^^^^^^^^^^^^^^^^^^^^^^^^^^^^^^^
  File "C:\Users\husey\kiro2\.venv\Lib\site-packages\pluggy\_manager.py", line 120, in _hookexec
    return self._inner_hookexec(hook_name, methods, kwargs, firstresult)
           ~~~~~~~~~~~~~~~~~~~~^^^^^^^^^^^^^^^^^^^^^^^^^^^^^^^^^^^^^^^^^
  File "C:\Users\husey\kiro2\.venv\Lib\site-packages\pluggy\_callers.py", line 167, in _multicall
    raise exception
  File "C:\Users\husey\kiro2\.venv\Lib\site-packages\pluggy\_callers.py", line 139, in _multicall
    teardown.throw(exception)
    ~~~~~~~~~~~~~~^^^^^^^^^^^
  File "C:\Users\husey\kiro2\.venv\Lib\site-packages\_pytest\logging.py", line 873, in pytest_sessionfinish
    return (yield)
            ^^^^^
  File "C:\Users\husey\kiro2\.venv\Lib\site-packages\pluggy\_callers.py", line 152, in _multicall
    teardown.send(result)
    ~~~~~~~~~~~~~^^^^^^^^
  File "C:\Users\husey\kiro2\.venv\Lib\site-packages\_pytest\terminal.py", line 961, in pytest_sessionfinish
    self._tw.line("")
    ~~~~~~~~~~~~~^^^^
  File "C:\Users\husey\kiro2\.venv\Lib\site-packages\_pytest\_io\terminalwriter.py", line 184, in line
    self.write("\n")
    ~~~~~~~~~~^^^^^^
  File "C:\Users\husey\kiro2\.venv\Lib\site-packages\_pytest\_io\terminalwriter.py", line 164, in write
    self.write_raw(msg, flush=flush)
    ~~~~~~~~~~~~~~^^^^^^^^^^^^^^^^^^
  File "C:\Users\husey\kiro2\.venv\Lib\site-packages\_pytest\_io\terminalwriter.py", line 168, in write_raw
    self._file.write(msg)
    ~~~~~~~~~~~~~~~~^^^^^
ValueError: I/O operation on closed file.
