<?xml version="1.0" encoding="utf-8"?><testsuites><testsuite name="pytest" errors="0" failures="0" skipped="0" tests="29" time="1.373" timestamp="2026-01-31T08:27:26.740782+03:00" hostname="ates"><testcase classname="tests.unit.api.test_auth_route" name="test_kayit_request_structure" time="0.022" /><testcase classname="tests.unit.api.test_auth_route" name="test_giris_request_structure" time="0.014" /><testcase classname="tests.unit.api.test_auth_route" name="test_profil_requires_auth" time="0.012" /><testcase classname="tests.unit.api.test_auth_route" name="test_kayit_invalid_email_rejected" time="0.013" /><testcase classname="tests.unit.api.test_auth_route" name="test_giris_response_structure" time="0.012" /><testcase classname="tests.unit.api.test_auth_route" name="test_refresh_token_response" time="0.013" /><testcase classname="tests.unit.api.test_auth_route" name="test_password_change_request" time="0.010" /><testcase classname="tests.unit.api.test_auth_route" name="test_weak_password_rejected" time="0.010" /><testcase classname="tests.unit.api.test_gamification_route" name="test_xp_earning_request" time="0.009" /><testcase classname="tests.unit.api.test_gamification_route" name="test_level_data_structure" time="0.009" /><testcase classname="tests.unit.api.test_gamification_route" name="test_badges_response" time="0.009" /><testcase classname="tests.unit.api.test_gamification_route" name="test_leaderboard_response" time="0.010" /><testcase classname="tests.unit.api.test_health_route" name="test_health_response_structure" time="0.015" /><testcase classname="tests.unit.api.test_health_route" name="test_health_status_values" time="0.010" /><testcase classname="tests.unit.api.test_health_route" name="test_readiness_probe_response" time="0.010" /><testcase classname="tests.unit.api.test_health_route" name="test_liveness_probe_response" time="0.011" /><testcase classname="tests.unit.api.test_health_route" name="test_startup_probe_response" time="0.014" /><testcase classname="tests.unit.api.test_health_route" name="test_database_health_response" time="0.011" /><testcase classname="tests.unit.api.test_health_route" name="test_detailed_health_components" time="0.014" /><testcase classname="tests.unit.api.test_health_route" name="test_health_includes_version" time="0.015" /><testcase classname="tests.unit.api.test_learning_path_route" name="test_create_profile_request" time="0.012" /><testcase classname="tests.unit.api.test_learning_path_route" name="test_generate_path_request" time="0.018" /><testcase classname="tests.unit.api.test_learning_path_route" name="test_resources_response" time="0.015" /><testcase classname="tests.unit.api.test_learning_path_route" name="test_progress_update_request" time="0.013" /><testcase classname="tests.unit.api.test_sinav_route" name="test_create_exam_request" time="0.014" /><testcase classname="tests.unit.api.test_sinav_route" name="test_save_answer_request" time="0.015" /><testcase classname="tests.unit.api.test_sinav_route" name="test_flag_question_request" time="0.013" /><testcase classname="tests.unit.api.test_sinav_route" name="test_navigate_request" time="0.012" /><testcase classname="tests.unit.api.test_sinav_route" name="test_exam_result_response" time="0.012" /></testsuite></testsuites>