<?xml version="1.0" encoding="utf-8"?><testsuites><testsuite name="pytest" errors="2" failures="0" skipped="1" tests="347" time="39.380" timestamp="2026-01-31T08:24:00.449943+03:00" hostname="ates"><testcase classname="" name="tests.unit.services.claude_md_improvement.test_doc_updater_service" time="0.000"><skipped message="collection skipped">('C:\\Users\\husey\\kiro2\\backend\\tests\\unit\\services\\claude_md_improvement\\test_doc_updater_service.py', 33, "Skipped: Cannot import doc_updater_service: Table 'point_transactions' is already defined for this MetaData instance.  Specify 'extend_existing=True' to redefine options and columns on an existing Table object.")</skipped></testcase><testcase classname="tests.unit.algorithms.test_exam_timer.TestExamDurations" name="test_tyt_duration_165" time="0.019" /><testcase classname="tests.unit.algorithms.test_exam_timer.TestExamDurations" name="test_ayt_duration_210" time="0.013" /><testcase classname="tests.unit.algorithms.test_exam_timer.TestExamDurations" name="test_ydt_duration_180" time="0.011" /><testcase classname="tests.unit.algorithms.test_exam_timer.TestExamAutoComplete" name="test_exam_auto_complete_on_timeout" time="0.009" /><testcase classname="tests.unit.algorithms.test_exam_timer.TestRemainingTime" name="test_remaining_time_calculation" time="0.010" /><testcase classname="tests.unit.algorithms.test_exam_timer.TestExpiredExam" name="test_expired_exam_rejects_answer" time="0.011" /><testcase classname="tests.unit.algorithms.test_exam_timer.TestExamStateTransitions" name="test_exam_state_transitions" time="0.010" /><testcase classname="tests.unit.algorithms.test_exam_timer.TestExamResume" name="test_exam_resume_preserves_answers" time="0.009" /><testcase classname="tests.unit.algorithms.test_exam_timer" name="test_complete_exam_flow" time="0.009" /><testcase classname="tests.unit.algorithms.test_fsrs_scheduling.TestGradeIntervals" name="test_new_card_good_grade_interval" time="0.009" /><testcase classname="tests.unit.algorithms.test_fsrs_scheduling.TestGradeIntervals" name="test_again_grade_resets" time="0.010" /><testcase classname="tests.unit.algorithms.test_fsrs_scheduling.TestGradeIntervals" name="test_easy_grade_bigger_interval" time="0.010" /><testcase classname="tests.unit.algorithms.test_fsrs_scheduling.TestGradeIntervals" name="test_hard_grade_smaller_interval" time="0.010" /><testcase classname="tests.unit.algorithms.test_fsrs_scheduling.TestStabilityAndRetrievability" name="test_stability_increases_on_success" time="0.009" /><testcase classname="tests.unit.algorithms.test_fsrs_scheduling.TestStabilityAndRetrievability" name="test_retrievability_in_range" time="0.011" /><testcase classname="tests.unit.algorithms.test_fsrs_scheduling.TestReviewDates" name="test_due_date_future" time="0.013" /><testcase classname="tests.unit.algorithms.test_fsrs_scheduling.TestReviewDates" name="test_min_interval_1_day" time="0.013" /><testcase classname="tests.unit.algorithms.test_fsrs_scheduling.TestReviewDates" name="test_max_interval_36500" time="0.014" /><testcase classname="tests.unit.algorithms.test_fsrs_scheduling.TestRetentionDefaults" name="test_default_retention_085" time="0.017" /><testcase classname="tests.unit.algorithms.test_fsrs_scheduling.TestCulturalAdjustments" name="test_ramadan_factor" time="0.018" /><testcase classname="tests.unit.algorithms.test_fsrs_scheduling.TestCulturalAdjustments" name="test_yks_stress_factor" time="0.029" /><testcase classname="tests.unit.algorithms.test_fsrs_scheduling.TestCulturalAdjustments" name="test_summer_decay_factor" time="0.020" /><testcase classname="tests.unit.algorithms.test_fsrs_scheduling.TestCulturalAdjustments" name="test_group_study_bonus" time="0.015" /><testcase classname="tests.unit.algorithms.test_fsrs_scheduling.TestCulturalAdjustments" name="test_family_pressure_factor" time="0.024" /><testcase classname="tests.unit.algorithms.test_fsrs_scheduling.TestCulturalAdjustments" name="test_religious_holiday_factor" time="0.019" /><testcase classname="tests.unit.algorithms.test_fsrs_scheduling.TestCardStateTransitions" name="test_card_state_transitions" time="0.078" /><testcase classname="tests.unit.algorithms.test_irt_boundaries.TestDifficultyBoundaries" name="test_difficulty_lower_bound_accepted" time="0.015" /><testcase classname="tests.unit.algorithms.test_irt_boundaries.TestDifficultyBoundaries" name="test_difficulty_upper_bound_accepted" time="0.016" /><testcase classname="tests.unit.algorithms.test_irt_boundaries.TestDifficultyBoundaries" name="test_difficulty_below_range_rejected" time="0.022" /><testcase classname="tests.unit.algorithms.test_irt_boundaries.TestDifficultyBoundaries" name="test_difficulty_above_range_rejected" time="0.016" /><testcase classname="tests.unit.algorithms.test_irt_boundaries.TestDiscriminationBoundaries" name="test_discrimination_lower_bound" time="0.016" /><testcase classname="tests.unit.algorithms.test_irt_boundaries.TestDiscriminationBoundaries" name="test_discrimination_upper_bound" time="0.013" /><testcase classname="tests.unit.algorithms.test_irt_boundaries.TestDiscriminationBoundaries" name="test_discrimination_below_rejected" time="0.017" /><testcase classname="tests.unit.algorithms.test_irt_boundaries.TestDiscriminationBoundaries" name="test_discrimination_above_rejected" time="0.016" /><testcase classname="tests.unit.algorithms.test_irt_boundaries.TestGuessingBoundaries" name="test_guessing_lower_bound" time="0.018" /><testcase classname="tests.unit.algorithms.test_irt_boundaries.TestGuessingBoundaries" name="test_guessing_upper_bound" time="0.013" /><testcase classname="tests.unit.algorithms.test_irt_boundaries.TestGuessingBoundaries" name="test_guessing_above_rejected" time="0.013" /><testcase classname="tests.unit.algorithms.test_irt_boundaries.TestGuessingBoundaries" name="test_guessing_below_rejected" time="0.012" /><testcase classname="tests.unit.algorithms.test_irt_boundaries.TestUpperAsymptote" name="test_upper_asymptote_valid" time="0.019" /><testcase classname="tests.unit.algorithms.test_irt_boundaries.TestFourPLModel" name="test_4pl_probability_calculation" time="0.016" /><testcase classname="tests.unit.algorithms.test_irt_boundaries.TestFourPLModel" name="test_fisher_information_positive" time="0.014" /><testcase classname="tests.unit.algorithms.test_irt_boundaries.TestFourPLModel" name="test_mle_ability_estimation" time="0.068" /><testcase classname="tests.unit.algorithms.test_irt_boundaries.TestFourPLModel" name="test_cat_selects_max_info_item" time="0.012" /><testcase classname="tests.unit.algorithms.test_irt_boundaries.TestYKSDefaults" name="test_tyt_default_params" time="0.010" /><testcase classname="tests.unit.algorithms.test_irt_boundaries.TestYKSDefaults" name="test_ayt_default_params" time="0.009" /><testcase classname="tests.unit.algorithms.test_irt_boundaries.TestYKSDefaults" name="test_yks_score_conversion" time="0.010" /><testcase classname="tests.unit.algorithms.test_osym_scoring.TestTYTNetCalculation" name="test_tyt_net_calculation" time="0.010" /><testcase classname="tests.unit.algorithms.test_osym_scoring.TestAYTNetCalculation" name="test_ayt_net_calculation" time="0.011" /><testcase classname="tests.unit.algorithms.test_osym_scoring.TestNegativeNet" name="test_negative_net_allowed" time="0.012" /><testcase classname="tests.unit.algorithms.test_osym_scoring.TestEmptyAnswers" name="test_empty_answers_neutral" time="0.009" /><testcase classname="tests.unit.algorithms.test_osym_scoring.TestWrongAnswerPenalty" name="test_four_wrong_equals_one_right" time="0.012" /><testcase classname="tests.unit.algorithms.test_osym_scoring.TestSubjectNetCalculation" name="test_subject_net_calculation" time="0.010" /><testcase classname="tests.unit.algorithms.test_osym_scoring.TestPerfectScore" name="test_all_correct_max_net" time="0.010" /><testcase classname="tests.unit.algorithms.test_osym_scoring.TestWorstScore" name="test_all_wrong_min_net" time="0.009" /><testcase classname="tests.unit.algorithms.test_osym_scoring" name="test_osym_calculator_helper" time="0.010" /><testcase classname="tests.unit.algorithms.test_turkish_chars.TestTurkishUpperLower" name="test_turkish_i_upper" time="0.010" /><testcase classname="tests.unit.algorithms.test_turkish_chars.TestTurkishUpperLower" name="test_turkish_I_lower" time="0.010" /><testcase classname="tests.unit.algorithms.test_turkish_chars.TestTurkishCharsExist" name="test_turkish_special_chars_exist" time="0.009" /><testcase classname="tests.unit.algorithms.test_turkish_chars.TestUTF8Encoding" name="test_utf8_encode_decode" time="0.009" /><testcase classname="tests.unit.algorithms.test_turkish_chars.TestUTF8Encoding" name="test_json_ensure_ascii_false" time="0.008" /><testcase classname="tests.unit.algorithms.test_turkish_chars.TestTurkishComparison" name="test_turkish_string_comparison" time="0.008" /><testcase classname="tests.unit.algorithms.test_turkish_chars.TestTurkishComparison" name="test_turkish_chars_in_dict" time="0.008" /><testcase classname="tests.unit.algorithms.test_turkish_chars.TestTurkishSearch" name="test_turkish_search_case_insensitive" time="0.011" /><testcase classname="tests.unit.algorithms.test_turkish_chars.TestTurkishSearch" name="test_turkish_sort_order" time="0.009" /><testcase classname="tests.unit.algorithms.test_turkish_chars.TestTurkishFileIO" name="test_utf8_file_roundtrip" time="0.018" /><testcase classname="tests.unit.algorithms.test_turkish_chars.TestTurkishRegex" name="test_turkish_regex_matching" time="0.012" /><testcase classname="tests.unit.algorithms.test_turkish_chars.TestTurkishLength" name="test_turkish_length_correct" time="0.014" /><testcase classname="tests.unit.algorithms.test_turkish_chars.TestTurkishRepr" name="test_turkish_repr_safe" time="0.026" /><testcase classname="tests.unit.algorithms.test_turkish_chars.TestTurkishEncoding" name="test_turkish_encode_latin5" time="0.023" /><testcase classname="tests.unit.algorithms.test_zpd_boundaries.TestZPDProbabilityBoundaries" name="test_zpd_lower_bound_15_percent" time="0.015" /><testcase classname="tests.unit.algorithms.test_zpd_boundaries.TestZPDProbabilityBoundaries" name="test_zpd_upper_bound_85_percent" time="0.025" /><testcase classname="tests.unit.algorithms.test_zpd_boundaries.TestZPDProbabilityBoundaries" name="test_question_too_hard_rejected" time="0.012" /><testcase classname="tests.unit.algorithms.test_zpd_boundaries.TestZPDProbabilityBoundaries" name="test_question_too_easy_rejected" time="0.013" /><testcase classname="tests.unit.algorithms.test_zpd_boundaries.TestZPDProbabilityBoundaries" name="test_question_in_zpd_accepted" time="0.014" /><testcase classname="tests.unit.algorithms.test_zpd_boundaries.TestMaarifValues" name="test_maarif_values_count" time="0.015" /><testcase classname="tests.unit.algorithms.test_zpd_boundaries.TestMaarifValues" name="test_tarih_maarif_mapping" time="0.013" /><testcase classname="tests.unit.algorithms.test_zpd_boundaries.TestZPDExpansionFactors" name="test_group_learning_expansion" time="0.011" /><testcase classname="tests.unit.algorithms.test_zpd_boundaries.TestZPDExpansionFactors" name="test_teacher_respect_expansion" time="0.012" /><testcase classname="tests.unit.algorithms.test_zpd_boundaries.TestZPDExpansionFactors" name="test_family_support_expansion" time="0.010" /><testcase classname="tests.unit.algorithms.test_zpd_boundaries.TestZPDExpansionFactors" name="test_maarif_alignment_expansion" time="0.012" /><testcase classname="tests.unit.algorithms.test_zpd_boundaries.TestCulturalContext" name="test_default_cultural_factors" time="0.011" /><testcase classname="tests.unit.auth.test_biometric.TestDeviceCapabilityCheck" name="test_ios_device_face_id_supported" time="0.018" /><testcase classname="tests.unit.auth.test_biometric.TestDeviceCapabilityCheck" name="test_android_device_fingerprint_supported" time="0.016" /><testcase classname="tests.unit.auth.test_biometric.TestDeviceCapabilityCheck" name="test_device_without_biometric_enrollment" time="0.017" /><testcase classname="tests.unit.auth.test_biometric.TestDeviceCapabilityCheck" name="test_fallback_always_available" time="0.020" /><testcase classname="tests.unit.auth.test_biometric.TestChallengeGeneration" name="test_generate_challenge_success" time="0.015" /><testcase classname="tests.unit.auth.test_biometric.TestChallengeGeneration" name="test_challenge_unique_ids" time="0.013" /><testcase classname="tests.unit.auth.test_biometric.TestChallengeGeneration" name="test_challenge_with_device_id" time="0.013" /><testcase classname="tests.unit.auth.test_biometric.TestChallengeVerification" name="test_verify_invalid_challenge_id" time="0.016" /><testcase classname="tests.unit.auth.test_biometric.TestChallengeVerification" name="test_verify_liveness_check_required" time="0.014" /><testcase classname="tests.unit.auth.test_biometric.TestChallengeVerification" name="test_verify_valid_response" time="0.015" /><testcase classname="tests.unit.auth.test_biometric.TestCredentialManagement" name="test_register_credential" time="0.013" /><testcase classname="tests.unit.auth.test_biometric.TestCredentialManagement" name="test_revoke_credential" time="0.014" /><testcase classname="tests.unit.auth.test_biometric.TestCredentialManagement" name="test_get_user_credentials" time="0.014" /><testcase classname="tests.unit.auth.test_biometric.TestFallbackMechanism" name="test_fallback_token_generation" time="0.014" /><testcase classname="tests.unit.auth.test_biometric.TestRateLimiting" name="test_rate_limiting_after_failed_attempts" time="0.013" /><testcase classname="tests.unit.health.test_checker.TestHealthChecker" name="test_initialization" time="0.013" /><testcase classname="tests.unit.health.test_checker.TestHealthChecker" name="test_check_endpoint_circuit_open" time="0.013" /><testcase classname="tests.unit.health.test_checker.TestHealthChecker" name="test_check_endpoint_success" time="0.016" /><testcase classname="tests.unit.health.test_checker.TestHealthChecker" name="test_check_endpoint_unexpected_status" time="0.017" /><testcase classname="tests.unit.health.test_checker.TestHealthChecker" name="test_record_response_time" time="0.010" /><testcase classname="tests.unit.health.test_checker.TestHealthChecker" name="test_calculate_percentiles_empty" time="0.011" /><testcase classname="tests.unit.health.test_checker.TestHealthChecker" name="test_calculate_percentiles_with_data" time="0.010" /><testcase classname="tests.unit.health.test_checker.TestHealthChecker" name="test_sliding_window_max_size" time="0.016" /><testcase classname="tests.unit.health.test_checker.TestHealthChecker" name="test_check_multiple_endpoints_parallel" time="0.016" /><testcase classname="tests.unit.health.test_checker.TestHealthChecker" name="test_send_critical_alert_non_critical" time="0.013" /><testcase classname="tests.unit.health.test_checker.TestHealthChecker" name="test_send_critical_alert_healthy" time="0.012" /><testcase classname="tests.unit.health.test_checker.TestHealthCheckerWithRedis" name="test_store_result_to_redis" time="0.029" /><testcase classname="tests.unit.health.test_checker.TestHealthCheckerWithRedis" name="test_store_result_redis_error" time="0.023" /><testcase classname="tests.unit.health.test_database_health.TestDatabaseHealthMetrics" name="test_metrics_default_timestamp" time="0.015" /><testcase classname="tests.unit.health.test_database_health.TestDatabaseHealthMetrics" name="test_metrics_all_fields_populated" time="0.014" /><testcase classname="tests.unit.health.test_database_health.TestDatabaseHealthMetrics" name="test_metrics_with_error_message" time="0.015" /><testcase classname="tests.unit.health.test_database_health.TestDatabaseHealthCheckerInit" name="test_initialization_defaults" time="0.018" /><testcase classname="tests.unit.health.test_database_health.TestDatabaseHealthCheckerInit" name="test_initialization_custom_thresholds" time="0.020" /><testcase classname="tests.unit.health.test_database_health.TestDatabaseHealthCheckerCheckHealth" name="test_check_health_success" time="0.051" /><testcase classname="tests.unit.health.test_database_health.TestDatabaseHealthCheckerCheckHealth" name="test_check_health_timeout" time="0.146" /><testcase classname="tests.unit.health.test_database_health.TestDatabaseHealthCheckerCheckHealth" name="test_check_health_connection_error" time="0.025" /><testcase classname="tests.unit.health.test_database_health.TestDatabaseHealthCheckerCheckHealth" name="test_response_time_measurement_accuracy" time="0.039" /><testcase classname="tests.unit.health.test_database_health.TestDatabaseHealthCheckerPoolMetrics" name="test_get_pool_metrics_success" time="0.056" /><testcase classname="tests.unit.health.test_database_health.TestDatabaseHealthCheckerPoolMetrics" name="test_pool_warning_at_90_percent" time="0.068" /><testcase classname="tests.unit.health.test_database_health.TestDatabaseHealthCheckerPoolMetrics" name="test_pool_warning_not_triggered_below_threshold" time="0.055" /><testcase classname="tests.unit.health.test_database_health.TestDatabaseHealthCheckerLeakDetection" name="test_detect_connection_leak_monotonic_increase" time="0.021" /><testcase classname="tests.unit.health.test_database_health.TestDatabaseHealthCheckerLeakDetection" name="test_no_leak_detected_stable_connections" time="0.020" /><testcase classname="tests.unit.health.test_database_health.TestDatabaseHealthCheckerLeakDetection" name="test_leak_report_not_generated_with_insufficient_history" time="0.017" /><testcase classname="tests.unit.health.test_database_health.TestDatabaseHealthCheckerRedisStorage" name="test_store_metrics_to_redis" time="0.026" /><testcase classname="tests.unit.health.test_database_health.TestDatabaseHealthCheckerRedisStorage" name="test_store_metrics_redis_error_handled" time="0.026" /><testcase classname="tests.unit.health.test_database_health.TestDatabaseHealthCheckerAvailability" name="test_is_database_available_true" time="0.027" /><testcase classname="tests.unit.health.test_database_health.TestDatabaseHealthCheckerAvailability" name="test_is_database_available_cached" time="0.019" /><testcase classname="tests.unit.health.test_database_health.TestDatabaseHealthCheckerAvailability" name="test_handle_database_unavailable_sets_flag" time="0.204" /><testcase classname="tests.unit.health.test_discovery.TestEndpointDiscovery" name="test_discover_all_endpoints" time="0.017" /><testcase classname="tests.unit.health.test_discovery.TestEndpointDiscovery" name="test_discover_methods" time="0.018" /><testcase classname="tests.unit.health.test_discovery.TestEndpointDiscovery" name="test_check_critical_endpoint_health" time="0.034" /><testcase classname="tests.unit.health.test_discovery.TestEndpointDiscovery" name="test_check_critical_endpoint_auth" time="0.021" /><testcase classname="tests.unit.health.test_discovery.TestEndpointDiscovery" name="test_discovered_endpoints_tracked" time="0.032" /><testcase classname="tests.unit.health.test_discovery.TestEndpointDiscovery" name="test_check_new_endpoints" time="0.019" /><testcase classname="tests.unit.health.test_discovery.TestEndpointDiscovery" name="test_check_removed_endpoints" time="0.022" /><testcase classname="tests.unit.health.test_discovery.TestEndpointDiscovery" name="test_check_auth_requirement_no_deps" time="0.014" /><testcase classname="tests.unit.health.test_discovery.TestEndpointDiscovery" name="test_check_auth_requirement_with_auth_dep" time="0.020" /><testcase classname="tests.unit.health.test_discovery.TestEndpointDiscovery" name="test_extract_expected_status_codes_get" time="0.016" /><testcase classname="tests.unit.health.test_discovery.TestEndpointDiscovery" name="test_extract_expected_status_codes_post" time="0.014" /><testcase classname="tests.unit.health.test_discovery.TestEndpointDiscovery" name="test_extract_expected_status_codes_delete" time="0.016" /><testcase classname="tests.unit.health.test_discovery.TestEndpointDiscoveryWithRedis" name="test_store_metadata_to_redis" time="0.022" /><testcase classname="tests.unit.health.test_discovery.TestEndpointDiscoveryWithRedis" name="test_get_endpoint_metadata_from_redis" time="0.024" /><testcase classname="tests.unit.health.test_discovery.TestEndpointDiscoveryWithRedis" name="test_get_endpoint_metadata_not_found" time="0.021" /><testcase classname="tests.unit.health.test_redis_health.TestRedisHealthMetrics" name="test_metrics_default_timestamp" time="0.013" /><testcase classname="tests.unit.health.test_redis_health.TestRedisHealthMetrics" name="test_metrics_all_fields_populated" time="0.012" /><testcase classname="tests.unit.health.test_redis_health.TestRedisHealthMetrics" name="test_metrics_with_error_message" time="0.012" /><testcase classname="tests.unit.health.test_redis_health.TestRedisHealthCheckerInit" name="test_initialization_defaults" time="0.014" /><testcase classname="tests.unit.health.test_redis_health.TestRedisHealthCheckerInit" name="test_initialization_custom_thresholds" time="0.013" /><testcase classname="tests.unit.health.test_redis_health.TestRedisHealthCheckerCheckHealth" name="test_check_health_ping_success" time="0.022" /><testcase classname="tests.unit.health.test_redis_health.TestRedisHealthCheckerCheckHealth" name="test_check_health_ping_failure" time="0.018" /><testcase classname="tests.unit.health.test_redis_health.TestRedisHealthCheckerCheckHealth" name="test_check_health_connection_error" time="0.018" /><testcase classname="tests.unit.health.test_redis_health.TestRedisHealthCheckerCheckHealth" name="test_response_time_measurement" time="0.033" /><testcase classname="tests.unit.health.test_redis_health.TestRedisHealthCheckerCacheMetrics" name="test_get_cache_metrics_success" time="0.020" /><testcase classname="tests.unit.health.test_redis_health.TestRedisHealthCheckerCacheMetrics" name="test_hit_rate_calculation_zero_total" time="0.018" /><testcase classname="tests.unit.health.test_redis_health.TestRedisHealthCheckerHitRateWarning" name="test_low_hit_rate_warning_triggered" time="0.023" /><testcase classname="tests.unit.health.test_redis_health.TestRedisHealthCheckerHitRateWarning" name="test_no_warning_above_threshold" time="0.023" /><testcase classname="tests.unit.health.test_redis_health.TestRedisHealthCheckerMemoryWarning" name="test_high_memory_usage_warning" time="0.022" /><testcase classname="tests.unit.health.test_redis_health.TestRedisHealthCheckerMemoryWarning" name="test_memory_percentage_calculation" time="0.022" /><testcase classname="tests.unit.health.test_redis_health.TestRedisHealthCheckerBypassMode" name="test_bypass_mode_activated_on_unavailable" time="0.021" /><testcase classname="tests.unit.health.test_redis_health.TestRedisHealthCheckerBypassMode" name="test_is_redis_available_in_bypass_mode" time="0.016" /><testcase classname="tests.unit.health.test_redis_health.TestRedisHealthCheckerBypassMode" name="test_is_redis_available_ping_check" time="0.014" /><testcase classname="tests.unit.health.test_redis_health.TestRedisHealthCheckerCacheWarming" name="test_cache_warming_triggered_on_recovery" time="0.016" /><testcase classname="tests.unit.health.test_redis_health.TestRedisHealthCheckerCacheWarming" name="test_register_warming_callback" time="0.013" /><testcase classname="tests.unit.health.test_redis_health.TestRedisHealthCheckerCacheWarming" name="test_warming_callback_error_handled" time="0.019" /><testcase classname="tests.unit.health.test_redis_health.TestRedisHealthCheckerMetricsStorage" name="test_store_metrics_to_redis" time="0.020" /><testcase classname="tests.unit.health.test_redis_health.TestRedisHealthCheckerMetricsStorage" name="test_store_metrics_not_called_when_unhealthy" time="0.019" /><testcase classname="tests.unit.services.test_embedding_service.TestEmbeddingService" name="test_fallback_embedding_dimension" time="0.142" /><testcase classname="tests.unit.services.test_embedding_service.TestEmbeddingService" name="test_fallback_embedding_deterministic" time="0.067" /><testcase classname="tests.unit.services.test_embedding_service.TestEmbeddingService" name="test_fallback_embedding_different_texts" time="0.057" /><testcase classname="tests.unit.services.test_embedding_service.TestEmbeddingService" name="test_fallback_embedding_normalized" time="0.062" /><testcase classname="tests.unit.services.test_embedding_service.TestEmbeddingService" name="test_cache_key_format" time="0.070" /><testcase classname="tests.unit.services.test_embedding_service.TestEmbeddingService" name="test_cache_key_deterministic" time="0.068" /><testcase classname="tests.unit.services.test_embedding_service.TestEmbeddingService" name="test_cosine_similarity_identical" time="0.061" /><testcase classname="tests.unit.services.test_embedding_service.TestEmbeddingService" name="test_cosine_similarity_orthogonal" time="0.075" /><testcase classname="tests.unit.services.test_embedding_service.TestEmbeddingService" name="test_cosine_similarity_opposite" time="0.055" /><testcase classname="tests.unit.services.test_embedding_service.TestEmbeddingService" name="test_cosine_similarity_symmetric" time="0.051" /><testcase classname="tests.unit.services.test_embedding_service.TestEmbeddingService" name="test_embed_without_model_uses_fallback" time="4.109" /><testcase classname="tests.unit.services.test_embedding_service.TestEmbeddingService" name="test_embed_batch_empty_list" time="4.119" /><testcase classname="tests.unit.services.test_embedding_service.TestEmbeddingService" name="test_embed_batch_single_item" time="4.092" /><testcase classname="tests.unit.services.test_embedding_service.TestEmbeddingService" name="test_embed_batch_multiple_items" time="4.107" /><testcase classname="tests.unit.services.test_embedding_service.TestEmbeddingService" name="test_stats_initial_values" time="0.049" /><testcase classname="tests.unit.services.test_embedding_service.TestEmbeddingService" name="test_stats_after_embed" time="4.111" /><testcase classname="tests.unit.services.test_embedding_service.TestEmbeddingServiceWithMocks" name="test_embed_calls_model_encode" time="0.054"><error message="failed on setup with &quot;AttributeError: &lt;module 'embedding_service_module' from 'C:\\Users\\husey\\kiro2\\backend\\services\\embedding_service.py'&gt; does not have the attribute 'SentenceTransformer'&quot;">E   AttributeError: &lt;module 'embedding_service_module' from 'C:\\Users\\husey\\kiro2\\backend\\services\\embedding_service.py'&gt; does not have the attribute 'SentenceTransformer'</error></testcase><testcase classname="tests.unit.services.test_embedding_service.TestEmbeddingServiceWithMocks" name="test_batch_processing_respects_batch_size" time="0.056"><error message="failed on setup with &quot;AttributeError: &lt;module 'embedding_service_module' from 'C:\\Users\\husey\\kiro2\\backend\\services\\embedding_service.py'&gt; does not have the attribute 'SentenceTransformer'&quot;">E   AttributeError: &lt;module 'embedding_service_module' from 'C:\\Users\\husey\\kiro2\\backend\\services\\embedding_service.py'&gt; does not have the attribute 'SentenceTransformer'</error></testcase><testcase classname="tests.unit.services.test_embedding_service.TestEmbeddingServiceTurkish" name="test_turkish_characters" time="0.059" /><testcase classname="tests.unit.services.test_embedding_service.TestEmbeddingServiceTurkish" name="test_turkish_question" time="0.048" /><testcase classname="tests.unit.services.test_embedding_service.TestEmbeddingServiceTurkish" name="test_empty_text" time="0.052" /><testcase classname="tests.unit.services.test_embedding_service.TestEmbeddingServiceProperties" name="test_embedding_consistency_property" time="0.134" /><testcase classname="tests.unit.services.test_fsrs_service" name="test_create_new_card" time="0.029" /><testcase classname="tests.unit.services.test_fsrs_service" name="test_review_card_good" time="0.026" /><testcase classname="tests.unit.services.test_fsrs_service" name="test_review_card_again" time="0.026" /><testcase classname="tests.unit.services.test_fsrs_service" name="test_review_card_easy" time="0.017" /><testcase classname="tests.unit.services.test_fsrs_service" name="test_review_card_hard" time="0.014" /><testcase classname="tests.unit.services.test_fsrs_service" name="test_calculate_next_review" time="0.018" /><testcase classname="tests.unit.services.test_fsrs_service" name="test_cultural_period_detection" time="0.011" /><testcase classname="tests.unit.services.test_fsrs_service" name="test_ramadan_adjustment" time="0.014" /><testcase classname="tests.unit.services.test_fsrs_service" name="test_stability_update" time="0.014" /><testcase classname="tests.unit.services.test_fsrs_service" name="test_retrievability_decay" time="0.014" /><testcase classname="tests.unit.services.test_fsrs_service" name="test_card_state_management" time="0.014" /><testcase classname="tests.unit.services.test_fsrs_service" name="test_due_cards_query" time="0.013" /><testcase classname="tests.unit.services.test_fsrs_service" name="test_optimal_retention_rate" time="0.016" /><testcase classname="tests.unit.services.test_fsrs_service" name="test_difficulty_adjustment" time="0.018" /><testcase classname="tests.unit.services.test_fsrs_service" name="test_predict_retention_probability" time="0.018" /><testcase classname="tests.unit.services.test_fsrs_service" name="test_study_recommendations" time="0.020" /><testcase classname="tests.unit.services.test_fsrs_service" name="test_priority_subjects" time="0.016" /><testcase classname="tests.unit.services.test_fsrs_service" name="test_period_specific_advice" time="0.013" /><testcase classname="tests.unit.services.test_irt_service" name="test_create_irt_item" time="0.017" /><testcase classname="tests.unit.services.test_irt_service" name="test_calculate_probability" time="0.016" /><testcase classname="tests.unit.services.test_irt_service" name="test_calculate_information" time="0.014" /><testcase classname="tests.unit.services.test_irt_service" name="test_estimate_ability" time="0.026" /><testcase classname="tests.unit.services.test_irt_service" name="test_select_next_cat_item" time="0.018" /><testcase classname="tests.unit.services.test_irt_service" name="test_add_response" time="0.014" /><testcase classname="tests.unit.services.test_irt_service" name="test_get_item_difficulty" time="0.015" /><testcase classname="tests.unit.services.test_irt_service" name="test_calibrate_item" time="0.012" /><testcase classname="tests.unit.services.test_irt_service" name="test_batch_probability" time="0.019" /><testcase classname="tests.unit.services.test_irt_service" name="test_standard_error_calculation" time="0.016" /><testcase classname="tests.unit.services.test_irt_service" name="test_ability_bounds" time="0.054" /><testcase classname="tests.unit.services.test_irt_service" name="test_empty_responses_handling" time="0.012" /><testcase classname="tests.unit.services.test_irt_service" name="test_yks_score_from_ability" time="0.017" /><testcase classname="tests.unit.services.test_irt_service" name="test_confidence_interval" time="0.011" /><testcase classname="tests.unit.services.test_irt_service" name="test_test_information_sum" time="0.010" /><testcase classname="tests.unit.services.test_irt_service" name="test_invalid_discrimination_raises" time="0.010" /><testcase classname="tests.unit.services.test_irt_service" name="test_invalid_difficulty_raises" time="0.011" /><testcase classname="tests.unit.services.test_irt_service" name="test_invalid_guessing_raises" time="0.010" /><testcase classname="tests.unit.services.test_semantic_search.TestSearchRequest" name="test_valid_request" time="0.066" /><testcase classname="tests.unit.services.test_semantic_search.TestSearchRequest" name="test_default_values" time="0.008" /><testcase classname="tests.unit.services.test_semantic_search.TestSearchRequest" name="test_with_filters" time="0.007" /><testcase classname="tests.unit.services.test_semantic_search.TestSearchRequest" name="test_mmr_enabled" time="0.008" /><testcase classname="tests.unit.services.test_semantic_search.TestSearchResult" name="test_basic_result" time="0.010" /><testcase classname="tests.unit.services.test_semantic_search.TestSearchResult" name="test_with_hybrid_score" time="0.009" /><testcase classname="tests.unit.services.test_semantic_search.TestSemanticSearchService" name="test_build_where_clause_empty" time="0.010" /><testcase classname="tests.unit.services.test_semantic_search.TestSemanticSearchService" name="test_build_where_clause_single_filter" time="0.010" /><testcase classname="tests.unit.services.test_semantic_search.TestSemanticSearchService" name="test_build_where_clause_multiple_filters" time="0.010" /><testcase classname="tests.unit.services.test_semantic_search.TestMMRAlgorithm" name="test_mmr_returns_correct_count" time="0.012" /><testcase classname="tests.unit.services.test_semantic_search.TestMMRAlgorithm" name="test_mmr_with_lambda_1_keeps_relevance_order" time="0.012" /><testcase classname="tests.unit.services.test_semantic_search.TestMMRAlgorithm" name="test_mmr_with_lambda_0_maximizes_diversity" time="0.010" /><testcase classname="tests.unit.services.test_semantic_search.TestMMRAlgorithm" name="test_mmr_removes_embeddings" time="0.010" /><testcase classname="tests.unit.services.test_semantic_search.TestHybridRanking" name="test_hybrid_ranking_adds_scores" time="0.010" /><testcase classname="tests.unit.services.test_semantic_search.TestHybridRanking" name="test_hybrid_ranking_sorts_by_score" time="0.011" /><testcase classname="tests.unit.services.test_semantic_search.TestHybridRanking" name="test_hybrid_ranking_custom_weights" time="0.011" /><testcase classname="tests.unit.services.test_semantic_search.TestHybridRanking" name="test_hybrid_ranking_empty_list" time="0.014" /><testcase classname="tests.unit.services.test_semantic_search.TestSimilarRequest" name="test_valid_request" time="0.038" /><testcase classname="tests.unit.services.test_semantic_search.TestSearchHealth" name="test_health_returns_status" time="0.035" /><testcase classname="tests.unit.services.test_semantic_search.TestIntegrationScenarios" name="test_search_with_filters" time="0.028" /><testcase classname="tests.unit.services.test_user_service" name="test_create_user_valid_data" time="0.031" /><testcase classname="tests.unit.services.test_user_service" name="test_create_user_duplicate_email_raises" time="0.014" /><testcase classname="tests.unit.services.test_user_service" name="test_get_user_by_id" time="0.013" /><testcase classname="tests.unit.services.test_user_service" name="test_get_user_by_email" time="0.013" /><testcase classname="tests.unit.services.test_user_service" name="test_update_user_profile" time="0.013" /><testcase classname="tests.unit.services.test_user_service" name="test_delete_user" time="0.012" /><testcase classname="tests.unit.services.test_user_service" name="test_authenticate_valid_credentials" time="0.011" /><testcase classname="tests.unit.services.test_user_service" name="test_authenticate_wrong_password" time="0.014" /><testcase classname="tests.unit.services.test_user_service" name="test_change_password" time="0.011" /><testcase classname="tests.unit.services.test_user_service" name="test_get_user_role" time="0.010" /><testcase classname="tests.unit.services.test_user_service" name="test_user_is_active_default" time="0.011" /><testcase classname="tests.unit.services.test_user_service" name="test_deactivate_user" time="0.011" /><testcase classname="tests.unit.services.test_user_service" name="test_list_users_pagination" time="0.013" /><testcase classname="tests.unit.services.test_user_service" name="test_search_users_by_name" time="0.011" /><testcase classname="tests.unit.services.test_user_service" name="test_token_validation" time="0.011" /><testcase classname="tests.unit.agents.learning_path.test_agent" name="test_agent_initialization_success" time="0.009" /><testcase classname="tests.unit.agents.learning_path.test_agent" name="test_agent_initialization_missing_llm" time="0.007" /><testcase classname="tests.unit.agents.learning_path.test_agent" name="test_agent_initialization_missing_assessment" time="0.006" /><testcase classname="tests.unit.agents.learning_path.test_agent" name="test_agent_initialization_with_all_services" time="0.010" /><testcase classname="tests.unit.agents.learning_path.test_agent" name="test_create_learning_path_success" time="0.013" /><testcase classname="tests.unit.agents.learning_path.test_agent" name="test_create_learning_path_with_goal" time="0.011" /><testcase classname="tests.unit.agents.learning_path.test_agent" name="test_create_learning_path_error_handling" time="0.026" /><testcase classname="tests.unit.agents.learning_path.test_agent" name="test_update_path_progress_success" time="0.016" /><testcase classname="tests.unit.agents.learning_path.test_agent" name="test_update_path_progress_no_path" time="0.018" /><testcase classname="tests.unit.agents.learning_path.test_agent" name="test_update_path_progress_difficulty_adaptation" time="0.026" /><testcase classname="tests.unit.agents.learning_path.test_agent" name="test_get_next_recommendations_success" time="0.048" /><testcase classname="tests.unit.agents.learning_path.test_agent" name="test_get_next_recommendations_no_path" time="0.027" /><testcase classname="tests.unit.agents.learning_path.test_agent" name="test_create_quick_assessment_success" time="0.022" /><testcase classname="tests.unit.agents.learning_path.test_agent" name="test_create_quick_assessment_error" time="0.023" /><testcase classname="tests.unit.agents.learning_path.test_agent" name="test_search_videos_success" time="0.018" /><testcase classname="tests.unit.agents.learning_path.test_agent" name="test_search_videos_no_service" time="0.015" /><testcase classname="tests.unit.agents.learning_path.test_agent" name="test_chat_with_student_success" time="0.018" /><testcase classname="tests.unit.agents.learning_path.test_agent" name="test_regenerate_path_success" time="0.027" /><testcase classname="tests.unit.agents.learning_path.test_agent" name="test_regenerate_path_no_profile" time="0.018" /><testcase classname="tests.unit.agents.learning_path.test_agent" name="test_analyze_learning_gaps_success" time="0.016" /><testcase classname="tests.unit.agents.learning_path.test_agent" name="test_get_agent_stats" time="0.013" /><testcase classname="tests.unit.agents.learning_path.test_agent" name="test_clear_cache_specific_student" time="0.013" /><testcase classname="tests.unit.agents.learning_path.test_agent" name="test_clear_cache_all" time="0.015" /><testcase classname="tests.unit.agents.learning_path.test_agent" name="test_get_student_profile" time="0.012" /><testcase classname="tests.unit.agents.learning_path.test_agent" name="test_get_student_profile_not_found" time="0.014" /><testcase classname="tests.unit.agents.learning_path.test_agent" name="test_get_learning_path" time="0.023" /><testcase classname="tests.unit.agents.learning_path.test_agent" name="test_get_learning_path_not_found" time="0.017" /><testcase classname="tests.unit.agents.learning_path.test_assessment_creator.TestAssessmentCreator" name="test_init_success" time="0.016" /><testcase classname="tests.unit.agents.learning_path.test_assessment_creator.TestAssessmentCreator" name="test_init_missing_assessment_system" time="0.010" /><testcase classname="tests.unit.agents.learning_path.test_assessment_creator.TestAssessmentCreator" name="test_create_quick_assessment_success" time="0.021" /><testcase classname="tests.unit.agents.learning_path.test_assessment_creator.TestAssessmentCreator" name="test_create_quick_assessment_invalid_inputs" time="0.020" /><testcase classname="tests.unit.agents.learning_path.test_assessment_creator.TestAssessmentCreator" name="test_create_self_assessment_success" time="0.022" /><testcase classname="tests.unit.agents.learning_path.test_assessment_creator.TestAssessmentCreator" name="test_create_interactive_questionnaire_success" time="0.027" /><testcase classname="tests.unit.agents.learning_path.test_assessment_creator.TestAssessmentCreator" name="test_create_guided_self_assessment_success" time="0.022" /><testcase classname="tests.unit.agents.learning_path.test_assessment_creator.TestAssessmentCreator" name="test_create_learning_style_questionnaire" time="0.034" /><testcase classname="tests.unit.agents.learning_path.test_assessment_creator.TestAssessmentCreator" name="test_analyze_learning_style_responses_visual" time="0.019" /><testcase classname="tests.unit.agents.learning_path.test_assessment_creator.TestAssessmentCreator" name="test_analyze_learning_style_responses_mixed" time="0.017" /><testcase classname="tests.unit.agents.learning_path.test_facade.TestLearningPathFacadeInit" name="test_facade_init_default" time="0.009" /><testcase classname="tests.unit.agents.learning_path.test_facade.TestLearningPathFacadeInit" name="test_facade_init_with_config" time="0.011" /><testcase classname="tests.unit.agents.learning_path.test_facade.TestLearningPathFacadeInit" name="test_facade_lazy_service_init" time="0.010" /><testcase classname="tests.unit.agents.learning_path.test_facade.TestLearningPathFacadeServices" name="test_path_generation_property" time="0.011" /><testcase classname="tests.unit.agents.learning_path.test_facade.TestLearningPathFacadeServices" name="test_resource_discovery_property" time="0.009" /><testcase classname="tests.unit.agents.learning_path.test_facade.TestLearningPathFacadeServices" name="test_path_adaptation_property" time="0.008" /><testcase classname="tests.unit.agents.learning_path.test_facade.TestCreatePathForStudent" name="test_create_path_success" time="0.015" /><testcase classname="tests.unit.agents.learning_path.test_facade.TestCreatePathForStudent" name="test_create_path_caches_result" time="0.013" /><testcase classname="tests.unit.agents.learning_path.test_facade.TestSearchResources" name="test_search_resources_success" time="0.013" /><testcase classname="tests.unit.agents.learning_path.test_facade.TestSearchResources" name="test_search_resources_empty" time="0.012" /><testcase classname="tests.unit.agents.learning_path.test_facade.TestAdaptStudentPath" name="test_adapt_path_success" time="0.012" /><testcase classname="tests.unit.agents.learning_path.test_facade.TestGetStudentPath" name="test_get_path_from_cache" time="0.010" /><testcase classname="tests.unit.agents.learning_path.test_facade.TestGetStudentPath" name="test_get_path_not_found" time="0.010" /><testcase classname="tests.unit.agents.learning_path.test_facade.TestFacadeFactory" name="test_get_learning_path_facade_singleton" time="0.008" /><testcase classname="tests.unit.agents.learning_path.test_resource_finder.TestResourceFinder" name="test_search_resources_success" time="0.014" /><testcase classname="tests.unit.agents.learning_path.test_resource_finder.TestResourceFinder" name="test_search_resources_invalid_inputs" time="0.011" /><testcase classname="tests.unit.agents.learning_path.test_resource_finder.TestResourceFinder" name="test_search_by_topic" time="0.014" /><testcase classname="tests.unit.agents.learning_path.test_resource_finder.TestResourceFinder" name="test_search_by_difficulty" time="0.012" /><testcase classname="tests.unit.agents.learning_path.test_resource_finder.TestResourceFinder" name="test_search_by_style" time="0.012" /><testcase classname="tests.unit.agents.learning_path.test_resource_finder.TestResourceFinder" name="test_get_style_recommendations" time="0.008" /><testcase classname="tests.unit.agents.learning_path.test_resource_finder.TestResourceFinder" name="test_caching" time="0.011" /><testcase classname="tests.unit.agents.learning_path.test_student_profiler.TestStudentProfiler" name="test_init_success" time="0.009" /><testcase classname="tests.unit.agents.learning_path.test_student_profiler.TestStudentProfiler" name="test_init_missing_llm_service" time="0.007" /><testcase classname="tests.unit.agents.learning_path.test_student_profiler.TestStudentProfiler" name="test_analyze_student_success" time="0.012" /><testcase classname="tests.unit.agents.learning_path.test_student_profiler.TestStudentProfiler" name="test_analyze_student_minimal_data" time="0.013" /><testcase classname="tests.unit.agents.learning_path.test_student_profiler.TestStudentProfiler" name="test_analyze_student_invalid_student_id" time="0.013" /><testcase classname="tests.unit.agents.learning_path.test_student_profiler.TestStudentProfiler" name="test_analyze_student_invalid_data" time="0.017" /><testcase classname="tests.unit.agents.learning_path.test_student_profiler.TestStudentProfiler" name="test_analyze_student_missing_goal" time="0.014" /><testcase classname="tests.unit.agents.learning_path.test_student_profiler.TestStudentProfiler" name="test_analyze_student_llm_failure" time="0.019" /><testcase classname="tests.unit.agents.learning_path.test_student_profiler.TestStudentProfiler" name="test_analyze_student_llm_invalid_json" time="0.026" /><testcase classname="tests.unit.agents.learning_path.test_student_profiler.TestStudentProfiler" name="test_assess_knowledge_level_from_test_results" time="0.027" /><testcase classname="tests.unit.agents.learning_path.test_student_profiler.TestStudentProfiler" name="test_assess_knowledge_level_edge_cases" time="0.021" /><testcase classname="tests.unit.agents.learning_path.test_student_profiler.TestStudentProfiler" name="test_assess_knowledge_level_zero_total" time="0.024" /><testcase classname="tests.unit.agents.learning_path.test_student_profiler.TestStudentProfiler" name="test_assess_knowledge_level_from_profile" time="0.022" /><testcase classname="tests.unit.agents.learning_path.test_student_profiler.TestStudentProfiler" name="test_assess_knowledge_level_no_profile" time="0.016" /><testcase classname="tests.unit.agents.learning_path.test_student_profiler.TestStudentProfiler" name="test_assess_knowledge_level_invalid_inputs" time="0.016" /><testcase classname="tests.unit.agents.learning_path.test_student_profiler.TestStudentProfiler" name="test_analyze_behavioral_learning_style_success" time="0.018" /><testcase classname="tests.unit.agents.learning_path.test_student_profiler.TestStudentProfiler" name="test_analyze_behavioral_learning_style_no_detector" time="0.017" /><testcase classname="tests.unit.agents.learning_path.test_student_profiler.TestStudentProfiler" name="test_analyze_behavioral_learning_style_updates_profile" time="0.018" /><testcase classname="tests.unit.agents.learning_path.test_student_profiler.TestStudentProfiler" name="test_record_learning_behavior_success" time="0.011" /><testcase classname="tests.unit.agents.learning_path.test_student_profiler.TestStudentProfiler" name="test_record_learning_behavior_minimal" time="0.021" /><testcase classname="tests.unit.agents.learning_path.test_student_profiler.TestStudentProfiler" name="test_analyze_performance_trend" time="0.015" /><testcase classname="tests.unit.agents.learning_path.test_student_profiler.TestStudentProfiler" name="test_get_profile_exists" time="0.016" /><testcase classname="tests.unit.agents.learning_path.test_student_profiler.TestStudentProfiler" name="test_get_profile_not_exists" time="0.013" /><testcase classname="tests.unit.agents.learning_path.test_student_profiler.TestStudentProfiler" name="test_update_profile_success" time="0.012" /><testcase classname="tests.unit.agents.learning_path.test_student_profiler.TestStudentProfiler" name="test_update_profile_not_found" time="0.013" /><testcase classname="tests.unit.agents.learning_path.test_student_profiler.TestStudentProfiler" name="test_update_profile_ignore_restricted_fields" time="0.012" /><testcase classname="tests.unit.agents.learning_path.test_student_profiler.TestStudentProfiler" name="test_full_workflow" time="0.018" /><testcase classname="tests.unit.agents.learning_path.test_student_profiler.TestStudentProfiler" name="test_concurrent_students" time="0.021" /></testsuite></testsuites>