<?xml version="1.0" encoding="utf-8"?><testsuites><testsuite name="pytest" errors="0" failures="4" skipped="0" tests="2584" time="29.251" timestamp="2026-01-31T09:23:26.806533+03:00" hostname="ates"><testcase classname="tests.unit.test_exam_curriculum_models.TestSinavSorusu" name="test_sinav_sorusu_creation[Q001-2 + 2 = ?-A]" time="0.010" /><testcase classname="tests.unit.test_exam_curriculum_models.TestSinavSorusu" name="test_sinav_sorusu_creation[Q002-T\xfcrkiye'nin ba\u015fkenti neresidir?-C]" time="0.006" /><testcase classname="tests.unit.test_exam_curriculum_models.TestSinavSorusu" name="test_sinav_sorusu_creation[Q003-F = ma form\xfcl\xfc hangi yasay\u0131 ifade eder?-B]" time="0.006" /><testcase classname="tests.unit.test_exam_curriculum_models.TestSinavSorusu" name="test_sinav_sorusu_creation[Q004-H\xfccre zar\u0131n\u0131n g\xf6revi nedir?-D]" time="0.007" /><testcase classname="tests.unit.test_exam_curriculum_models.TestSinavSorusu" name="test_sinav_sorusu_creation[Q005-Osmanl\u0131 \u0130mparatorlu\u011fu ne zaman kuruldu?-A]" time="0.008" /><testcase classname="tests.unit.test_exam_curriculum_models.TestSinavSorusu" name="test_sinav_sorusu_creation[Q006-Pisagor teoremi nedir?-C]" time="0.008" /><testcase classname="tests.unit.test_exam_curriculum_models.TestSinavSorusu" name="test_sinav_sorusu_creation[Q007-Fotosentez nerede ger\xe7ekle\u015fir?-B]" time="0.006" /><testcase classname="tests.unit.test_exam_curriculum_models.TestSinavSorusu" name="test_sinav_sorusu_creation[Q008-\u0130stanbul'un fethi hangi y\u0131ld\u0131r?-A]" time="0.005" /><testcase classname="tests.unit.test_exam_curriculum_models.TestSinavSorusu" name="test_sinav_sorusu_creation[Q009-Erime noktas\u0131 en y\xfcksek element hangisidir?-D]" time="0.005" /><testcase classname="tests.unit.test_exam_curriculum_models.TestSinavSorusu" name="test_sinav_sorusu_creation[Q010-D\xfcnyan\u0131n en b\xfcy\xfck okyanusu hangisidir?-B]" time="0.006" /><testcase classname="tests.unit.test_exam_curriculum_models.TestSinavSorusu" name="test_secenekler_constraints[secenekler0]" time="0.005" /><testcase classname="tests.unit.test_exam_curriculum_models.TestSinavSorusu" name="test_secenekler_constraints[secenekler1]" time="0.005" /><testcase classname="tests.unit.test_exam_curriculum_models.TestSinavSorusu" name="test_secenekler_constraints[secenekler2]" time="0.005" /><testcase classname="tests.unit.test_exam_curriculum_models.TestSinavSorusu" name="test_secenekler_constraints[secenekler3]" time="0.005" /><testcase classname="tests.unit.test_exam_curriculum_models.TestSinavSorusu" name="test_zorluk_seviyesi_values[kolay]" time="0.005" /><testcase classname="tests.unit.test_exam_curriculum_models.TestSinavSorusu" name="test_zorluk_seviyesi_values[orta]" time="0.005" /><testcase classname="tests.unit.test_exam_curriculum_models.TestSinavSorusu" name="test_zorluk_seviyesi_values[zor]" time="0.006" /><testcase classname="tests.unit.test_exam_curriculum_models.TestSinavSorusu" name="test_sinav_tipi_values[TYT]" time="0.007" /><testcase classname="tests.unit.test_exam_curriculum_models.TestSinavSorusu" name="test_sinav_tipi_values[AYT]" time="0.006" /><testcase classname="tests.unit.test_exam_curriculum_models.TestSinavSorusu" name="test_sinav_tipi_values[YDT]" time="0.010" /><testcase classname="tests.unit.test_exam_curriculum_models.TestSinavSorusu" name="test_optional_fields[Alt Konu 1-\xc7\xf6z\xfcm a\xe7\u0131klamas\u0131 1]" time="0.009" /><testcase classname="tests.unit.test_exam_curriculum_models.TestSinavSorusu" name="test_optional_fields[Alt Konu 2-None]" time="0.009" /><testcase classname="tests.unit.test_exam_curriculum_models.TestSinavSorusu" name="test_optional_fields[None-\xc7\xf6z\xfcm a\xe7\u0131klamas\u0131 2]" time="0.008" /><testcase classname="tests.unit.test_exam_curriculum_models.TestSinavSorusu" name="test_optional_fields[None-None]" time="0.010" /><testcase classname="tests.unit.test_exam_curriculum_models.TestSinavSorusu" name="test_default_timestamps" time="0.011" /><testcase classname="tests.unit.test_exam_curriculum_models.TestSinavSorusu" name="test_aktif_default_true" time="0.011" /><testcase classname="tests.unit.test_exam_curriculum_models.TestSinavOturumu" name="test_sinav_oturumu_creation[EXAM001-STD001-40-90]" time="0.016" /><testcase classname="tests.unit.test_exam_curriculum_models.TestSinavOturumu" name="test_sinav_oturumu_creation[EXAM002-STD002-80-180]" time="0.015" /><testcase classname="tests.unit.test_exam_curriculum_models.TestSinavOturumu" name="test_sinav_oturumu_creation[EXAM003-STD003-120-240]" time="0.014" /><testcase classname="tests.unit.test_exam_curriculum_models.TestSinavOturumu" name="test_sinav_oturumu_creation[EXAM004-STD004-40-90]" time="0.014" /><testcase classname="tests.unit.test_exam_curriculum_models.TestSinavOturumu" name="test_sinav_oturumu_creation[EXAM005-STD005-80-180]" time="0.015" /><testcase classname="tests.unit.test_exam_curriculum_models.TestSinavOturumu" name="test_sinav_durumu_values[hazir]" time="0.016" /><testcase classname="tests.unit.test_exam_curriculum_models.TestSinavOturumu" name="test_sinav_durumu_values[devam_ediyor]" time="0.013" /><testcase classname="tests.unit.test_exam_curriculum_models.TestSinavOturumu" name="test_sinav_durumu_values[tamamlandi]" time="0.011" /><testcase classname="tests.unit.test_exam_curriculum_models.TestSinavOturumu" name="test_sinav_durumu_values[iptal_edildi]" time="0.011" /><testcase classname="tests.unit.test_exam_curriculum_models.TestSinavOturumu" name="test_default_durum_hazir" time="0.012" /><testcase classname="tests.unit.test_exam_curriculum_models.TestSinavOturumu" name="test_ilerleme_tracking[0-cevaplanan0-isaretlenen0]" time="0.014" /><testcase classname="tests.unit.test_exam_curriculum_models.TestSinavOturumu" name="test_ilerleme_tracking[5-cevaplanan1-isaretlenen1]" time="0.016" /><testcase classname="tests.unit.test_exam_curriculum_models.TestSinavOturumu" name="test_ilerleme_tracking[10-cevaplanan2-isaretlenen2]" time="0.015" /><testcase classname="tests.unit.test_exam_curriculum_models.TestSinavOturumu" name="test_ilerleme_tracking[20-cevaplanan3-isaretlenen3]" time="0.015" /><testcase classname="tests.unit.test_exam_curriculum_models.TestSinavOturumu" name="test_zaman_tracking[baslangic0-bitis0-3600]" time="0.017" /><testcase classname="tests.unit.test_exam_curriculum_models.TestSinavOturumu" name="test_zaman_tracking[baslangic1-bitis1-2700]" time="0.017" /><testcase classname="tests.unit.test_exam_curriculum_models.TestSinavOturumu" name="test_zaman_tracking[None-None-None]" time="0.018" /><testcase classname="tests.unit.test_exam_curriculum_models.TestSinavOturumu" name="test_default_mevcut_soru_index" time="0.017" /><testcase classname="tests.unit.test_exam_curriculum_models.TestSinavOturumu" name="test_default_empty_collections" time="0.019" /><testcase classname="tests.unit.test_exam_curriculum_models.TestSinavCevabi" name="test_sinav_cevabi_creation[EXAM001-Q001-A]" time="0.019" /><testcase classname="tests.unit.test_exam_curriculum_models.TestSinavCevabi" name="test_sinav_cevabi_creation[EXAM001-Q002-B]" time="0.016" /><testcase classname="tests.unit.test_exam_curriculum_models.TestSinavCevabi" name="test_sinav_cevabi_creation[EXAM001-Q003-C]" time="0.015" /><testcase classname="tests.unit.test_exam_curriculum_models.TestSinavCevabi" name="test_sinav_cevabi_creation[EXAM001-Q004-D]" time="0.014" /><testcase classname="tests.unit.test_exam_curriculum_models.TestSinavCevabi" name="test_sinav_cevabi_creation[EXAM001-Q005-E]" time="0.013" /><testcase classname="tests.unit.test_exam_curriculum_models.TestSinavCevabi" name="test_sinav_cevabi_creation[EXAM002-Q001-None]" time="0.013" /><testcase classname="tests.unit.test_exam_curriculum_models.TestSinavCevabi" name="test_sinav_cevabi_creation[EXAM002-Q002-A]" time="0.021" /><testcase classname="tests.unit.test_exam_curriculum_models.TestSinavCevabi" name="test_sinav_cevabi_creation[EXAM003-Q001-C]" time="0.011" /><testcase classname="tests.unit.test_exam_curriculum_models.TestSinavCevabi" name="test_sinav_cevabi_creation[EXAM003-Q002-None]" time="0.010" /><testcase classname="tests.unit.test_exam_curriculum_models.TestSinavCevabi" name="test_sinav_cevabi_creation[EXAM004-Q001-B]" time="0.010" /><testcase classname="tests.unit.test_exam_curriculum_models.TestSinavCevabi" name="test_cevap_suresi[10]" time="0.009" /><testcase classname="tests.unit.test_exam_curriculum_models.TestSinavCevabi" name="test_cevap_suresi[30]" time="0.008" /><testcase classname="tests.unit.test_exam_curriculum_models.TestSinavCevabi" name="test_cevap_suresi[60]" time="0.009" /><testcase classname="tests.unit.test_exam_curriculum_models.TestSinavCevabi" name="test_cevap_suresi[120]" time="0.007" /><testcase classname="tests.unit.test_exam_curriculum_models.TestSinavCevabi" name="test_cevap_suresi[300]" time="0.007" /><testcase classname="tests.unit.test_exam_curriculum_models.TestSinavCevabi" name="test_cevap_suresi[None]" time="0.007" /><testcase classname="tests.unit.test_exam_curriculum_models.TestSinavCevabi" name="test_default_cevap_zamani" time="0.007" /><testcase classname="tests.unit.test_exam_curriculum_models.TestSinavCevabi" name="test_ogrenci_cevabi_values[A]" time="0.006" /><testcase classname="tests.unit.test_exam_curriculum_models.TestSinavCevabi" name="test_ogrenci_cevabi_values[B]" time="0.007" /><testcase classname="tests.unit.test_exam_curriculum_models.TestSinavCevabi" name="test_ogrenci_cevabi_values[C]" time="0.005" /><testcase classname="tests.unit.test_exam_curriculum_models.TestSinavCevabi" name="test_ogrenci_cevabi_values[D]" time="0.005" /><testcase classname="tests.unit.test_exam_curriculum_models.TestSinavCevabi" name="test_ogrenci_cevabi_values[E]" time="0.005" /><testcase classname="tests.unit.test_exam_curriculum_models.TestSinavCevabi" name="test_ogrenci_cevabi_values[None]" time="0.006" /><testcase classname="tests.unit.test_exam_curriculum_models.TestKonuPerformansi" name="test_konu_performansi_creation[Matematik-20-15-3-2-75.0]" time="0.006" /><testcase classname="tests.unit.test_exam_curriculum_models.TestKonuPerformansi" name="test_konu_performansi_creation[T\xfcrk\xe7e-30-25-4-1-83.33]" time="0.006" /><testcase classname="tests.unit.test_exam_curriculum_models.TestKonuPerformansi" name="test_konu_performansi_creation[Fizik-15-10-3-2-66.67]" time="0.008" /><testcase classname="tests.unit.test_exam_curriculum_models.TestKonuPerformansi" name="test_konu_performansi_creation[Kimya-15-8-5-2-53.33]" time="0.008" /><testcase classname="tests.unit.test_exam_curriculum_models.TestKonuPerformansi" name="test_konu_performansi_creation[Biyoloji-10-9-1-0-90.0]" time="0.007" /><testcase classname="tests.unit.test_exam_curriculum_models.TestKonuPerformansi" name="test_konu_performansi_creation[Tarih-25-20-3-2-80.0]" time="0.008" /><testcase classname="tests.unit.test_exam_curriculum_models.TestKonuPerformansi" name="test_konu_performansi_creation[Co\u011frafya-20-12-6-2-60.0]" time="0.010" /><testcase classname="tests.unit.test_exam_curriculum_models.TestKonuPerformansi" name="test_konu_performansi_creation[Geometri-18-14-2-2-77.78]" time="0.009" /><testcase classname="tests.unit.test_exam_curriculum_models.TestKonuPerformansi" name="test_ortalama_sure[30.5]" time="0.010" /><testcase classname="tests.unit.test_exam_curriculum_models.TestKonuPerformansi" name="test_ortalama_sure[45.0]" time="0.015" /><testcase classname="tests.unit.test_exam_curriculum_models.TestKonuPerformansi" name="test_ortalama_sure[60.5]" time="0.014" /><testcase classname="tests.unit.test_exam_curriculum_models.TestKonuPerformansi" name="test_ortalama_sure[90.0]" time="0.012" /><testcase classname="tests.unit.test_exam_curriculum_models.TestKonuPerformansi" name="test_ortalama_sure[120.5]" time="0.012" /><testcase classname="tests.unit.test_exam_curriculum_models.TestKonuPerformansi" name="test_ortalama_sure[None]" time="0.012" /><testcase classname="tests.unit.test_exam_curriculum_models.TestSinavSonucu" name="test_sinav_sonucu_creation[40-30-8-2-28.0-28.0]" time="0.012" /><testcase classname="tests.unit.test_exam_curriculum_models.TestSinavSonucu" name="test_sinav_sonucu_creation[80-60-15-5-56.25-56.25]" time="0.012" /><testcase classname="tests.unit.test_exam_curriculum_models.TestSinavSonucu" name="test_sinav_sonucu_creation[120-90-20-10-85.0-85.0]" time="0.010" /><testcase classname="tests.unit.test_exam_curriculum_models.TestSinavSonucu" name="test_sinav_sonucu_creation[40-20-10-10-17.5-17.5]" time="0.008" /><testcase classname="tests.unit.test_exam_curriculum_models.TestSinavSonucu" name="test_sinav_sonucu_creation[80-40-30-10-32.5-32.5]" time="0.009" /><testcase classname="tests.unit.test_exam_curriculum_models.TestSinavSonucu" name="test_karsilastirma_verileri[25.5-28.0-30.5]" time="0.009" /><testcase classname="tests.unit.test_exam_curriculum_models.TestSinavSonucu" name="test_karsilastirma_verileri[30.0-32.5-35.0]" time="0.007" /><testcase classname="tests.unit.test_exam_curriculum_models.TestSinavSonucu" name="test_karsilastirma_verileri[None-None-None]" time="0.006" /><testcase classname="tests.unit.test_exam_curriculum_models.TestSinavSonucu" name="test_karsilastirma_verileri[25.5-None-35.0]" time="0.006" /><testcase classname="tests.unit.test_exam_curriculum_models.TestSinavSonucu" name="test_default_empty_lists" time="0.006" /><testcase classname="tests.unit.test_exam_curriculum_models.TestSinavSonucu" name="test_oneriler_ve_analiz[zayif0-guclu0-oneriler0]" time="0.006" /><testcase classname="tests.unit.test_exam_curriculum_models.TestSinavSonucu" name="test_oneriler_ve_analiz[zayif1-guclu1-oneriler1]" time="0.006" /><testcase classname="tests.unit.test_exam_curriculum_models.TestSinavSonucu" name="test_oneriler_ve_analiz[zayif2-guclu2-oneriler2]" time="0.005" /><testcase classname="tests.unit.test_exam_curriculum_models.TestSinavSonucu" name="test_gecerli_default_true" time="0.005" /><testcase classname="tests.unit.test_exam_curriculum_models.TestPerformansRaporu" name="test_performans_raporu_creation[STD001-2024-1-10-35.5-artan]" time="0.005" /><testcase classname="tests.unit.test_exam_curriculum_models.TestPerformansRaporu" name="test_performans_raporu_creation[STD002-2024-1-15-42.0-azalan]" time="0.005" /><testcase classname="tests.unit.test_exam_curriculum_models.TestPerformansRaporu" name="test_performans_raporu_creation[STD003-2024-2-20-38.5-sabit]" time="0.004" /><testcase classname="tests.unit.test_exam_curriculum_models.TestPerformansRaporu" name="test_performans_raporu_creation[STD004-2024-2-8-30.0-artan]" time="0.005" /><testcase classname="tests.unit.test_exam_curriculum_models.TestPerformansRaporu" name="test_performans_raporu_creation[STD005-2024-1-12-45.5-artan]" time="0.005" /><testcase classname="tests.unit.test_exam_curriculum_models.TestPerformansRaporu" name="test_konu_bazli_analiz[basarili0-zayif0-gelisim0]" time="0.005" /><testcase classname="tests.unit.test_exam_curriculum_models.TestPerformansRaporu" name="test_konu_bazli_analiz[basarili1-zayif1-gelisim1]" time="0.006" /><testcase classname="tests.unit.test_exam_curriculum_models.TestPerformansRaporu" name="test_konu_bazli_analiz[basarili2-zayif2-gelisim2]" time="0.005" /><testcase classname="tests.unit.test_exam_curriculum_models.TestPerformansRaporu" name="test_karsilastirmali_pozisyon[5-15-85.5]" time="0.006" /><testcase classname="tests.unit.test_exam_curriculum_models.TestPerformansRaporu" name="test_karsilastirmali_pozisyon[10-25-75.0]" time="0.006" /><testcase classname="tests.unit.test_exam_curriculum_models.TestPerformansRaporu" name="test_karsilastirmali_pozisyon[None-None-None]" time="0.006" /><testcase classname="tests.unit.test_exam_curriculum_models.TestSubjectType" name="test_subject_type_values[matematik]" time="0.006" /><testcase classname="tests.unit.test_exam_curriculum_models.TestSubjectType" name="test_subject_type_values[turkce]" time="0.005" /><testcase classname="tests.unit.test_exam_curriculum_models.TestSubjectType" name="test_subject_type_values[fen_bilimleri]" time="0.005" /><testcase classname="tests.unit.test_exam_curriculum_models.TestSubjectType" name="test_subject_type_values[sosyal_bilgiler]" time="0.005" /><testcase classname="tests.unit.test_exam_curriculum_models.TestSubjectType" name="test_subject_type_values[tarih]" time="0.005" /><testcase classname="tests.unit.test_exam_curriculum_models.TestSubjectType" name="test_subject_type_values[cografya]" time="0.007" /><testcase classname="tests.unit.test_exam_curriculum_models.TestSubjectType" name="test_subject_type_values[felsefe]" time="0.008" /><testcase classname="tests.unit.test_exam_curriculum_models.TestSubjectType" name="test_subject_type_values[fizik]" time="0.008" /><testcase classname="tests.unit.test_exam_curriculum_models.TestSubjectType" name="test_subject_type_values[kimya]" time="0.008" /><testcase classname="tests.unit.test_exam_curriculum_models.TestSubjectType" name="test_subject_type_values[biyoloji]" time="0.008" /><testcase classname="tests.unit.test_exam_curriculum_models.TestSubjectType" name="test_subject_type_values[geometri]" time="0.010" /><testcase classname="tests.unit.test_exam_curriculum_models.TestSubjectType" name="test_subject_type_values[yabanci_dil]" time="0.008" /><testcase classname="tests.unit.test_exam_curriculum_models.TestExamType" name="test_exam_type_values[tyt]" time="0.012" /><testcase classname="tests.unit.test_exam_curriculum_models.TestExamType" name="test_exam_type_values[ayt]" time="0.010" /><testcase classname="tests.unit.test_exam_curriculum_models.TestExamType" name="test_exam_type_values[ydt]" time="0.010" /><testcase classname="tests.unit.test_exam_curriculum_models.TestExamType" name="test_exam_type_values[lgs]" time="0.011" /><testcase classname="tests.unit.test_exam_curriculum_models.TestGradeLevel" name="test_grade_level_values[9]" time="0.011" /><testcase classname="tests.unit.test_exam_curriculum_models.TestGradeLevel" name="test_grade_level_values[10]" time="0.013" /><testcase classname="tests.unit.test_exam_curriculum_models.TestGradeLevel" name="test_grade_level_values[11]" time="0.014" /><testcase classname="tests.unit.test_exam_curriculum_models.TestGradeLevel" name="test_grade_level_values[12]" time="0.011" /><testcase classname="tests.unit.test_exam_curriculum_models.TestMEBCurriculumStandard" name="test_meb_curriculum_standard_creation[matematik-9-Say\u0131lar-Tam Say\u0131lar]" time="0.011" /><testcase classname="tests.unit.test_exam_curriculum_models.TestMEBCurriculumStandard" name="test_meb_curriculum_standard_creation[fizik-10-Kuvvet ve Hareket-Newton Yasalar\u0131]" time="0.009" /><testcase classname="tests.unit.test_exam_curriculum_models.TestMEBCurriculumStandard" name="test_meb_curriculum_standard_creation[kimya-11-Kimyasal Ba\u011flar-\u0130yonik Ba\u011f]" time="0.010" /><testcase classname="tests.unit.test_exam_curriculum_models.TestMEBCurriculumStandard" name="test_meb_curriculum_standard_creation[biyoloji-12-H\xfccre-H\xfccre Zar\u0131]" time="0.009" /><testcase classname="tests.unit.test_exam_curriculum_models.TestMEBCurriculumStandard" name="test_meb_curriculum_standard_creation[tarih-9-Osmanl\u0131-Kurulu\u015f D\xf6nemi]" time="0.010" /><testcase classname="tests.unit.test_exam_curriculum_models.TestMEBCurriculumStandard" name="test_learning_elements[learning_outcomes0-key_concepts0-skills0]" time="0.008" /><testcase classname="tests.unit.test_exam_curriculum_models.TestMEBCurriculumStandard" name="test_learning_elements[learning_outcomes1-key_concepts1-skills1]" time="0.008" /><testcase classname="tests.unit.test_exam_curriculum_models.TestMEBCurriculumStandard" name="test_learning_elements[learning_outcomes2-key_concepts2-skills2]" time="0.008" /><testcase classname="tests.unit.test_exam_curriculum_models.TestMEBCurriculumStandard" name="test_duration_hours[1]" time="0.009" /><testcase classname="tests.unit.test_exam_curriculum_models.TestMEBCurriculumStandard" name="test_duration_hours[2]" time="0.007" /><testcase classname="tests.unit.test_exam_curriculum_models.TestMEBCurriculumStandard" name="test_duration_hours[4]" time="0.008" /><testcase classname="tests.unit.test_exam_curriculum_models.TestMEBCurriculumStandard" name="test_duration_hours[8]" time="0.008" /><testcase classname="tests.unit.test_exam_curriculum_models.TestMEBCurriculumStandard" name="test_duration_hours[16]" time="0.008" /><testcase classname="tests.unit.test_exam_curriculum_models.TestMEBCurriculumStandard" name="test_default_is_active_true" time="0.007" /><testcase classname="tests.unit.test_exam_curriculum_models.TestOSYMStandard" name="test_osym_standard_creation[tyt-matematik-5]" time="0.007" /><testcase classname="tests.unit.test_exam_curriculum_models.TestOSYMStandard" name="test_osym_standard_creation[ayt-fizik-4]" time="0.009" /><testcase classname="tests.unit.test_exam_curriculum_models.TestOSYMStandard" name="test_osym_standard_creation[ayt-kimya-3]" time="0.007" /><testcase classname="tests.unit.test_exam_curriculum_models.TestOSYMStandard" name="test_osym_standard_creation[tyt-turkce-5]" time="0.007" /><testcase classname="tests.unit.test_exam_curriculum_models.TestOSYMStandard" name="test_osym_standard_creation[ydt-yabanci_dil-5]" time="0.007" /><testcase classname="tests.unit.test_exam_curriculum_models.TestOSYMStandard" name="test_priority_level_range[1]" time="0.006" /><testcase classname="tests.unit.test_exam_curriculum_models.TestOSYMStandard" name="test_priority_level_range[2]" time="0.006" /><testcase classname="tests.unit.test_exam_curriculum_models.TestOSYMStandard" name="test_priority_level_range[3]" time="0.008" /><testcase classname="tests.unit.test_exam_curriculum_models.TestOSYMStandard" name="test_priority_level_range[4]" time="0.005" /><testcase classname="tests.unit.test_exam_curriculum_models.TestOSYMStandard" name="test_priority_level_range[5]" time="0.005" /><testcase classname="tests.unit.test_exam_curriculum_models.TestOSYMStandard" name="test_question_distribution[q_range0-diff_dist0]" time="0.005" /><testcase classname="tests.unit.test_exam_curriculum_models.TestOSYMStandard" name="test_question_distribution[q_range1-diff_dist1]" time="0.005" /><testcase classname="tests.unit.test_exam_curriculum_models.TestOSYMStandard" name="test_question_distribution[q_range2-diff_dist2]" time="0.005" /><testcase classname="tests.unit.test_exam_curriculum_models.TestOSYMStandard" name="test_exam_frequency[0.85-2024-TYT-1]" time="0.005" /><testcase classname="tests.unit.test_exam_curriculum_models.TestOSYMStandard" name="test_exam_frequency[0.5-2023-AYT-2]" time="0.005" /><testcase classname="tests.unit.test_exam_curriculum_models.TestOSYMStandard" name="test_exam_frequency[0.0-None]" time="0.006" /><testcase classname="tests.unit.test_exam_curriculum_models.TestCurriculumAlignment" name="test_curriculum_alignment_creation[MEB001-OSYM001-0.95-tam_uyumlu]" time="0.005" /><testcase classname="tests.unit.test_exam_curriculum_models.TestCurriculumAlignment" name="test_curriculum_alignment_creation[MEB002-OSYM002-0.75-kismen_uyumlu]" time="0.007" /><testcase classname="tests.unit.test_exam_curriculum_models.TestCurriculumAlignment" name="test_curriculum_alignment_creation[MEB003-OSYM003-0.5-zayif_uyumlu]" time="0.006" /><testcase classname="tests.unit.test_exam_curriculum_models.TestCurriculumAlignment" name="test_curriculum_alignment_creation[MEB004-OSYM004-1.0-tam_uyumlu]" time="0.007" /><testcase classname="tests.unit.test_exam_curriculum_models.TestCurriculumAlignment" name="test_curriculum_alignment_creation[MEB005-OSYM005-0.0-uyumsuz]" time="0.009" /><testcase classname="tests.unit.test_exam_curriculum_models.TestCurriculumAlignment" name="test_gaps_and_recommendations[gaps0-recommendations0]" time="0.008" /><testcase classname="tests.unit.test_exam_curriculum_models.TestCurriculumAlignment" name="test_gaps_and_recommendations[gaps1-recommendations1]" time="0.009" /><testcase classname="tests.unit.test_exam_curriculum_models.TestCurriculumAlignment" name="test_gaps_and_recommendations[gaps2-recommendations2]" time="0.015" /><testcase classname="tests.unit.test_exam_curriculum_models.TestLearningOutcome" name="test_learning_outcome_creation[K.9.1.1-anlama-kavrama]" time="0.013" /><testcase classname="tests.unit.test_exam_curriculum_models.TestLearningOutcome" name="test_learning_outcome_creation[K.10.2.3-uygulama-uygulama]" time="0.010" /><testcase classname="tests.unit.test_exam_curriculum_models.TestLearningOutcome" name="test_learning_outcome_creation[K.11.3.2-analiz-analiz]" time="0.010" /><testcase classname="tests.unit.test_exam_curriculum_models.TestLearningOutcome" name="test_learning_outcome_creation[K.12.4.1-sentez-sentez]" time="0.014" /><testcase classname="tests.unit.test_exam_curriculum_models.TestLearningOutcome" name="test_learning_outcome_creation[K.9.5.2-de\u011ferlendirme-de\u011ferlendirme]" time="0.012" /><testcase classname="tests.unit.test_exam_curriculum_models.TestQuestionBankCompliance" name="test_question_bank_compliance_creation[1500-1400-1450-0.95-excellent]" time="0.010" /><testcase classname="tests.unit.test_exam_curriculum_models.TestQuestionBankCompliance" name="test_question_bank_compliance_creation[1000-950-980-0.9-good]" time="0.010" /><testcase classname="tests.unit.test_exam_curriculum_models.TestQuestionBankCompliance" name="test_question_bank_compliance_creation[800-700-750-0.75-sufficient]" time="0.008" /><testcase classname="tests.unit.test_exam_curriculum_models.TestQuestionBankCompliance" name="test_question_bank_compliance_creation[500-400-450-0.5-insufficient]" time="0.008" /><testcase classname="tests.unit.test_exam_curriculum_models.TestQuestionBankCompliance" name="test_question_bank_compliance_creation[2000-1900-1950-0.98-excellent]" time="0.008" /><testcase classname="tests.unit.test_exam_curriculum_models.TestQuestionBankCompliance" name="test_difficulty_distribution[diff_dist0]" time="0.006" /><testcase classname="tests.unit.test_exam_curriculum_models.TestQuestionBankCompliance" name="test_difficulty_distribution[diff_dist1]" time="0.007" /><testcase classname="tests.unit.test_exam_curriculum_models.TestQuestionBankCompliance" name="test_difficulty_distribution[diff_dist2]" time="0.006" /><testcase classname="tests.unit.test_exam_curriculum_models.TestCurriculumComplianceReport" name="test_compliance_report_creation[0.95-0.93-0.97]" time="0.007" /><testcase classname="tests.unit.test_exam_curriculum_models.TestCurriculumComplianceReport" name="test_compliance_report_creation[0.85-0.8-0.9]" time="0.006" /><testcase classname="tests.unit.test_exam_curriculum_models.TestCurriculumComplianceReport" name="test_compliance_report_creation[0.75-0.7-0.8]" time="0.006" /><testcase classname="tests.unit.test_exam_curriculum_models.TestCurriculumComplianceReport" name="test_compliance_report_creation[0.9-0.88-0.92]" time="0.006" /><testcase classname="tests.unit.test_exam_curriculum_models.TestCurriculumComplianceReport" name="test_compliance_report_creation[1.0-1.0-1.0]" time="0.007" /><testcase classname="tests.unit.test_exam_curriculum_models.TestCurriculumComplianceReport" name="test_topic_analysis[compliant0-non_compliant0-missing0]" time="0.007" /><testcase classname="tests.unit.test_exam_curriculum_models.TestCurriculumComplianceReport" name="test_topic_analysis[compliant1-non_compliant1-missing1]" time="0.008" /><testcase classname="tests.unit.test_exam_curriculum_models.TestCurriculumComplianceReport" name="test_topic_analysis[compliant2-non_compliant2-missing2]" time="0.007" /><testcase classname="tests.unit.test_exam_curriculum_models.TestLearningStyleType" name="test_learning_style_type_values[LearningStyleType.VISUAL]" time="0.007" /><testcase classname="tests.unit.test_exam_curriculum_models.TestLearningStyleType" name="test_learning_style_type_values[LearningStyleType.AUDITORY]" time="0.007" /><testcase classname="tests.unit.test_exam_curriculum_models.TestLearningStyleType" name="test_learning_style_type_values[LearningStyleType.READING]" time="0.006" /><testcase classname="tests.unit.test_exam_curriculum_models.TestLearningStyleType" name="test_learning_style_type_values[LearningStyleType.KINESTHETIC]" time="0.006" /><testcase classname="tests.unit.test_exam_curriculum_models.TestFelderDimension" name="test_felder_dimension_values[FelderDimension.ACTIVE_REFLECTIVE]" time="0.009" /><testcase classname="tests.unit.test_exam_curriculum_models.TestFelderDimension" name="test_felder_dimension_values[FelderDimension.SENSING_INTUITIVE]" time="0.007" /><testcase classname="tests.unit.test_exam_curriculum_models.TestFelderDimension" name="test_felder_dimension_values[FelderDimension.VISUAL_VERBAL]" time="0.007" /><testcase classname="tests.unit.test_exam_curriculum_models.TestFelderDimension" name="test_felder_dimension_values[FelderDimension.SEQUENTIAL_GLOBAL]" time="0.006" /><testcase classname="tests.unit.test_exam_curriculum_models.TestHybridLearningProfile" name="test_hybrid_learning_profile_creation[vark0-felder0-V-A-S-S-0.85]" time="0.007" /><testcase classname="tests.unit.test_exam_curriculum_models.TestHybridLearningProfile" name="test_hybrid_learning_profile_creation[vark1-felder1-K-A-S-S-0.9]" time="0.008" /><testcase classname="tests.unit.test_exam_curriculum_models.TestHybridLearningProfile" name="test_hybrid_learning_profile_creation[vark2-felder2-A-R-I-G-0.75]" time="0.008" /><testcase classname="tests.unit.test_exam_curriculum_models.TestHybridLearningProfile" name="test_get_dominant_vark_style" time="0.007" /><testcase classname="tests.unit.test_exam_curriculum_models.TestHybridLearningProfile" name="test_get_learning_preferences" time="0.007" /><testcase classname="tests.unit.test_exam_curriculum_models.TestTurkishZPDRange" name="test_turkish_zpd_range_creation[5.0-7.5-6.2]" time="0.008" /><testcase classname="tests.unit.test_exam_curriculum_models.TestTurkishZPDRange" name="test_turkish_zpd_range_creation[3.0-5.0-4.0]" time="0.008" /><testcase classname="tests.unit.test_exam_curriculum_models.TestTurkishZPDRange" name="test_turkish_zpd_range_creation[7.0-9.0-8.0]" time="0.008" /><testcase classname="tests.unit.test_exam_curriculum_models.TestTurkishZPDRange" name="test_turkish_zpd_range_creation[4.5-6.5-5.5]" time="0.008" /><testcase classname="tests.unit.test_exam_curriculum_models.TestTurkishZPDRange" name="test_turkish_zpd_range_creation[6.0-8.5-7.2]" time="0.008" /><testcase classname="tests.unit.test_exam_curriculum_models.TestTurkishZPDRange" name="test_get_zpd_width[5.0-7.5-2.5]" time="0.008" /><testcase classname="tests.unit.test_exam_curriculum_models.TestTurkishZPDRange" name="test_get_zpd_width[3.0-5.0-2.0]" time="0.008" /><testcase classname="tests.unit.test_exam_curriculum_models.TestTurkishZPDRange" name="test_get_zpd_width[7.0-9.0-2.0]" time="0.008" /><testcase classname="tests.unit.test_exam_curriculum_models.TestTurkishZPDRange" name="test_get_zpd_width[4.5-6.5-2.0]" time="0.015" /><testcase classname="tests.unit.test_exam_curriculum_models.TestTurkishZPDRange" name="test_is_in_zpd[5.0-7.5-6.0-True]" time="0.011" /><testcase classname="tests.unit.test_exam_curriculum_models.TestTurkishZPDRange" name="test_is_in_zpd[5.0-7.5-5.0-True]" time="0.011" /><testcase classname="tests.unit.test_exam_curriculum_models.TestTurkishZPDRange" name="test_is_in_zpd[5.0-7.5-7.5-True]" time="0.014" /><testcase classname="tests.unit.test_exam_curriculum_models.TestTurkishZPDRange" name="test_is_in_zpd[5.0-7.5-4.9-False]" time="0.013" /><testcase classname="tests.unit.test_exam_curriculum_models.TestTurkishZPDRange" name="test_is_in_zpd[5.0-7.5-7.6-False]" time="0.016" /><testcase classname="tests.unit.test_exam_curriculum_models.TestQuestion" name="test_question_creation[Soru 1-0.5-1.2-Matematik-Cebir]" time="0.012" /><testcase classname="tests.unit.test_exam_curriculum_models.TestQuestion" name="test_question_creation[Soru 2--0.5-0.8-Fizik-Kuvvet]" time="0.013" /><testcase classname="tests.unit.test_exam_curriculum_models.TestQuestion" name="test_question_creation[Soru 3-1.0-1.5-Kimya-Atom]" time="0.011" /><testcase classname="tests.unit.test_exam_curriculum_models.TestQuestion" name="test_question_creation[Soru 4-0.0-1.0-Biyoloji-H\xfccre]" time="0.010" /><testcase classname="tests.unit.test_exam_curriculum_models.TestQuestion" name="test_get_irt_parameters" time="0.009" /><testcase classname="tests.unit.test_exam_curriculum_models.TestQuestion" name="test_default_guessing_parameter" time="0.009" /><testcase classname="tests.unit.test_exam_curriculum_models.TestStudent" name="test_student_creation[STD001-1.5-0.7]" time="0.009" /><testcase classname="tests.unit.test_exam_curriculum_models.TestStudent" name="test_student_creation[STD002-0.0-0.5]" time="0.010" /><testcase classname="tests.unit.test_exam_curriculum_models.TestStudent" name="test_student_creation[STD003--1.0-0.3]" time="0.009" /><testcase classname="tests.unit.test_exam_curriculum_models.TestStudent" name="test_student_creation[STD004-2.0-0.9]" time="0.009" /><testcase classname="tests.unit.test_exam_curriculum_models.TestStudent" name="test_student_creation[STD005--2.5-0.4]" time="0.009" /><testcase classname="tests.unit.test_exam_curriculum_models.TestStudent" name="test_get_zpd_for_subject" time="0.007" /><testcase classname="tests.unit.test_exam_curriculum_models.TestStudent" name="test_update_ability[2.5-2.5]" time="0.008" /><testcase classname="tests.unit.test_exam_curriculum_models.TestStudent" name="test_update_ability[3.5-3.0]" time="0.008" /><testcase classname="tests.unit.test_exam_curriculum_models.TestStudent" name="test_update_ability[-2.5--2.5]" time="0.007" /><testcase classname="tests.unit.test_exam_curriculum_models.TestStudent" name="test_update_ability[-3.5--3.0]" time="0.007" /><testcase classname="tests.unit.test_exam_curriculum_models.TestStudent" name="test_update_ability[0.0-0.0]" time="0.009" /><testcase classname="tests.unit.test_exam_curriculum_models.TestFlashcard" name="test_flashcard_creation[Soru 1-Cevap 1-0.5-0.8]" time="0.009" /><testcase classname="tests.unit.test_exam_curriculum_models.TestFlashcard" name="test_flashcard_creation[Soru 2-Cevap 2-0.7-0.6]" time="0.009" /><testcase classname="tests.unit.test_exam_curriculum_models.TestFlashcard" name="test_flashcard_creation[Soru 3-Cevap 3-0.3-0.9]" time="0.008" /><testcase classname="tests.unit.test_exam_curriculum_models.TestFlashcard" name="test_calculate_retention[1.0-0-1.0]" time="0.010" /><testcase classname="tests.unit.test_exam_curriculum_models.TestFlashcard" name="test_calculate_retention[1.0-9-0.5]" time="0.007" /><testcase classname="tests.unit.test_exam_curriculum_models.TestFlashcard" name="test_calculate_retention[2.0-18-0.5]" time="0.010" /><testcase classname="tests.unit.test_exam_curriculum_models.TestFlashcard" name="test_calculate_retention[0.5-4-0.53]" time="0.009" /><testcase classname="tests.unit.test_exam_curriculum_models.TestFlashcard" name="test_needs_review[1.0-0-0.8-False]" time="0.007" /><testcase classname="tests.unit.test_exam_curriculum_models.TestFlashcard" name="test_needs_review[1.0-9-0.8-True]" time="0.007" /><testcase classname="tests.unit.test_exam_curriculum_models.TestFlashcard" name="test_needs_review[2.0-18-0.8-True]" time="0.008" /><testcase classname="tests.unit.test_exam_curriculum_models.TestLearningSession" name="test_get_success_rate[8-10-0.8]" time="0.007" /><testcase classname="tests.unit.test_exam_curriculum_models.TestLearningSession" name="test_get_success_rate[5-10-0.5]" time="0.007" /><testcase classname="tests.unit.test_exam_curriculum_models.TestLearningSession" name="test_get_success_rate[10-10-1.0]" time="0.007" /><testcase classname="tests.unit.test_exam_curriculum_models.TestLearningSession" name="test_get_success_rate[0-10-0.0]" time="0.007" /><testcase classname="tests.unit.test_exam_curriculum_models.TestLearningSession" name="test_get_success_rate[0-0-0.0]" time="0.007" /><testcase classname="tests.unit.test_exam_curriculum_models.TestLearningSession" name="test_get_duration_minutes[30]" time="0.007" /><testcase classname="tests.unit.test_exam_curriculum_models.TestLearningSession" name="test_get_duration_minutes[45]" time="0.008" /><testcase classname="tests.unit.test_exam_curriculum_models.TestLearningSession" name="test_get_duration_minutes[60]" time="0.007" /><testcase classname="tests.unit.test_exam_curriculum_models.TestLearningSession" name="test_get_duration_minutes[90]" time="0.008" /><testcase classname="tests.unit.test_exam_curriculum_models.TestLearningSession" name="test_get_duration_minutes[120]" time="0.007" /><testcase classname="tests.unit.test_exam_curriculum_models.TestLearningSession" name="test_get_duration_no_end_time" time="0.008" /><testcase classname="tests.unit.test_exam_curriculum_models.TestCulturalContext" name="test_cultural_context_creation[0.8-0.9-0.7-0.6-0.8]" time="0.009" /><testcase classname="tests.unit.test_exam_curriculum_models.TestCulturalContext" name="test_cultural_context_creation[0.5-0.6-0.5-0.7-0.6]" time="0.010" /><testcase classname="tests.unit.test_exam_curriculum_models.TestCulturalContext" name="test_cultural_context_creation[0.9-0.95-0.85-0.75-0.9]" time="0.010" /><testcase classname="tests.unit.test_exam_curriculum_models.TestCulturalContext" name="test_get_cultural_adjustment_factor" time="0.012" /><testcase classname="tests.unit.test_exam_curriculum_models.TestCulturalContext" name="test_period_flags[True-False-False]" time="0.013" /><testcase classname="tests.unit.test_exam_curriculum_models.TestCulturalContext" name="test_period_flags[False-True-False]" time="0.012" /><testcase classname="tests.unit.test_exam_curriculum_models.TestCulturalContext" name="test_period_flags[False-False-True]" time="0.011" /><testcase classname="tests.unit.test_exam_curriculum_models.TestCulturalContext" name="test_period_flags[True-True-False]" time="0.010" /><testcase classname="tests.unit.test_exam_curriculum_models.TestCulturalContext" name="test_period_flags[False-False-False]" time="0.010" /><testcase classname="tests.unit.test_exam_curriculum_models.TestMorphologyAnalysis" name="test_morphology_analysis_creation[evlerden-ev-suffixes0-2-False]" time="0.010" /><testcase classname="tests.unit.test_exam_curriculum_models.TestMorphologyAnalysis" name="test_morphology_analysis_creation[kitapl\u0131k-kitap-suffixes1-1-False]" time="0.010" /><testcase classname="tests.unit.test_exam_curriculum_models.TestMorphologyAnalysis" name="test_morphology_analysis_creation[ba\u015f\xf6\u011fretmen-ba\u015f-\xf6\u011fretmen-suffixes2-0-True]" time="0.009" /><testcase classname="tests.unit.test_exam_curriculum_models.TestMorphologyAnalysis" name="test_morphology_analysis_creation[arabalar\u0131m\u0131z-araba-suffixes3-2-False]" time="0.008" /><testcase classname="tests.unit.test_exam_curriculum_models.TestMorphologyAnalysis" name="test_get_suffix_count[suffixes0-2]" time="0.007" /><testcase classname="tests.unit.test_exam_curriculum_models.TestMorphologyAnalysis" name="test_get_suffix_count[suffixes1-1]" time="0.009" /><testcase classname="tests.unit.test_exam_curriculum_models.TestMorphologyAnalysis" name="test_get_suffix_count[suffixes2-0]" time="0.012" /><testcase classname="tests.unit.test_exam_curriculum_models.TestMorphologyAnalysis" name="test_get_suffix_count[suffixes3-3]" time="0.012" /><testcase classname="tests.unit.test_exam_curriculum_models.TestMorphologyAnalysis" name="test_is_complex_word[0.8-0.7-True]" time="0.008" /><testcase classname="tests.unit.test_exam_curriculum_models.TestMorphologyAnalysis" name="test_is_complex_word[0.6-0.7-False]" time="0.008" /><testcase classname="tests.unit.test_exam_curriculum_models.TestMorphologyAnalysis" name="test_is_complex_word[0.7-0.7-False]" time="0.007" /><testcase classname="tests.unit.test_exam_curriculum_models.TestMorphologyAnalysis" name="test_is_complex_word[0.9-0.5-True]" time="0.008" /><testcase classname="tests.unit.test_exam_curriculum_models.TestFSRSCard" name="test_fsrs_card_creation[0.5-1.0-0.9-new]" time="0.008" /><testcase classname="tests.unit.test_exam_curriculum_models.TestFSRSCard" name="test_fsrs_card_creation[0.3-2.0-0.8-learning]" time="0.007" /><testcase classname="tests.unit.test_exam_curriculum_models.TestFSRSCard" name="test_fsrs_card_creation[0.7-5.0-0.95-review]" time="0.008" /><testcase classname="tests.unit.test_exam_curriculum_models.TestFSRSCard" name="test_fsrs_card_creation[0.8-0.5-0.6-relearning]" time="0.008" /><testcase classname="tests.unit.test_exam_curriculum_models.TestFSRSCard" name="test_is_due[None-True]" time="0.007" /><testcase classname="tests.unit.test_exam_curriculum_models.TestFSRSCard" name="test_is_due[due_date1-True]" time="0.007" /><testcase classname="tests.unit.test_exam_curriculum_models.TestFSRSCard" name="test_is_due[due_date2-False]" time="0.006" /><testcase classname="tests.unit.test_exam_curriculum_models.TestFSRSCard" name="test_days_overdue[due_date0-5]" time="0.006" /><testcase classname="tests.unit.test_exam_curriculum_models.TestFSRSCard" name="test_days_overdue[due_date1-1]" time="0.006" /><testcase classname="tests.unit.test_exam_curriculum_models.TestFSRSCard" name="test_days_overdue[due_date2-0]" time="0.005" /><testcase classname="tests.unit.test_exam_curriculum_models.TestFSRSCard" name="test_days_overdue[None-0]" time="0.006" /><testcase classname="tests.unit.test_exam_curriculum_models.TestSimplificationLevel" name="test_simplification_level_creation[1-lexical-Kelime d\xfczeyinde basitle\u015ftirme]" time="0.005" /><testcase classname="tests.unit.test_exam_curriculum_models.TestSimplificationLevel" name="test_simplification_level_creation[2-syntactic-S\xf6zdizimi basitle\u015ftirme]" time="0.005" /><testcase classname="tests.unit.test_exam_curriculum_models.TestSimplificationLevel" name="test_simplification_level_creation[3-semantic-Anlam basitle\u015ftirme]" time="0.005" /><testcase classname="tests.unit.test_exam_curriculum_models.TestSimplificationLevel" name="test_add_rule" time="0.004" /><testcase classname="tests.unit.test_exam_curriculum_models.TestBionicReadingResult" name="test_bionic_reading_result_creation[test metin-**te**st **me**tin-0.5-2]" time="0.005" /><testcase classname="tests.unit.test_exam_curriculum_models.TestBionicReadingResult" name="test_bionic_reading_result_creation[bir iki \xfc\xe7-**b**ir **i**ki **\xfc**\xe7-0.33-3]" time="0.005" /><testcase classname="tests.unit.test_exam_curriculum_models.TestBionicReadingResult" name="test_get_bold_character_count" time="0.004" /><testcase classname="tests.unit.test_exam_curriculum_models.TestAgentMessage" name="test_agent_message_creation[Agent1-data_update-content0]" time="0.004" /><testcase classname="tests.unit.test_exam_curriculum_models.TestAgentMessage" name="test_agent_message_creation[Agent2-request-Request data]" time="0.005" /><testcase classname="tests.unit.test_exam_curriculum_models.TestAgentMessage" name="test_agent_message_creation[Agent3-response-content2]" time="0.004" /><testcase classname="tests.unit.test_exam_curriculum_models.TestAgentMessage" name="test_is_broadcast[targets0-True]" time="0.004" /><testcase classname="tests.unit.test_exam_curriculum_models.TestAgentMessage" name="test_is_broadcast[targets1-False]" time="0.004" /><testcase classname="tests.unit.test_exam_curriculum_models.TestAgentMessage" name="test_is_broadcast[targets2-False]" time="0.006" /><testcase classname="tests.unit.test_exam_curriculum_models.TestBlackboardEntry" name="test_blackboard_entry_creation[student_ability-1.5-IRT_Agent]" time="0.005" /><testcase classname="tests.unit.test_exam_curriculum_models.TestBlackboardEntry" name="test_blackboard_entry_creation[zpd_range-value1-ZPD_Agent]" time="0.009" /><testcase classname="tests.unit.test_exam_curriculum_models.TestBlackboardEntry" name="test_blackboard_entry_creation[learning_style-visual-VARK_Agent]" time="0.007" /><testcase classname="tests.unit.test_exam_curriculum_models.TestBlackboardEntry" name="test_add_subscriber_notification" time="0.007" /><testcase classname="tests.unit.test_exam_curriculum_models.TestUtilityFunctions" name="test_create_sample_hybrid_profile" time="0.007" /><testcase classname="tests.unit.test_exam_curriculum_models.TestUtilityFunctions" name="test_create_sample_zpd_range" time="0.008" /><testcase classname="tests.unit.test_exam_curriculum_models.TestUtilityFunctions" name="test_create_sample_student" time="0.009" /><testcase classname="tests.unit.test_exam_curriculum_models.TestModelIntegration" name="test_student_with_hybrid_profile" time="0.009" /><testcase classname="tests.unit.test_exam_curriculum_models.TestModelIntegration" name="test_student_with_multiple_zpd_ranges" time="0.009" /><testcase classname="tests.unit.test_exam_curriculum_models.TestModelIntegration" name="test_exam_result_with_topic_performance" time="0.015" /><testcase classname="tests.unit.test_exam_curriculum_models.TestModelIntegration" name="test_curriculum_alignment_with_standards" time="0.015" /><testcase classname="tests.unit.test_exam_curriculum_models.TestSinavSorusuEdgeCases" name="test_soru_id_formats[Q000001]" time="0.014" /><testcase classname="tests.unit.test_exam_curriculum_models.TestSinavSorusuEdgeCases" name="test_soru_id_formats[Q000002]" time="0.014" /><testcase classname="tests.unit.test_exam_curriculum_models.TestSinavSorusuEdgeCases" name="test_soru_id_formats[Q000003]" time="0.015" /><testcase classname="tests.unit.test_exam_curriculum_models.TestSinavSorusuEdgeCases" name="test_soru_id_formats[Q000004]" time="0.015" /><testcase classname="tests.unit.test_exam_curriculum_models.TestSinavSorusuEdgeCases" name="test_soru_id_formats[Q000005]" time="0.014" /><testcase classname="tests.unit.test_exam_curriculum_models.TestSinavSorusuEdgeCases" name="test_soru_id_formats[Q000006]" time="0.012" /><testcase classname="tests.unit.test_exam_curriculum_models.TestSinavSorusuEdgeCases" name="test_soru_id_formats[Q000007]" time="0.012" /><testcase classname="tests.unit.test_exam_curriculum_models.TestSinavSorusuEdgeCases" name="test_soru_id_formats[Q000008]" time="0.014" /><testcase classname="tests.unit.test_exam_curriculum_models.TestSinavSorusuEdgeCases" name="test_soru_id_formats[Q000009]" time="0.011" /><testcase classname="tests.unit.test_exam_curriculum_models.TestSinavSorusuEdgeCases" name="test_soru_id_formats[Q000010]" time="0.009" /><testcase classname="tests.unit.test_exam_curriculum_models.TestSinavSorusuEdgeCases" name="test_soru_id_formats[Q000011]" time="0.009" /><testcase classname="tests.unit.test_exam_curriculum_models.TestSinavSorusuEdgeCases" name="test_soru_id_formats[Q000012]" time="0.008" /><testcase classname="tests.unit.test_exam_curriculum_models.TestSinavSorusuEdgeCases" name="test_soru_id_formats[Q000013]" time="0.008" /><testcase classname="tests.unit.test_exam_curriculum_models.TestSinavSorusuEdgeCases" name="test_soru_id_formats[Q000014]" time="0.007" /><testcase classname="tests.unit.test_exam_curriculum_models.TestSinavSorusuEdgeCases" name="test_soru_id_formats[Q000015]" time="0.006" /><testcase classname="tests.unit.test_exam_curriculum_models.TestSinavSorusuEdgeCases" name="test_soru_id_formats[Q000016]" time="0.007" /><testcase classname="tests.unit.test_exam_curriculum_models.TestSinavSorusuEdgeCases" name="test_soru_id_formats[Q000017]" time="0.009" /><testcase classname="tests.unit.test_exam_curriculum_models.TestSinavSorusuEdgeCases" name="test_soru_id_formats[Q000018]" time="0.007" /><testcase classname="tests.unit.test_exam_curriculum_models.TestSinavSorusuEdgeCases" name="test_soru_id_formats[Q000019]" time="0.008" /><testcase classname="tests.unit.test_exam_curriculum_models.TestSinavSorusuEdgeCases" name="test_soru_id_formats[Q000020]" time="0.006" /><testcase classname="tests.unit.test_exam_curriculum_models.TestSinavSorusuEdgeCases" name="test_soru_id_formats[Q000021]" time="0.005" /><testcase classname="tests.unit.test_exam_curriculum_models.TestSinavSorusuEdgeCases" name="test_soru_id_formats[Q000022]" time="0.007" /><testcase classname="tests.unit.test_exam_curriculum_models.TestSinavSorusuEdgeCases" name="test_soru_id_formats[Q000023]" time="0.006" /><testcase classname="tests.unit.test_exam_curriculum_models.TestSinavSorusuEdgeCases" name="test_soru_id_formats[Q000024]" time="0.006" /><testcase classname="tests.unit.test_exam_curriculum_models.TestSinavSorusuEdgeCases" name="test_soru_id_formats[Q000025]" time="0.007" /><testcase classname="tests.unit.test_exam_curriculum_models.TestSinavSorusuEdgeCases" name="test_mufredat_kodu_variations[M.9.1.1]" time="0.006" /><testcase classname="tests.unit.test_exam_curriculum_models.TestSinavSorusuEdgeCases" name="test_mufredat_kodu_variations[M.10.2.3]" time="0.007" /><testcase classname="tests.unit.test_exam_curriculum_models.TestSinavSorusuEdgeCases" name="test_mufredat_kodu_variations[F.11.3.2]" time="0.007" /><testcase classname="tests.unit.test_exam_curriculum_models.TestSinavSorusuEdgeCases" name="test_mufredat_kodu_variations[K.12.4.1]" time="0.007" /><testcase classname="tests.unit.test_exam_curriculum_models.TestSinavSorusuEdgeCases" name="test_mufredat_kodu_variations[B.9.5.2]" time="0.009" /><testcase classname="tests.unit.test_exam_curriculum_models.TestSinavSorusuEdgeCases" name="test_mufredat_kodu_variations[T.10.1.3]" time="0.025" /><testcase classname="tests.unit.test_exam_curriculum_models.TestSinavSorusuEdgeCases" name="test_mufredat_kodu_variations[C.11.2.1]" time="0.016" /><testcase classname="tests.unit.test_exam_curriculum_models.TestSinavSorusuEdgeCases" name="test_mufredat_kodu_variations[TR.9.3.4]" time="0.015" /><testcase classname="tests.unit.test_exam_curriculum_models.TestSinavSorusuEdgeCases" name="test_mufredat_kodu_variations[None]" time="0.020" /><testcase classname="tests.unit.test_exam_curriculum_models.TestSinavSorusuEdgeCases" name="test_mufredat_kodu_variations[]" time="0.027" /><testcase classname="tests.unit.test_exam_curriculum_models.TestSinavSorusuEdgeCases" name="test_mufredat_kodu_variations[CUSTOM-001]" time="0.018" /><testcase classname="tests.unit.test_exam_curriculum_models.TestSinavSorusuEdgeCases" name="test_mufredat_kodu_variations[X-Y-Z-123]" time="0.021" /><testcase classname="tests.unit.test_exam_curriculum_models.TestSinavSorusuEdgeCases" name="test_aktif_status_variations[True]" time="0.017" /><testcase classname="tests.unit.test_exam_curriculum_models.TestSinavSorusuEdgeCases" name="test_aktif_status_variations[False]" time="0.012" /><testcase classname="tests.unit.test_exam_curriculum_models.TestSinavOturumuEdgeCases" name="test_various_exam_configurations[20-45]" time="0.013" /><testcase classname="tests.unit.test_exam_curriculum_models.TestSinavOturumuEdgeCases" name="test_various_exam_configurations[30-60]" time="0.010" /><testcase classname="tests.unit.test_exam_curriculum_models.TestSinavOturumuEdgeCases" name="test_various_exam_configurations[40-90]" time="0.010" /><testcase classname="tests.unit.test_exam_curriculum_models.TestSinavOturumuEdgeCases" name="test_various_exam_configurations[50-120]" time="0.011" /><testcase classname="tests.unit.test_exam_curriculum_models.TestSinavOturumuEdgeCases" name="test_various_exam_configurations[60-135]" time="0.013" /><testcase classname="tests.unit.test_exam_curriculum_models.TestSinavOturumuEdgeCases" name="test_various_exam_configurations[80-180]" time="0.011" /><testcase classname="tests.unit.test_exam_curriculum_models.TestSinavOturumuEdgeCases" name="test_various_exam_configurations[100-210]" time="0.010" /><testcase classname="tests.unit.test_exam_curriculum_models.TestSinavOturumuEdgeCases" name="test_various_exam_configurations[120-240]" time="0.009" /><testcase classname="tests.unit.test_exam_curriculum_models.TestSinavOturumuEdgeCases" name="test_various_exam_configurations[1-5]" time="0.008" /><testcase classname="tests.unit.test_exam_curriculum_models.TestSinavOturumuEdgeCases" name="test_various_exam_configurations[5-15]" time="0.010" /><testcase classname="tests.unit.test_exam_curriculum_models.TestSinavOturumuEdgeCases" name="test_various_exam_configurations[10-30]" time="0.009" /><testcase classname="tests.unit.test_exam_curriculum_models.TestSinavOturumuEdgeCases" name="test_various_exam_configurations[15-45]" time="0.009" /><testcase classname="tests.unit.test_exam_curriculum_models.TestSinavOturumuEdgeCases" name="test_mevcut_soru_index_range[0]" time="0.008" /><testcase classname="tests.unit.test_exam_curriculum_models.TestSinavOturumuEdgeCases" name="test_mevcut_soru_index_range[2]" time="0.008" /><testcase classname="tests.unit.test_exam_curriculum_models.TestSinavOturumuEdgeCases" name="test_mevcut_soru_index_range[4]" time="0.009" /><testcase classname="tests.unit.test_exam_curriculum_models.TestSinavOturumuEdgeCases" name="test_mevcut_soru_index_range[6]" time="0.008" /><testcase classname="tests.unit.test_exam_curriculum_models.TestSinavOturumuEdgeCases" name="test_mevcut_soru_index_range[8]" time="0.007" /><testcase classname="tests.unit.test_exam_curriculum_models.TestSinavOturumuEdgeCases" name="test_mevcut_soru_index_range[10]" time="0.008" /><testcase classname="tests.unit.test_exam_curriculum_models.TestSinavOturumuEdgeCases" name="test_mevcut_soru_index_range[12]" time="0.007" /><testcase classname="tests.unit.test_exam_curriculum_models.TestSinavOturumuEdgeCases" name="test_mevcut_soru_index_range[14]" time="0.007" /><testcase classname="tests.unit.test_exam_curriculum_models.TestSinavOturumuEdgeCases" name="test_mevcut_soru_index_range[16]" time="0.006" /><testcase classname="tests.unit.test_exam_curriculum_models.TestSinavOturumuEdgeCases" name="test_mevcut_soru_index_range[18]" time="0.006" /><testcase classname="tests.unit.test_exam_curriculum_models.TestSinavOturumuEdgeCases" name="test_mevcut_soru_index_range[20]" time="0.006" /><testcase classname="tests.unit.test_exam_curriculum_models.TestSinavOturumuEdgeCases" name="test_mevcut_soru_index_range[22]" time="0.006" /><testcase classname="tests.unit.test_exam_curriculum_models.TestSinavOturumuEdgeCases" name="test_mevcut_soru_index_range[24]" time="0.005" /><testcase classname="tests.unit.test_exam_curriculum_models.TestSinavOturumuEdgeCases" name="test_mevcut_soru_index_range[26]" time="0.006" /><testcase classname="tests.unit.test_exam_curriculum_models.TestSinavOturumuEdgeCases" name="test_mevcut_soru_index_range[28]" time="0.006" /><testcase classname="tests.unit.test_exam_curriculum_models.TestSinavOturumuEdgeCases" name="test_mevcut_soru_index_range[30]" time="0.005" /><testcase classname="tests.unit.test_exam_curriculum_models.TestSinavOturumuEdgeCases" name="test_mevcut_soru_index_range[32]" time="0.005" /><testcase classname="tests.unit.test_exam_curriculum_models.TestSinavOturumuEdgeCases" name="test_mevcut_soru_index_range[34]" time="0.008" /><testcase classname="tests.unit.test_exam_curriculum_models.TestSinavOturumuEdgeCases" name="test_mevcut_soru_index_range[36]" time="0.007" /><testcase classname="tests.unit.test_exam_curriculum_models.TestSinavOturumuEdgeCases" name="test_mevcut_soru_index_range[38]" time="0.005" /><testcase classname="tests.unit.test_exam_curriculum_models.TestSinavOturumuEdgeCases" name="test_kalan_sure_countdown[5400]" time="0.005" /><testcase classname="tests.unit.test_exam_curriculum_models.TestSinavOturumuEdgeCases" name="test_kalan_sure_countdown[5000]" time="0.006" /><testcase classname="tests.unit.test_exam_curriculum_models.TestSinavOturumuEdgeCases" name="test_kalan_sure_countdown[4500]" time="0.005" /><testcase classname="tests.unit.test_exam_curriculum_models.TestSinavOturumuEdgeCases" name="test_kalan_sure_countdown[4000]" time="0.006" /><testcase classname="tests.unit.test_exam_curriculum_models.TestSinavOturumuEdgeCases" name="test_kalan_sure_countdown[3500]" time="0.005" /><testcase classname="tests.unit.test_exam_curriculum_models.TestSinavOturumuEdgeCases" name="test_kalan_sure_countdown[3000]" time="0.005" /><testcase classname="tests.unit.test_exam_curriculum_models.TestSinavOturumuEdgeCases" name="test_kalan_sure_countdown[2500]" time="0.006" /><testcase classname="tests.unit.test_exam_curriculum_models.TestSinavOturumuEdgeCases" name="test_kalan_sure_countdown[2000]" time="0.008" /><testcase classname="tests.unit.test_exam_curriculum_models.TestSinavOturumuEdgeCases" name="test_kalan_sure_countdown[1500]" time="0.008" /><testcase classname="tests.unit.test_exam_curriculum_models.TestSinavOturumuEdgeCases" name="test_kalan_sure_countdown[1000]" time="0.008" /><testcase classname="tests.unit.test_exam_curriculum_models.TestSinavOturumuEdgeCases" name="test_kalan_sure_countdown[500]" time="0.008" /><testcase classname="tests.unit.test_exam_curriculum_models.TestSinavOturumuEdgeCases" name="test_kalan_sure_countdown[300]" time="0.012" /><testcase classname="tests.unit.test_exam_curriculum_models.TestSinavOturumuEdgeCases" name="test_kalan_sure_countdown[60]" time="0.009" /><testcase classname="tests.unit.test_exam_curriculum_models.TestSinavOturumuEdgeCases" name="test_kalan_sure_countdown[30]" time="0.010" /><testcase classname="tests.unit.test_exam_curriculum_models.TestSinavOturumuEdgeCases" name="test_kalan_sure_countdown[10]" time="0.013" /><testcase classname="tests.unit.test_exam_curriculum_models.TestSinavOturumuEdgeCases" name="test_kalan_sure_countdown[5]" time="0.015" /><testcase classname="tests.unit.test_exam_curriculum_models.TestSinavOturumuEdgeCases" name="test_kalan_sure_countdown[1]" time="0.014" /><testcase classname="tests.unit.test_exam_curriculum_models.TestSinavOturumuEdgeCases" name="test_kalan_sure_countdown[0]" time="0.014" /><testcase classname="tests.unit.test_exam_curriculum_models.TestSinavCevabiEdgeCases" name="test_cevap_suresi_range[1]" time="0.015" /><testcase classname="tests.unit.test_exam_curriculum_models.TestSinavCevabiEdgeCases" name="test_cevap_suresi_range[5]" time="0.013" /><testcase classname="tests.unit.test_exam_curriculum_models.TestSinavCevabiEdgeCases" name="test_cevap_suresi_range[10]" time="0.013" /><testcase classname="tests.unit.test_exam_curriculum_models.TestSinavCevabiEdgeCases" name="test_cevap_suresi_range[15]" time="0.017" /><testcase classname="tests.unit.test_exam_curriculum_models.TestSinavCevabiEdgeCases" name="test_cevap_suresi_range[20]" time="0.011" /><testcase classname="tests.unit.test_exam_curriculum_models.TestSinavCevabiEdgeCases" name="test_cevap_suresi_range[30]" time="0.009" /><testcase classname="tests.unit.test_exam_curriculum_models.TestSinavCevabiEdgeCases" name="test_cevap_suresi_range[45]" time="0.010" /><testcase classname="tests.unit.test_exam_curriculum_models.TestSinavCevabiEdgeCases" name="test_cevap_suresi_range[60]" time="0.009" /><testcase classname="tests.unit.test_exam_curriculum_models.TestSinavCevabiEdgeCases" name="test_cevap_suresi_range[90]" time="0.011" /><testcase classname="tests.unit.test_exam_curriculum_models.TestSinavCevabiEdgeCases" name="test_cevap_suresi_range[120]" time="0.010" /><testcase classname="tests.unit.test_exam_curriculum_models.TestSinavCevabiEdgeCases" name="test_cevap_suresi_range[180]" time="0.008" /><testcase classname="tests.unit.test_exam_curriculum_models.TestSinavCevabiEdgeCases" name="test_cevap_suresi_range[240]" time="0.008" /><testcase classname="tests.unit.test_exam_curriculum_models.TestSinavCevabiEdgeCases" name="test_cevap_suresi_range[300]" time="0.009" /><testcase classname="tests.unit.test_exam_curriculum_models.TestSinavCevabiEdgeCases" name="test_cevap_suresi_range[360]" time="0.010" /><testcase classname="tests.unit.test_exam_curriculum_models.TestSinavCevabiEdgeCases" name="test_cevap_suresi_range[420]" time="0.007" /><testcase classname="tests.unit.test_exam_curriculum_models.TestSinavCevabiEdgeCases" name="test_cevap_suresi_range[480]" time="0.006" /><testcase classname="tests.unit.test_exam_curriculum_models.TestSinavCevabiEdgeCases" name="test_cevap_suresi_range[540]" time="0.007" /><testcase classname="tests.unit.test_exam_curriculum_models.TestSinavCevabiEdgeCases" name="test_cevap_suresi_range[600]" time="0.007" /><testcase classname="tests.unit.test_exam_curriculum_models.TestSinavCevabiEdgeCases" name="test_various_id_combinations[EXAM001-Q001]" time="0.007" /><testcase classname="tests.unit.test_exam_curriculum_models.TestSinavCevabiEdgeCases" name="test_various_id_combinations[EXAM001-Q002]" time="0.007" /><testcase classname="tests.unit.test_exam_curriculum_models.TestSinavCevabiEdgeCases" name="test_various_id_combinations[EXAM002-Q001]" time="0.006" /><testcase classname="tests.unit.test_exam_curriculum_models.TestSinavCevabiEdgeCases" name="test_various_id_combinations[EXAM002-Q002]" time="0.005" /><testcase classname="tests.unit.test_exam_curriculum_models.TestSinavCevabiEdgeCases" name="test_various_id_combinations[EXAM003-Q001]" time="0.005" /><testcase classname="tests.unit.test_exam_curriculum_models.TestSinavCevabiEdgeCases" name="test_various_id_combinations[EXAM003-Q002]" time="0.005" /><testcase classname="tests.unit.test_exam_curriculum_models.TestSinavCevabiEdgeCases" name="test_various_id_combinations[EXAM004-Q001]" time="0.005" /><testcase classname="tests.unit.test_exam_curriculum_models.TestSinavCevabiEdgeCases" name="test_various_id_combinations[EXAM004-Q002]" time="0.005" /><testcase classname="tests.unit.test_exam_curriculum_models.TestSinavCevabiEdgeCases" name="test_various_id_combinations[EXAM005-Q001]" time="0.005" /><testcase classname="tests.unit.test_exam_curriculum_models.TestSinavCevabiEdgeCases" name="test_various_id_combinations[EXAM005-Q002]" time="0.005" /><testcase classname="tests.unit.test_exam_curriculum_models.TestSinavCevabiEdgeCases" name="test_various_id_combinations[EXAM006-Q001]" time="0.004" /><testcase classname="tests.unit.test_exam_curriculum_models.TestSinavCevabiEdgeCases" name="test_various_id_combinations[EXAM006-Q002]" time="0.004" /><testcase classname="tests.unit.test_exam_curriculum_models.TestKonuPerformansiEdgeCases" name="test_answer_distribution_patterns[10-10-0-0]" time="0.004" /><testcase classname="tests.unit.test_exam_curriculum_models.TestKonuPerformansiEdgeCases" name="test_answer_distribution_patterns[10-0-10-0]" time="0.006" /><testcase classname="tests.unit.test_exam_curriculum_models.TestKonuPerformansiEdgeCases" name="test_answer_distribution_patterns[10-0-0-10]" time="0.006" /><testcase classname="tests.unit.test_exam_curriculum_models.TestKonuPerformansiEdgeCases" name="test_answer_distribution_patterns[10-5-5-0]" time="0.007" /><testcase classname="tests.unit.test_exam_curriculum_models.TestKonuPerformansiEdgeCases" name="test_answer_distribution_patterns[10-5-0-5]" time="0.007" /><testcase classname="tests.unit.test_exam_curriculum_models.TestKonuPerformansiEdgeCases" name="test_answer_distribution_patterns[10-3-3-4]" time="0.007" /><testcase classname="tests.unit.test_exam_curriculum_models.TestKonuPerformansiEdgeCases" name="test_answer_distribution_patterns[20-15-3-2]" time="0.011" /><testcase classname="tests.unit.test_exam_curriculum_models.TestKonuPerformansiEdgeCases" name="test_answer_distribution_patterns[20-10-8-2]" time="0.010" /><testcase classname="tests.unit.test_exam_curriculum_models.TestKonuPerformansiEdgeCases" name="test_answer_distribution_patterns[30-25-4-1]" time="0.011" /><testcase classname="tests.unit.test_exam_curriculum_models.TestKonuPerformansiEdgeCases" name="test_answer_distribution_patterns[30-20-7-3]" time="0.015" /><testcase classname="tests.unit.test_exam_curriculum_models.TestKonuPerformansiEdgeCases" name="test_answer_distribution_patterns[40-35-3-2]" time="0.012" /><testcase classname="tests.unit.test_exam_curriculum_models.TestKonuPerformansiEdgeCases" name="test_answer_distribution_patterns[40-30-8-2]" time="0.013" /><testcase classname="tests.unit.test_exam_curriculum_models.TestKonuPerformansiEdgeCases" name="test_answer_distribution_patterns[50-40-8-2]" time="0.014" /><testcase classname="tests.unit.test_exam_curriculum_models.TestKonuPerformansiEdgeCases" name="test_answer_distribution_patterns[50-45-3-2]" time="0.015" /><testcase classname="tests.unit.test_exam_curriculum_models.TestKonuPerformansiEdgeCases" name="test_ortalama_sure_precision[10.5]" time="0.014" /><testcase classname="tests.unit.test_exam_curriculum_models.TestKonuPerformansiEdgeCases" name="test_ortalama_sure_precision[20.3]" time="0.014" /><testcase classname="tests.unit.test_exam_curriculum_models.TestKonuPerformansiEdgeCases" name="test_ortalama_sure_precision[30.7]" time="0.011" /><testcase classname="tests.unit.test_exam_curriculum_models.TestKonuPerformansiEdgeCases" name="test_ortalama_sure_precision[40.2]" time="0.011" /><testcase classname="tests.unit.test_exam_curriculum_models.TestKonuPerformansiEdgeCases" name="test_ortalama_sure_precision[50.8]" time="0.012" /><testcase classname="tests.unit.test_exam_curriculum_models.TestKonuPerformansiEdgeCases" name="test_ortalama_sure_precision[60.1]" time="0.014" /><testcase classname="tests.unit.test_exam_curriculum_models.TestKonuPerformansiEdgeCases" name="test_ortalama_sure_precision[70.9]" time="0.016" /><testcase classname="tests.unit.test_exam_curriculum_models.TestKonuPerformansiEdgeCases" name="test_ortalama_sure_precision[80.4]" time="0.019" /><testcase classname="tests.unit.test_exam_curriculum_models.TestKonuPerformansiEdgeCases" name="test_ortalama_sure_precision[90.6]" time="0.012" /><testcase classname="tests.unit.test_exam_curriculum_models.TestKonuPerformansiEdgeCases" name="test_ortalama_sure_precision[100.3]" time="0.011" /><testcase classname="tests.unit.test_exam_curriculum_models.TestKonuPerformansiEdgeCases" name="test_ortalama_sure_precision[110.7]" time="0.012" /><testcase classname="tests.unit.test_exam_curriculum_models.TestKonuPerformansiEdgeCases" name="test_ortalama_sure_precision[120.2]" time="0.013" /><testcase classname="tests.unit.test_exam_curriculum_models.TestKonuPerformansiEdgeCases" name="test_ortalama_sure_precision[130.5]" time="0.011" /><testcase classname="tests.unit.test_exam_curriculum_models.TestKonuPerformansiEdgeCases" name="test_ortalama_sure_precision[140.8]" time="0.013" /><testcase classname="tests.unit.test_exam_curriculum_models.TestKonuPerformansiEdgeCases" name="test_ortalama_sure_precision[150.1]" time="0.012" /><testcase classname="tests.unit.test_exam_curriculum_models.TestCurriculumUpdateRequest" name="test_curriculum_update_request_types[yeni_konu-matematik]" time="0.012" /><testcase classname="tests.unit.test_exam_curriculum_models.TestCurriculumUpdateRequest" name="test_curriculum_update_request_types[guncelleme-fizik]" time="0.012" /><testcase classname="tests.unit.test_exam_curriculum_models.TestCurriculumUpdateRequest" name="test_curriculum_update_request_types[silme-kimya]" time="0.014" /><testcase classname="tests.unit.test_exam_curriculum_models.TestCurriculumUpdateRequest" name="test_curriculum_update_request_types[duzenleme-biyoloji]" time="0.011" /><testcase classname="tests.unit.test_exam_curriculum_models.TestCurriculumUpdateRequest" name="test_curriculum_update_request_types[ekleme-tarih]" time="0.010" /><testcase classname="tests.unit.test_exam_curriculum_models.TestCurriculumUpdateRequest" name="test_curriculum_update_request_types[degisiklik-cografya]" time="0.010" /><testcase classname="tests.unit.test_exam_curriculum_models.TestCurriculumUpdateRequest" name="test_request_status_values[pending]" time="0.013" /><testcase classname="tests.unit.test_exam_curriculum_models.TestCurriculumUpdateRequest" name="test_request_status_values[approved]" time="0.011" /><testcase classname="tests.unit.test_exam_curriculum_models.TestCurriculumUpdateRequest" name="test_request_status_values[rejected]" time="0.009" /><testcase classname="tests.unit.test_exam_curriculum_models.TestCurriculumUpdateRequest" name="test_request_status_values[in_review]" time="0.009" /><testcase classname="tests.unit.test_exam_curriculum_models.TestCurriculumUpdateRequest" name="test_request_status_values[completed]" time="0.008" /><testcase classname="tests.unit.test_exam_curriculum_models.TestCurriculumUpdateRequest" name="test_request_status_values[cancelled]" time="0.008" /><testcase classname="tests.unit.test_exam_curriculum_models.TestCurriculumUpdateRequest" name="test_request_status_values[on_hold]" time="0.008" /><testcase classname="tests.unit.test_exam_curriculum_models.TestCurriculumUpdateRequest" name="test_affected_standards_count[1]" time="0.009" /><testcase classname="tests.unit.test_exam_curriculum_models.TestCurriculumUpdateRequest" name="test_affected_standards_count[2]" time="0.007" /><testcase classname="tests.unit.test_exam_curriculum_models.TestCurriculumUpdateRequest" name="test_affected_standards_count[3]" time="0.008" /><testcase classname="tests.unit.test_exam_curriculum_models.TestCurriculumUpdateRequest" name="test_affected_standards_count[4]" time="0.006" /><testcase classname="tests.unit.test_exam_curriculum_models.TestCurriculumUpdateRequest" name="test_affected_standards_count[5]" time="0.006" /><testcase classname="tests.unit.test_exam_curriculum_models.TestCurriculumUpdateRequest" name="test_affected_standards_count[6]" time="0.005" /><testcase classname="tests.unit.test_exam_curriculum_models.TestCurriculumUpdateRequest" name="test_affected_standards_count[7]" time="0.005" /><testcase classname="tests.unit.test_exam_curriculum_models.TestCurriculumUpdateRequest" name="test_affected_standards_count[8]" time="0.006" /><testcase classname="tests.unit.test_exam_curriculum_models.TestCurriculumUpdateRequest" name="test_affected_standards_count[9]" time="0.005" /><testcase classname="tests.unit.test_exam_curriculum_models.TestCurriculumUpdateRequest" name="test_affected_standards_count[10]" time="0.005" /><testcase classname="tests.unit.test_exam_curriculum_models.TestHybridLearningProfileExtended" name="test_vark_score_combinations[0.9-0.1-0.5-0.3]" time="0.005" /><testcase classname="tests.unit.test_exam_curriculum_models.TestHybridLearningProfileExtended" name="test_vark_score_combinations[0.1-0.9-0.3-0.5]" time="0.005" /><testcase classname="tests.unit.test_exam_curriculum_models.TestHybridLearningProfileExtended" name="test_vark_score_combinations[0.5-0.3-0.9-0.1]" time="0.004" /><testcase classname="tests.unit.test_exam_curriculum_models.TestHybridLearningProfileExtended" name="test_vark_score_combinations[0.3-0.5-0.1-0.9]" time="0.004" /><testcase classname="tests.unit.test_exam_curriculum_models.TestHybridLearningProfileExtended" name="test_vark_score_combinations[0.8-0.2-0.6-0.4]" time="0.004" /><testcase classname="tests.unit.test_exam_curriculum_models.TestHybridLearningProfileExtended" name="test_vark_score_combinations[0.2-0.8-0.4-0.6]" time="0.004" /><testcase classname="tests.unit.test_exam_curriculum_models.TestHybridLearningProfileExtended" name="test_vark_score_combinations[0.6-0.4-0.8-0.2]" time="0.004" /><testcase classname="tests.unit.test_exam_curriculum_models.TestHybridLearningProfileExtended" name="test_vark_score_combinations[0.4-0.6-0.2-0.8]" time="0.005" /><testcase classname="tests.unit.test_exam_curriculum_models.TestHybridLearningProfileExtended" name="test_vark_score_combinations[0.7-0.7-0.7-0.7]" time="0.007" /><testcase classname="tests.unit.test_exam_curriculum_models.TestHybridLearningProfileExtended" name="test_vark_score_combinations[0.5-0.5-0.5-0.5]" time="0.008" /><testcase classname="tests.unit.test_exam_curriculum_models.TestHybridLearningProfileExtended" name="test_confidence_level_range[0.0]" time="0.008" /><testcase classname="tests.unit.test_exam_curriculum_models.TestHybridLearningProfileExtended" name="test_confidence_level_range[0.1]" time="0.006" /><testcase classname="tests.unit.test_exam_curriculum_models.TestHybridLearningProfileExtended" name="test_confidence_level_range[0.2]" time="0.008" /><testcase classname="tests.unit.test_exam_curriculum_models.TestHybridLearningProfileExtended" name="test_confidence_level_range[0.3]" time="0.008" /><testcase classname="tests.unit.test_exam_curriculum_models.TestHybridLearningProfileExtended" name="test_confidence_level_range[0.4]" time="0.006" /><testcase classname="tests.unit.test_exam_curriculum_models.TestHybridLearningProfileExtended" name="test_confidence_level_range[0.5]" time="0.008" /><testcase classname="tests.unit.test_exam_curriculum_models.TestHybridLearningProfileExtended" name="test_confidence_level_range[0.6]" time="0.007" /><testcase classname="tests.unit.test_exam_curriculum_models.TestHybridLearningProfileExtended" name="test_confidence_level_range[0.7]" time="0.006" /><testcase classname="tests.unit.test_exam_curriculum_models.TestHybridLearningProfileExtended" name="test_confidence_level_range[0.8]" time="0.007" /><testcase classname="tests.unit.test_exam_curriculum_models.TestHybridLearningProfileExtended" name="test_confidence_level_range[0.9]" time="0.007" /><testcase classname="tests.unit.test_exam_curriculum_models.TestHybridLearningProfileExtended" name="test_confidence_level_range[1.0]" time="0.008" /><testcase classname="tests.unit.test_exam_curriculum_models.TestHybridLearningProfileExtended" name="test_hybrid_code_variations[V-A-S-S]" time="0.009" /><testcase classname="tests.unit.test_exam_curriculum_models.TestHybridLearningProfileExtended" name="test_hybrid_code_variations[A-R-I-G]" time="0.010" /><testcase classname="tests.unit.test_exam_curriculum_models.TestHybridLearningProfileExtended" name="test_hybrid_code_variations[R-A-S-G]" time="0.011" /><testcase classname="tests.unit.test_exam_curriculum_models.TestHybridLearningProfileExtended" name="test_hybrid_code_variations[K-R-S-S]" time="0.010" /><testcase classname="tests.unit.test_exam_curriculum_models.TestHybridLearningProfileExtended" name="test_hybrid_code_variations[V-R-I-S]" time="0.008" /><testcase classname="tests.unit.test_exam_curriculum_models.TestHybridLearningProfileExtended" name="test_hybrid_code_variations[A-A-I-G]" time="0.008" /><testcase classname="tests.unit.test_exam_curriculum_models.TestHybridLearningProfileExtended" name="test_hybrid_code_variations[R-R-S-S]" time="0.008" /><testcase classname="tests.unit.test_exam_curriculum_models.TestHybridLearningProfileExtended" name="test_hybrid_code_variations[K-A-I-S]" time="0.009" /><testcase classname="tests.unit.test_exam_curriculum_models.TestTurkishZPDRangeExtended" name="test_zpd_for_all_subjects[Matematik]" time="0.008" /><testcase classname="tests.unit.test_exam_curriculum_models.TestTurkishZPDRangeExtended" name="test_zpd_for_all_subjects[Fizik]" time="0.007" /><testcase classname="tests.unit.test_exam_curriculum_models.TestTurkishZPDRangeExtended" name="test_zpd_for_all_subjects[Kimya]" time="0.007" /><testcase classname="tests.unit.test_exam_curriculum_models.TestTurkishZPDRangeExtended" name="test_zpd_for_all_subjects[Biyoloji]" time="0.007" /><testcase classname="tests.unit.test_exam_curriculum_models.TestTurkishZPDRangeExtended" name="test_zpd_for_all_subjects[T\xfcrk\xe7e]" time="0.006" /><testcase classname="tests.unit.test_exam_curriculum_models.TestTurkishZPDRangeExtended" name="test_zpd_for_all_subjects[Tarih]" time="0.007" /><testcase classname="tests.unit.test_exam_curriculum_models.TestTurkishZPDRangeExtended" name="test_zpd_for_all_subjects[Co\u011frafya]" time="0.007" /><testcase classname="tests.unit.test_exam_curriculum_models.TestTurkishZPDRangeExtended" name="test_zpd_for_all_subjects[Felsefe]" time="0.007" /><testcase classname="tests.unit.test_exam_curriculum_models.TestTurkishZPDRangeExtended" name="test_zpd_for_all_subjects[\u0130ngilizce]" time="0.008" /><testcase classname="tests.unit.test_exam_curriculum_models.TestTurkishZPDRangeExtended" name="test_zpd_for_all_subjects[Geometri]" time="0.007" /><testcase classname="tests.unit.test_exam_curriculum_models.TestTurkishZPDRangeExtended" name="test_maarif_alignment_range[0.0]" time="0.008" /><testcase classname="tests.unit.test_exam_curriculum_models.TestTurkishZPDRangeExtended" name="test_maarif_alignment_range[0.1]" time="0.007" /><testcase classname="tests.unit.test_exam_curriculum_models.TestTurkishZPDRangeExtended" name="test_maarif_alignment_range[0.2]" time="0.008" /><testcase classname="tests.unit.test_exam_curriculum_models.TestTurkishZPDRangeExtended" name="test_maarif_alignment_range[0.3]" time="0.007" /><testcase classname="tests.unit.test_exam_curriculum_models.TestTurkishZPDRangeExtended" name="test_maarif_alignment_range[0.4]" time="0.006" /><testcase classname="tests.unit.test_exam_curriculum_models.TestTurkishZPDRangeExtended" name="test_maarif_alignment_range[0.5]" time="0.007" /><testcase classname="tests.unit.test_exam_curriculum_models.TestTurkishZPDRangeExtended" name="test_maarif_alignment_range[0.6]" time="0.006" /><testcase classname="tests.unit.test_exam_curriculum_models.TestTurkishZPDRangeExtended" name="test_maarif_alignment_range[0.7]" time="0.006" /><testcase classname="tests.unit.test_exam_curriculum_models.TestTurkishZPDRangeExtended" name="test_maarif_alignment_range[0.8]" time="0.005" /><testcase classname="tests.unit.test_exam_curriculum_models.TestTurkishZPDRangeExtended" name="test_maarif_alignment_range[0.9]" time="0.006" /><testcase classname="tests.unit.test_exam_curriculum_models.TestTurkishZPDRangeExtended" name="test_maarif_alignment_range[1.0]" time="0.005" /><testcase classname="tests.unit.test_exam_curriculum_models.TestTurkishZPDRangeExtended" name="test_zpd_boundary_ranges[0.0-2.0]" time="0.005" /><testcase classname="tests.unit.test_exam_curriculum_models.TestTurkishZPDRangeExtended" name="test_zpd_boundary_ranges[1.0-3.0]" time="0.006" /><testcase classname="tests.unit.test_exam_curriculum_models.TestTurkishZPDRangeExtended" name="test_zpd_boundary_ranges[2.0-4.0]" time="0.008" /><testcase classname="tests.unit.test_exam_curriculum_models.TestTurkishZPDRangeExtended" name="test_zpd_boundary_ranges[3.0-5.0]" time="0.011" /><testcase classname="tests.unit.test_exam_curriculum_models.TestTurkishZPDRangeExtended" name="test_zpd_boundary_ranges[4.0-6.0]" time="0.010" /><testcase classname="tests.unit.test_exam_curriculum_models.TestTurkishZPDRangeExtended" name="test_zpd_boundary_ranges[5.0-7.0]" time="0.012" /><testcase classname="tests.unit.test_exam_curriculum_models.TestTurkishZPDRangeExtended" name="test_zpd_boundary_ranges[6.0-8.0]" time="0.011" /><testcase classname="tests.unit.test_exam_curriculum_models.TestTurkishZPDRangeExtended" name="test_zpd_boundary_ranges[7.0-9.0]" time="0.013" /><testcase classname="tests.unit.test_exam_curriculum_models.TestTurkishZPDRangeExtended" name="test_zpd_boundary_ranges[8.0-10.0]" time="0.011" /><testcase classname="tests.unit.test_exam_curriculum_models.TestQuestionExtended" name="test_irt_difficulty_range[-3.0]" time="0.016" /><testcase classname="tests.unit.test_exam_curriculum_models.TestQuestionExtended" name="test_irt_difficulty_range[-2.5]" time="0.015" /><testcase classname="tests.unit.test_exam_curriculum_models.TestQuestionExtended" name="test_irt_difficulty_range[-2.0]" time="0.014" /><testcase classname="tests.unit.test_exam_curriculum_models.TestQuestionExtended" name="test_irt_difficulty_range[-1.5]" time="0.019" /><testcase classname="tests.unit.test_exam_curriculum_models.TestQuestionExtended" name="test_irt_difficulty_range[-1.0]" time="0.017" /><testcase classname="tests.unit.test_exam_curriculum_models.TestQuestionExtended" name="test_irt_difficulty_range[-0.5]" time="0.014" /><testcase classname="tests.unit.test_exam_curriculum_models.TestQuestionExtended" name="test_irt_difficulty_range[0.0]" time="0.014" /><testcase classname="tests.unit.test_exam_curriculum_models.TestQuestionExtended" name="test_irt_difficulty_range[0.5]" time="0.013" /><testcase classname="tests.unit.test_exam_curriculum_models.TestQuestionExtended" name="test_irt_difficulty_range[1.0]" time="0.013" /><testcase classna
[...]
stQuestionGenerationRequest" name="test_valid_question_count[500]" time="0.012" /><testcase classname="tests.unit.test_response_models.TestQuestionGenerationRequest" name="test_valid_question_count[1000]" time="0.012" /><testcase classname="tests.unit.test_response_models.TestQuestionGenerationRequest" name="test_valid_question_count[5000]" time="0.011" /><testcase classname="tests.unit.test_response_models.TestQuestionGenerationRequest" name="test_valid_question_count[10000]" time="0.011" /><testcase classname="tests.unit.test_response_models.TestQuestionGenerationRequest" name="test_invalid_question_count[0]" time="0.012" /><testcase classname="tests.unit.test_response_models.TestQuestionGenerationRequest" name="test_invalid_question_count[-1]" time="0.012" /><testcase classname="tests.unit.test_response_models.TestQuestionGenerationRequest" name="test_invalid_question_count[10001]" time="0.010" /><testcase classname="tests.unit.test_response_models.TestQuestionGenerationRequest" name="test_invalid_question_count[100000]" time="0.011" /><testcase classname="tests.unit.test_response_models.TestDashboardIstatistikleri" name="test_ders_ilerleme[0-100]" time="0.012" /><testcase classname="tests.unit.test_response_models.TestDashboardIstatistikleri" name="test_ders_ilerleme[50-100]" time="0.010" /><testcase classname="tests.unit.test_response_models.TestDashboardIstatistikleri" name="test_ders_ilerleme[100-100]" time="0.011" /><testcase classname="tests.unit.test_response_models.TestDashboardIstatistikleri" name="test_ders_ilerleme[25-50]" time="0.009" /><testcase classname="tests.unit.test_response_models.TestDashboardIstatistikleri" name="test_ders_ilerleme[1-10]" time="0.011" /><testcase classname="tests.unit.test_response_models.TestDashboardIstatistikleri" name="test_gunluk_seri[0]" time="0.008" /><testcase classname="tests.unit.test_response_models.TestDashboardIstatistikleri" name="test_gunluk_seri[1]" time="0.009" /><testcase classname="tests.unit.test_response_models.TestDashboardIstatistikleri" name="test_gunluk_seri[7]" time="0.008" /><testcase classname="tests.unit.test_response_models.TestDashboardIstatistikleri" name="test_gunluk_seri[30]" time="0.008" /><testcase classname="tests.unit.test_response_models.TestDashboardIstatistikleri" name="test_gunluk_seri[100]" time="0.009" /><testcase classname="tests.unit.test_response_models.TestDashboardIstatistikleri" name="test_gunluk_seri[365]" time="0.010" /><testcase classname="tests.unit.test_response_models.TestHedef" name="test_hedef_tipleri[gunluk]" time="0.009" /><testcase classname="tests.unit.test_response_models.TestHedef" name="test_hedef_tipleri[haftalik]" time="0.008" /><testcase classname="tests.unit.test_response_models.TestHedef" name="test_hedef_tipleri[aylik]" time="0.008" /><testcase classname="tests.unit.test_response_models.TestHedef" name="test_hedef_durumlari[aktif]" time="0.008" /><testcase classname="tests.unit.test_response_models.TestHedef" name="test_hedef_durumlari[tamamlandi]" time="0.009" /><testcase classname="tests.unit.test_response_models.TestHedef" name="test_hedef_durumlari[iptal]" time="0.009" /><testcase classname="tests.unit.test_response_models.TestBildirim" name="test_bildirim_tipleri[basari]" time="0.007" /><testcase classname="tests.unit.test_response_models.TestBildirim" name="test_bildirim_tipleri[uyari]" time="0.007" /><testcase classname="tests.unit.test_response_models.TestBildirim" name="test_bildirim_tipleri[bilgi]" time="0.007" /><testcase classname="tests.unit.test_response_models.TestBildirim" name="test_bildirim_tipleri[hata]" time="0.007" /><testcase classname="tests.unit.test_response_models.TestBildirim" name="test_bildirim_defaults" time="0.006" /><testcase classname="tests.unit.test_response_models.TestSerialization" name="test_pagination_meta_json" time="0.006" /><testcase classname="tests.unit.test_response_models.TestSerialization" name="test_api_response_json" time="0.005" /><testcase classname="tests.unit.test_response_models.TestSerialization" name="test_kullanici_json" time="0.023" /><testcase classname="tests.unit.test_response_models.TestSerialization" name="test_makale_json" time="0.005" /><testcase classname="tests.unit.test_response_models.TestEdgeCases" name="test_pagination_zero_items" time="0.005" /><testcase classname="tests.unit.test_response_models.TestEdgeCases" name="test_pagination_one_item" time="0.005" /><testcase classname="tests.unit.test_response_models.TestEdgeCases" name="test_empty_errors_list" time="0.004" /><testcase classname="tests.unit.test_response_models.TestEdgeCases" name="test_nested_data_structures" time="0.005" /><testcase classname="tests.unit.test_response_models.TestEdgeCases" name="test_whitespace_trimming[  test  ]" time="0.012" /><testcase classname="tests.unit.test_response_models.TestEdgeCases" name="test_whitespace_trimming[\ttest\t]" time="0.011" /><testcase classname="tests.unit.test_response_models.TestEdgeCases" name="test_whitespace_trimming[\ntest\n]" time="0.012" /><testcase classname="tests.unit.test_response_models.TestEdgeCases" name="test_whitespace_trimming[  test]" time="0.011" /><testcase classname="tests.unit.test_response_models.TestEdgeCases" name="test_unicode_content" time="0.012" /><testcase classname="tests.unit.test_response_models.TestEdgeCases" name="test_very_long_content" time="0.011" /><testcase classname="tests.unit.test_response_models.TestEdgeCases" name="test_special_characters_in_fields" time="0.009" /><testcase classname="tests.unit.test_response_models.TestComprehensiveParametrize" name="test_api_response_combinations[True-success-True-False]" time="0.006" /><testcase classname="tests.unit.test_response_models.TestComprehensiveParametrize" name="test_api_response_combinations[False-error-False-True]" time="0.011" /><testcase classname="tests.unit.test_response_models.TestComprehensiveParametrize" name="test_api_response_combinations[True-warning-True-False]" time="0.007" /><testcase classname="tests.unit.test_response_models.TestComprehensiveParametrize" name="test_api_response_combinations[True-info-False-False]" time="0.006" /><testcase classname="tests.unit.test_response_models.TestComprehensiveParametrize" name="test_api_response_combinations[True-success-False-False]" time="0.010" /><testcase classname="tests.unit.test_response_models.TestComprehensiveParametrize" name="test_api_response_combinations[False-error-True-True]" time="0.010" /><testcase classname="tests.unit.test_response_models.TestComprehensiveParametrize" name="test_valid_emails[test@example.com]" time="0.006" /><testcase classname="tests.unit.test_response_models.TestComprehensiveParametrize" name="test_valid_emails[user.name@domain.co.uk]" time="0.008" /><testcase classname="tests.unit.test_response_models.TestComprehensiveParametrize" name="test_valid_emails[test+tag@example.com]" time="0.006" /><testcase classname="tests.unit.test_response_models.TestComprehensiveParametrize" name="test_valid_emails[user123@test.org]" time="0.007" /><testcase classname="tests.unit.test_response_models.TestComprehensiveParametrize" name="test_valid_emails[a@b.c]" time="0.006" /><testcase classname="tests.unit.test_response_models.TestComprehensiveParametrize" name="test_invalid_emails[invalid]" time="0.007" /><testcase classname="tests.unit.test_response_models.TestComprehensiveParametrize" name="test_invalid_emails[@example.com]" time="0.006" /><testcase classname="tests.unit.test_response_models.TestComprehensiveParametrize" name="test_invalid_emails[user@]" time="0.005" /><testcase classname="tests.unit.test_response_models.TestComprehensiveParametrize" name="test_invalid_emails[user @example.com]" time="0.027" /><testcase classname="tests.unit.test_response_models.TestComprehensiveParametrize" name="test_invalid_emails[]" time="0.006" /><testcase classname="tests.unit.test_response_models.TestComprehensiveParametrize" name="test_valid_ad_soyad[AB]" time="0.006" /><testcase classname="tests.unit.test_response_models.TestComprehensiveParametrize" name="test_valid_ad_soyad[AAAAAAAAAAAAAAAAAAAAAAAAAAAAAAAAAAAAAAAAAAAAAAAAAAAAAAAAAAAAAAAAAAAAAAAAAAAAAAAAAAAAAAAAAAAAAAAAAAAA]" time="0.006" /><testcase classname="tests.unit.test_response_models.TestComprehensiveParametrize" name="test_valid_ad_soyad[Test User]" time="0.006" /><testcase classname="tests.unit.test_response_models.TestComprehensiveParametrize" name="test_valid_ad_soyad[T\xfcrk\xe7e \u0130sim \u015e\xe7\u011f\xfc]" time="0.006" /><testcase classname="tests.unit.test_response_models.TestComprehensiveParametrize" name="test_valid_ad_soyad[Multiple Word Name]" time="0.009" /><testcase classname="tests.unit.test_response_models.TestComprehensiveParametrize" name="test_invalid_ad_soyad[A]" time="0.008" /><testcase classname="tests.unit.test_response_models.TestComprehensiveParametrize" name="test_invalid_ad_soyad[]" time="0.008" /><testcase classname="tests.unit.test_response_models.TestComprehensiveParametrize" name="test_invalid_ad_soyad[AAAAAAAAAAAAAAAAAAAAAAAAAAAAAAAAAAAAAAAAAAAAAAAAAAAAAAAAAAAAAAAAAAAAAAAAAAAAAAAAAAAAAAAAAAAAAAAAAAAAA]" time="0.008" /><testcase classname="tests.unit.test_response_models.TestComprehensiveParametrize" name="test_all_content_types[makale]" time="0.007" /><testcase classname="tests.unit.test_response_models.TestComprehensiveParametrize" name="test_all_content_types[video]" time="0.006" /><testcase classname="tests.unit.test_response_models.TestComprehensiveParametrize" name="test_all_content_types[quiz]" time="0.007" /><testcase classname="tests.unit.test_response_models.TestComprehensiveParametrize" name="test_all_content_types[infografik]" time="0.007" /><testcase classname="tests.unit.test_response_models.TestComprehensiveParametrize" name="test_all_content_types[podcast]" time="0.006" /><testcase classname="tests.unit.test_response_models.TestComprehensiveParametrize" name="test_all_content_types[dokuman]" time="0.006" /><testcase classname="tests.unit.test_response_models.TestComprehensiveParametrize" name="test_all_interaction_types[view]" time="0.006" /><testcase classname="tests.unit.test_response_models.TestComprehensiveParametrize" name="test_all_interaction_types[like]" time="0.007" /><testcase classname="tests.unit.test_response_models.TestComprehensiveParametrize" name="test_all_interaction_types[share]" time="0.005" /><testcase classname="tests.unit.test_response_models.TestComprehensiveParametrize" name="test_all_interaction_types[comment]" time="0.005" /><testcase classname="tests.unit.test_response_models.TestComprehensiveParametrize" name="test_all_interaction_types[bookmark]" time="0.006" /><testcase classname="tests.unit.test_response_models.TestComprehensiveParametrize" name="test_all_interaction_types[download]" time="0.005" /><testcase classname="tests.unit.test_enums.TestSinavTipi" name="test_sinav_tipi_values" time="0.006" /><testcase classname="tests.unit.test_enums.TestSinavTipi" name="test_sinav_tipi_all_members" time="0.005" /><testcase classname="tests.unit.test_enums.TestSinavTipi" name="test_sinav_tipi_string_inheritance" time="0.006" /><testcase classname="tests.unit.test_enums.TestSinavTipi" name="test_sinav_tipi_equality[TYT]" time="0.006" /><testcase classname="tests.unit.test_enums.TestSinavTipi" name="test_sinav_tipi_equality[AYT]" time="0.006" /><testcase classname="tests.unit.test_enums.TestSinavTipi" name="test_sinav_tipi_equality[YDT]" time="0.005" /><testcase classname="tests.unit.test_enums.TestSinavTipi" name="test_sinav_tipi_from_string" time="0.006" /><testcase classname="tests.unit.test_enums.TestSinavTipi" name="test_sinav_tipi_invalid_value" time="0.013" /><testcase classname="tests.unit.test_enums.TestZorlukSeviyesi" name="test_zorluk_seviyesi_values" time="0.016" /><testcase classname="tests.unit.test_enums.TestZorlukSeviyesi" name="test_zorluk_seviyesi_count" time="0.015" /><testcase classname="tests.unit.test_enums.TestZorlukSeviyesi" name="test_zorluk_seviyesi_parametrized[kolay-kolay]" time="0.015" /><testcase classname="tests.unit.test_enums.TestZorlukSeviyesi" name="test_zorluk_seviyesi_parametrized[orta-orta]" time="0.011" /><testcase classname="tests.unit.test_enums.TestZorlukSeviyesi" name="test_zorluk_seviyesi_parametrized[zor-zor]" time="0.006" /><testcase classname="tests.unit.test_enums.TestZorlukSeviyesi" name="test_zorluk_seviyesi_from_string" time="0.009" /><testcase classname="tests.unit.test_enums.TestZorlukSeviyesi" name="test_zorluk_ordering" time="0.010" /><testcase classname="tests.unit.test_enums.TestOgrenmeStili" name="test_ogrenme_stili_values" time="0.008" /><testcase classname="tests.unit.test_enums.TestOgrenmeStili" name="test_ogrenme_stili_count" time="0.008" /><testcase classname="tests.unit.test_enums.TestOgrenmeStili" name="test_ogrenme_stili_mapping[gorsel-gorsel]" time="0.009" /><testcase classname="tests.unit.test_enums.TestOgrenmeStili" name="test_ogrenme_stili_mapping[isitsel-isitsel]" time="0.009" /><testcase classname="tests.unit.test_enums.TestOgrenmeStili" name="test_ogrenme_stili_mapping[kinestetik-kinestetik]" time="0.009" /><testcase classname="tests.unit.test_enums.TestOgrenmeStili" name="test_ogrenme_stili_mapping[okuma_yazma-okuma_yazma]" time="0.010" /><testcase classname="tests.unit.test_enums.TestOgrenmeStili" name="test_ogrenme_stili_from_string" time="0.013" /><testcase classname="tests.unit.test_enums.TestOgrenmeStili" name="test_ogrenme_stili_membership" time="0.020" /><testcase classname="tests.unit.test_enums.TestIcerikTipi" name="test_icerik_tipi_values" time="0.013" /><testcase classname="tests.unit.test_enums.TestIcerikTipi" name="test_icerik_tipi_count" time="0.016" /><testcase classname="tests.unit.test_enums.TestIcerikTipi" name="test_icerik_tipi_iteration[video]" time="0.020" /><testcase classname="tests.unit.test_enums.TestIcerikTipi" name="test_icerik_tipi_iteration[makale]" time="0.019" /><testcase classname="tests.unit.test_enums.TestIcerikTipi" name="test_icerik_tipi_iteration[interaktif]" time="0.017" /><testcase classname="tests.unit.test_enums.TestIcerikTipi" name="test_icerik_tipi_iteration[quiz]" time="0.015" /><testcase classname="tests.unit.test_enums.TestIcerikTipi" name="test_icerik_tipi_iteration[soru_bankasi]" time="0.016" /><testcase classname="tests.unit.test_enums.TestIcerikTipi" name="test_icerik_tipi_from_string" time="0.016" /><testcase classname="tests.unit.test_enums.TestKullaniciRolu" name="test_kullanici_rolu_values" time="0.018"><failure message="AssertionError: assert 'admin' == 'ADMIN'&#10;  &#10;  - ADMIN&#10;  + admin">E   AssertionError: assert 'admin' == 'ADMIN'
      
      - ADMIN
      + admin</failure></testcase><testcase classname="tests.unit.test_enums.TestKullaniciRolu" name="test_kullanici_rolu_count" time="0.016"><failure message="AssertionError: assert 5 == 4&#10; +  where 5 = len([&lt;KullaniciRolu.OGRENCI: 'ogrenci'&gt;, &lt;KullaniciRolu.OGRETMEN: 'ogretmen'&gt;, &lt;KullaniciRolu.VELI: 'veli'&gt;, &lt;KullaniciRolu.ADMIN: 'admin'&gt;, &lt;KullaniciRolu.SUPER_ADMIN: 'super_admin'&gt;])">E   AssertionError: assert 5 == 4
     +  where 5 = len([&lt;KullaniciRolu.OGRENCI: 'ogrenci'&gt;, &lt;KullaniciRolu.OGRETMEN: 'ogretmen'&gt;, &lt;KullaniciRolu.VELI: 'veli'&gt;, &lt;KullaniciRolu.ADMIN: 'admin'&gt;, &lt;KullaniciRolu.SUPER_ADMIN: 'super_admin'&gt;])</failure></testcase><testcase classname="tests.unit.test_enums.TestKullaniciRolu" name="test_kullanici_rolu_parametrized[ogrenci-ogrenci]" time="0.020" /><testcase classname="tests.unit.test_enums.TestKullaniciRolu" name="test_kullanici_rolu_parametrized[ogretmen-ogretmen]" time="0.012" /><testcase classname="tests.unit.test_enums.TestKullaniciRolu" name="test_kullanici_rolu_parametrized[veli-veli]" time="0.014" /><testcase classname="tests.unit.test_enums.TestKullaniciRolu" name="test_kullanici_rolu_parametrized[admin-ADMIN]" time="0.008"><failure message="AssertionError: assert 'admin' == 'ADMIN'&#10;  &#10;  - ADMIN&#10;  + admin">E   AssertionError: assert 'admin' == 'ADMIN'
      
      - ADMIN
      + admin</failure></testcase><testcase classname="tests.unit.test_enums.TestKullaniciRolu" name="test_kullanici_rolu_hierarchy" time="0.006" /><testcase classname="tests.unit.test_enums.TestKullaniciRolu" name="test_kullanici_rolu_from_string" time="0.005"><failure message="ValueError: 'ADMIN' is not a valid KullaniciRolu">E   ValueError: 'ADMIN' is not a valid KullaniciRolu</failure></testcase><testcase classname="tests.unit.test_enums.TestSinavDurumu" name="test_sinav_durumu_values" time="0.005" /><testcase classname="tests.unit.test_enums.TestSinavDurumu" name="test_sinav_durumu_count" time="0.005" /><testcase classname="tests.unit.test_enums.TestSinavDurumu" name="test_sinav_durumu_membership[hazir]" time="0.005" /><testcase classname="tests.unit.test_enums.TestSinavDurumu" name="test_sinav_durumu_membership[devam_ediyor]" time="0.006" /><testcase classname="tests.unit.test_enums.TestSinavDurumu" name="test_sinav_durumu_membership[tamamlandi]" time="0.006" /><testcase classname="tests.unit.test_enums.TestSinavDurumu" name="test_sinav_durumu_membership[iptal_edildi]" time="0.006" /><testcase classname="tests.unit.test_enums.TestSinavDurumu" name="test_sinav_durumu_workflow" time="0.007" /><testcase classname="tests.unit.test_enums.TestSinavDurumu" name="test_sinav_durumu_from_string" time="0.013" /><testcase classname="tests.unit.test_enums.TestRaporTipi" name="test_rapor_tipi_values" time="0.010" /><testcase classname="tests.unit.test_enums.TestRaporTipi" name="test_rapor_tipi_count" time="0.009" /><testcase classname="tests.unit.test_enums.TestRaporTipi" name="test_rapor_tipi_parametrized[haftalik-haftalik]" time="0.014" /><testcase classname="tests.unit.test_enums.TestRaporTipi" name="test_rapor_tipi_parametrized[aylik-aylik]" time="0.012" /><testcase classname="tests.unit.test_enums.TestRaporTipi" name="test_rapor_tipi_parametrized[sinav_sonrasi-sinav_sonrasi]" time="0.007" /><testcase classname="tests.unit.test_enums.TestRaporTipi" name="test_rapor_tipi_parametrized[donem_sonu-donem_sonu]" time="0.006" /><testcase classname="tests.unit.test_enums.TestRaporTipi" name="test_rapor_tipi_from_string" time="0.011" /><testcase classname="tests.unit.test_enums.TestKarsilastirmaGrubu" name="test_karsilastirma_grubu_values" time="0.007" /><testcase classname="tests.unit.test_enums.TestKarsilastirmaGrubu" name="test_karsilastirma_grubu_count" time="0.005" /><testcase classname="tests.unit.test_enums.TestKarsilastirmaGrubu" name="test_karsilastirma_grubu_scope[sinif]" time="0.005" /><testcase classname="tests.unit.test_enums.TestKarsilastirmaGrubu" name="test_karsilastirma_grubu_scope[okul]" time="0.005" /><testcase classname="tests.unit.test_enums.TestKarsilastirmaGrubu" name="test_karsilastirma_grubu_scope[ulusal]" time="0.005" /><testcase classname="tests.unit.test_enums.TestKarsilastirmaGrubu" name="test_karsilastirma_grubu_ordering" time="0.005" /><testcase classname="tests.unit.test_enums.TestKarsilastirmaGrubu" name="test_karsilastirma_grubu_from_string" time="0.005" /><testcase classname="tests.unit.test_enums.TestEnumInteroperability" name="test_enum_string_comparison" time="0.006" /><testcase classname="tests.unit.test_enums.TestEnumInteroperability" name="test_enum_in_list" time="0.006" /><testcase classname="tests.unit.test_enums.TestEnumInteroperability" name="test_enum_in_dict" time="0.006" /><testcase classname="tests.unit.test_enums.TestEnumInteroperability" name="test_enum_json_serialization" time="0.006" /><testcase classname="tests.unit.test_enums.TestEnumEdgeCases" name="test_invalid_enum_creation" time="0.006" /><testcase classname="tests.unit.test_enums.TestEnumEdgeCases" name="test_enum_case_sensitivity" time="0.006" /><testcase classname="tests.unit.test_enums.TestEnumEdgeCases" name="test_enum_immutability" time="0.007" /><testcase classname="tests.unit.test_enums.TestEnumEdgeCases" name="test_enum_uniqueness" time="0.007" /></testsuite></testsuites>